<?xml version="1.0" encoding="UTF-8"?>
<coverage generated="1783577307434" clover="3.2.0">
  <project timestamp="1783577307435" name="All files">
    <metrics statements="951" coveredstatements="627" conditionals="653" coveredconditionals="338" methods="248" coveredmethods="169" elements="1852" coveredelements="1134" complexity="0" loc="951" ncloc="951" packages="7" files="26" classes="26"/>
    <package name="api">
      <metrics statements="24" coveredstatements="24" conditionals="14" coveredconditionals="13" methods="1" coveredmethods="1"/>
      <file name="vend.ts" path="C:\Users\I587436\projects\workproof\app\api\vend.ts">
        <metrics statements="24" coveredstatements="24" conditionals="14" coveredconditionals="13" methods="1" coveredmethods="1"/>
        <line num="22" count="1" type="stmt"/>
        <line num="23" count="1" type="stmt"/>
        <line num="40" count="10" type="stmt"/>
        <line num="42" count="10" type="cond" truecount="4" falsecount="0"/>
        <line num="43" count="1" type="stmt"/>
        <line num="44" count="1" type="stmt"/>
        <line num="47" count="9" type="stmt"/>
        <line num="48" count="9" type="cond" truecount="2" falsecount="0"/>
        <line num="49" count="9" type="cond" truecount="4" falsecount="0"/>
        <line num="50" count="3" type="stmt"/>
        <line num="51" count="3" type="stmt"/>
        <line num="54" count="6" type="stmt"/>
        <line num="55" count="6" type="cond" truecount="2" falsecount="0"/>
        <line num="56" count="1" type="stmt"/>
        <line num="57" count="1" type="stmt"/>
        <line num="60" count="5" type="stmt"/>
        <line num="61" count="5" type="stmt"/>
        <line num="65" count="4" type="stmt"/>
        <line num="66" count="4" type="stmt"/>
        <line num="67" count="4" type="stmt"/>
        <line num="68" count="4" type="stmt"/>
        <line num="70" count="1" type="stmt"/>
        <line num="73" count="1" type="cond" truecount="1" falsecount="1"/>
        <line num="74" count="1" type="stmt"/>
      </file>
    </package>
    <package name="src.assets">
      <metrics statements="3" coveredstatements="3" conditionals="0" coveredconditionals="0" methods="0" coveredmethods="0"/>
      <file name="peggy-family-doodle.png" path="C:\Users\I587436\projects\workproof\app\src\assets\peggy-family-doodle.png">
        <metrics statements="1" coveredstatements="1" conditionals="0" coveredconditionals="0" methods="0" coveredmethods="0"/>
        <line num="1" count="6" type="stmt"/>
      </file>
      <file name="peggy-mom-doodle.png" path="C:\Users\I587436\projects\workproof\app\src\assets\peggy-mom-doodle.png">
        <metrics statements="1" coveredstatements="1" conditionals="0" coveredconditionals="0" methods="0" coveredmethods="0"/>
        <line num="1" count="6" type="stmt"/>
      </file>
      <file name="peggy-paper-plane.png" path="C:\Users\I587436\projects\workproof\app\src\assets\peggy-paper-plane.png">
        <metrics statements="1" coveredstatements="1" conditionals="0" coveredconditionals="0" methods="0" coveredmethods="0"/>
        <line num="1" count="6" type="stmt"/>
      </file>
    </package>
    <package name="src.components">
      <metrics statements="208" coveredstatements="180" conditionals="163" coveredconditionals="132" methods="46" coveredmethods="37"/>
      <file name="Button.tsx" path="C:\Users\I587436\projects\workproof\app\src\components\Button.tsx">
        <metrics statements="45" coveredstatements="34" conditionals="41" coveredconditionals="32" methods="12" coveredmethods="8"/>
        <line num="44" count="6" type="stmt"/>
        <line num="46" count="6" type="stmt"/>
        <line num="60" count="107" type="stmt"/>
        <line num="61" count="107" type="stmt"/>
        <line num="62" count="107" type="stmt"/>
        <line num="63" count="107" type="cond" truecount="2" falsecount="0"/>
        <line num="64" count="107" type="stmt"/>
        <line num="65" count="107" type="stmt"/>
        <line num="70" count="107" type="stmt"/>
        <line num="71" count="77" type="stmt"/>
        <line num="74" count="107" type="stmt"/>
        <line num="75" count="0" type="cond" truecount="0" falsecount="2"/>
        <line num="76" count="0" type="stmt"/>
        <line num="77" count="0" type="stmt"/>
        <line num="79" count="0" type="stmt"/>
        <line num="80" count="0" type="stmt"/>
        <line num="86" count="0" type="stmt"/>
        <line num="87" count="0" type="stmt"/>
        <line num="88" count="0" type="cond" truecount="0" falsecount="4"/>
        <line num="89" count="0" type="stmt"/>
        <line num="94" count="107" type="stmt"/>
        <line num="95" count="77" type="stmt"/>
        <line num="96" count="77" type="stmt"/>
        <line num="100" count="107" type="cond" truecount="2" falsecount="0"/>
        <line num="106" count="107" type="stmt"/>
        <line num="107" count="29" type="cond" truecount="3" falsecount="1"/>
        <line num="108" count="29" type="cond" truecount="4" falsecount="0"/>
        <line num="109" count="4" type="stmt"/>
        <line num="110" count="25" type="cond" truecount="2" falsecount="0"/>
        <line num="111" count="3" type="stmt"/>
        <line num="113" count="22" type="stmt"/>
        <line num="115" count="29" type="stmt"/>
        <line num="118" count="107" type="stmt"/>
        <line num="120" count="77" type="stmt"/>
        <line num="148" count="107" type="stmt"/>
        <line num="149" count="107" type="stmt"/>
        <line num="150" count="77" type="stmt"/>
        <line num="154" count="107" type="stmt"/>
        <line num="155" count="107" type="stmt"/>
        <line num="160" count="107" type="cond" truecount="4" falsecount="0"/>
        <line num="161" count="107" type="cond" truecount="1" falsecount="1"/>
        <line num="162" count="107" type="stmt"/>
        <line num="165" count="107" type="stmt"/>
        <line num="170" count="0" type="stmt"/>
        <line num="171" count="0" type="stmt"/>
      </file>
      <file name="Card.tsx" path="C:\Users\I587436\projects\workproof\app\src\components\Card.tsx">
        <metrics statements="56" coveredstatements="42" conditionals="32" coveredconditionals="21" methods="12" coveredmethods="8"/>
        <line num="47" count="6" type="stmt"/>
        <line num="48" count="6" type="stmt"/>
        <line num="49" count="6" type="stmt"/>
        <line num="50" count="6" type="stmt"/>
        <line num="52" count="6" type="stmt"/>
        <line num="68" count="146" type="stmt"/>
        <line num="69" count="146" type="stmt"/>
        <line num="70" count="146" type="stmt"/>
        <line num="71" count="146" type="stmt"/>
        <line num="77" count="146" type="stmt"/>
        <line num="78" count="146" type="stmt"/>
        <line num="80" count="146" type="stmt"/>
        <line num="81" count="0" type="cond" truecount="0" falsecount="2"/>
        <line num="82" count="0" type="stmt"/>
        <line num="83" count="0" type="stmt"/>
        <line num="85" count="0" type="stmt"/>
        <line num="86" count="0" type="stmt"/>
        <line num="91" count="0" type="stmt"/>
        <line num="92" count="0" type="stmt"/>
        <line num="93" count="0" type="cond" truecount="0" falsecount="4"/>
        <line num="94" count="0" type="stmt"/>
        <line num="99" count="146" type="stmt"/>
        <line num="100" count="120" type="stmt"/>
        <line num="101" count="120" type="stmt"/>
        <line num="105" count="146" type="cond" truecount="4" falsecount="1"/>
        <line num="110" count="0" type="stmt"/>
        <line num="113" count="146" type="stmt"/>
        <line num="115" count="120" type="stmt"/>
        <line num="169" count="146" type="stmt"/>
        <line num="171" count="146" type="stmt"/>
        <line num="172" count="146" type="cond" truecount="2" falsecount="0"/>
        <line num="174" count="21" type="cond" truecount="2" falsecount="0"/>
        <line num="177" count="21" type="stmt"/>
        <line num="178" count="21" type="stmt"/>
        <line num="179" count="26" type="stmt"/>
        <line num="181" count="21" type="stmt"/>
        <line num="194" count="146" type="stmt"/>
        <line num="195" count="2" type="cond" truecount="1" falsecount="1"/>
        <line num="196" count="2" type="stmt"/>
        <line num="197" count="2" type="cond" truecount="1" falsecount="1"/>
        <line num="201" count="146" type="stmt"/>
        <line num="207" count="146" type="cond" truecount="2" falsecount="0"/>
        <line num="208" count="34" type="stmt"/>
        <line num="209" count="34" type="stmt"/>
        <line num="214" count="34" type="cond" truecount="1" falsecount="1"/>
        <line num="215" count="0" type="stmt"/>
        <line num="216" count="0" type="stmt"/>
        <line num="218" count="34" type="cond" truecount="2" falsecount="0"/>
        <line num="219" count="34" type="stmt"/>
        <line num="222" count="34" type="stmt"/>
        <line num="225" count="4" type="stmt"/>
        <line num="226" count="4" type="stmt"/>
        <line num="229" count="34" type="stmt"/>
        <line num="233" count="0" type="stmt"/>
        <line num="234" count="0" type="stmt"/>
        <line num="248" count="112" type="stmt"/>
      </file>
      <file name="Chip.tsx" path="C:\Users\I587436\projects\workproof\app\src\components\Chip.tsx">
        <metrics statements="21" coveredstatements="20" conditionals="27" coveredconditionals="24" methods="4" coveredmethods="4"/>
        <line num="43" count="7" type="stmt"/>
        <line num="55" count="62" type="stmt"/>
        <line num="56" count="62" type="stmt"/>
        <line num="58" count="62" type="stmt"/>
        <line num="60" count="54" type="stmt"/>
        <line num="86" count="62" type="cond" truecount="2" falsecount="0"/>
        <line num="88" count="62" type="cond" truecount="2" falsecount="0"/>
        <line num="93" count="9" type="cond" truecount="2" falsecount="0"/>
        <line num="95" count="9" type="stmt"/>
        <line num="96" count="9" type="stmt"/>
        <line num="97" count="9" type="cond" truecount="2" falsecount="0"/>
        <line num="98" count="9" type="cond" truecount="1" falsecount="1"/>
        <line num="99" count="9" type="cond" truecount="1" falsecount="1"/>
        <line num="100" count="9" type="stmt"/>
        <line num="106" count="9" type="stmt"/>
        <line num="107" count="1" type="cond" truecount="1" falsecount="1"/>
        <line num="108" count="0" type="stmt"/>
        <line num="110" count="1" type="stmt"/>
        <line num="112" count="1" type="stmt"/>
        <line num="115" count="9" type="stmt"/>
        <line num="131" count="53" type="stmt"/>
      </file>
      <file name="Doodle.tsx" path="C:\Users\I587436\projects\workproof\app\src\components\Doodle.tsx">
        <metrics statements="9" coveredstatements="9" conditionals="9" coveredconditionals="9" methods="2" coveredmethods="2"/>
        <line num="26" count="6" type="stmt"/>
        <line num="32" count="6" type="stmt"/>
        <line num="40" count="27" type="stmt"/>
        <line num="41" count="27" type="stmt"/>
        <line num="43" count="27" type="cond" truecount="4" falsecount="0"/>
        <line num="45" count="1" type="stmt"/>
        <line num="50" count="27" type="stmt"/>
        <line num="51" count="27" type="stmt"/>
        <line num="55" count="27" type="stmt"/>
      </file>
      <file name="MarkerUnderline.tsx" path="C:\Users\I587436\projects\workproof\app\src\components\MarkerUnderline.tsx">
        <metrics statements="11" coveredstatements="11" conditionals="6" coveredconditionals="5" methods="2" coveredmethods="2"/>
        <line num="27" count="6" type="stmt"/>
        <line num="28" count="6" type="stmt"/>
        <line num="29" count="6" type="stmt"/>
        <line num="36" count="39" type="stmt"/>
        <line num="38" count="39" type="cond" truecount="2" falsecount="0"/>
        <line num="42" count="39" type="cond" truecount="2" falsecount="0"/>
        <line num="45" count="39" type="stmt"/>
        <line num="46" count="39" type="stmt"/>
        <line num="51" count="39" type="stmt"/>
        <line num="53" count="34" type="stmt"/>
        <line num="74" count="39" type="stmt"/>
      </file>
      <file name="PaperPlane.tsx" path="C:\Users\I587436\projects\workproof\app\src\components\PaperPlane.tsx">
        <metrics statements="24" coveredstatements="24" conditionals="25" coveredconditionals="22" methods="2" coveredmethods="2"/>
        <line num="27" count="6" type="stmt"/>
        <line num="28" count="6" type="stmt"/>
        <line num="29" count="6" type="stmt"/>
        <line num="30" count="6" type="stmt"/>
        <line num="31" count="6" type="stmt"/>
        <line num="32" count="6" type="stmt"/>
        <line num="33" count="6" type="stmt"/>
        <line num="34" count="6" type="stmt"/>
        <line num="37" count="6" type="stmt"/>
        <line num="39" count="6" type="stmt"/>
        <line num="49" count="28" type="stmt"/>
        <line num="51" count="28" type="cond" truecount="1" falsecount="1"/>
        <line num="52" count="28" type="cond" truecount="4" falsecount="0"/>
        <line num="54" count="3" type="stmt"/>
        <line num="58" count="28" type="cond" truecount="5" falsecount="0"/>
        <line num="60" count="3" type="stmt"/>
        <line num="66" count="28" type="stmt"/>
        <line num="67" count="28" type="stmt"/>
        <line num="68" count="28" type="stmt"/>
        <line num="72" count="28" type="cond" truecount="2" falsecount="0"/>
        <line num="75" count="28" type="stmt"/>
        <line num="77" count="28" type="stmt"/>
        <line num="78" count="28" type="stmt"/>
        <line num="85" count="28" type="stmt"/>
      </file>
      <file name="ScreenScaffold.tsx" path="C:\Users\I587436\projects\workproof\app\src\components\ScreenScaffold.tsx">
        <metrics statements="4" coveredstatements="4" conditionals="6" coveredconditionals="6" methods="2" coveredmethods="2"/>
        <line num="51" count="74" type="stmt"/>
        <line num="53" count="74" type="stmt"/>
        <line num="55" count="50" type="stmt"/>
        <line num="73" count="74" type="stmt"/>
      </file>
      <file name="SegmentedTabs.tsx" path="C:\Users\I587436\projects\workproof\app\src\components\SegmentedTabs.tsx">
        <metrics statements="38" coveredstatements="36" conditionals="17" coveredconditionals="13" methods="10" coveredmethods="9"/>
        <line num="47" count="6" type="stmt"/>
        <line num="48" count="6" type="stmt"/>
        <line num="57" count="29" type="stmt"/>
        <line num="58" count="29" type="stmt"/>
        <line num="59" count="29" type="stmt"/>
        <line num="60" count="29" type="stmt"/>
        <line num="61" count="29" type="stmt"/>
        <line num="63" count="43" type="stmt"/>
        <line num="69" count="29" type="stmt"/>
        <line num="74" count="29" type="stmt"/>
        <line num="75" count="29" type="stmt"/>
        <line num="77" count="29" type="stmt"/>
        <line num="78" count="28" type="stmt"/>
        <line num="79" count="28" type="cond" truecount="2" falsecount="0"/>
        <line num="80" count="2" type="stmt"/>
        <line num="81" count="2" type="stmt"/>
        <line num="82" count="2" type="stmt"/>
        <line num="84" count="26" type="stmt"/>
        <line num="90" count="26" type="stmt"/>
        <line num="91" count="26" type="stmt"/>
        <line num="92" count="26" type="stmt"/>
        <line num="95" count="29" type="stmt"/>
        <line num="97" count="20" type="stmt"/>
        <line num="133" count="29" type="stmt"/>
        <line num="134" count="29" type="stmt"/>
        <line num="138" count="29" type="stmt"/>
        <line num="139" count="87" type="stmt"/>
        <line num="140" count="87" type="stmt"/>
        <line num="143" count="29" type="stmt"/>
        <line num="144" count="0" type="stmt"/>
        <line num="145" count="0" type="cond" truecount="0" falsecount="2"/>
        <line num="152" count="29" type="cond" truecount="2" falsecount="0"/>
        <line num="154" count="29" type="stmt"/>
        <line num="172" count="87" type="stmt"/>
        <line num="173" count="87" type="stmt"/>
        <line num="179" count="6" type="cond" truecount="2" falsecount="0"/>
        <line num="180" count="5" type="stmt"/>
        <line num="181" count="5" type="stmt"/>
      </file>
      <file name="index.ts" path="C:\Users\I587436\projects\workproof\app\src\components\index.ts">
        <metrics statements="0" coveredstatements="0" conditionals="0" coveredconditionals="0" methods="0" coveredmethods="0"/>
      </file>
    </package>
    <package name="src.screens">
      <metrics statements="597" coveredstatements="319" conditionals="408" coveredconditionals="154" methods="153" coveredmethods="88"/>
      <file name="History.tsx" path="C:\Users\I587436\projects\workproof\app\src\screens\History.tsx">
        <metrics statements="37" coveredstatements="37" conditionals="26" coveredconditionals="20" methods="19" coveredmethods="19"/>
        <line num="43" count="1" type="stmt"/>
        <line num="51" count="3" type="stmt"/>
        <line num="54" count="4" type="stmt"/>
        <line num="66" count="1" type="stmt"/>
        <line num="82" count="17" type="stmt"/>
        <line num="83" count="17" type="stmt"/>
        <line num="84" count="17" type="stmt"/>
        <line num="85" count="17" type="stmt"/>
        <line num="86" count="17" type="stmt"/>
        <line num="87" count="17" type="stmt"/>
        <line num="88" count="17" type="stmt"/>
        <line num="89" count="17" type="stmt"/>
        <line num="91" count="17" type="stmt"/>
        <line num="92" count="17" type="cond" truecount="2" falsecount="0"/>
        <line num="93" count="4" type="cond" truecount="2" falsecount="0"/>
        <line num="94" count="3" type="stmt"/>
        <line num="100" count="17" type="stmt"/>
        <line num="101" count="1" type="stmt"/>
        <line num="102" count="1" type="stmt"/>
        <line num="105" count="17" type="stmt"/>
        <line num="107" count="12" type="stmt"/>
        <line num="221" count="17" type="stmt"/>
        <line num="222" count="22" type="stmt"/>
        <line num="223" count="22" type="cond" truecount="2" falsecount="0"/>
        <line num="224" count="22" type="cond" truecount="2" falsecount="0"/>
        <line num="226" count="22" type="cond" truecount="1" falsecount="1"/>
        <line num="230" count="22" type="stmt"/>
        <line num="233" count="2" type="stmt"/>
        <line num="283" count="17" type="stmt"/>
        <line num="285" count="4" type="cond" truecount="2" falsecount="0"/>
        <line num="286" count="1" type="stmt"/>
        <line num="293" count="3" type="stmt"/>
        <line num="294" count="3" type="stmt"/>
        <line num="306" count="17" type="stmt"/>
        <line num="327" count="4" type="cond" truecount="1" falsecount="1"/>
        <line num="353" count="34" type="stmt"/>
        <line num="355" count="9" type="stmt"/>
      </file>
      <file name="Home.tsx" path="C:\Users\I587436\projects\workproof\app\src\screens\Home.tsx">
        <metrics statements="32" coveredstatements="27" conditionals="19" coveredconditionals="16" methods="15" coveredmethods="13"/>
        <line num="45" count="1" type="stmt"/>
        <line num="46" count="1" type="stmt"/>
        <line num="47" count="1" type="stmt"/>
        <line num="50" count="9" type="stmt"/>
        <line num="51" count="9" type="stmt"/>
        <line num="52" count="7" type="stmt"/>
        <line num="53" count="7" type="cond" truecount="3" falsecount="0"/>
        <line num="58" count="9" type="stmt"/>
        <line num="62" count="9" type="stmt"/>
        <line num="63" count="9" type="stmt"/>
        <line num="64" count="9" type="stmt"/>
        <line num="68" count="9" type="stmt"/>
        <line num="70" count="9" type="stmt"/>
        <line num="76" count="9" type="stmt"/>
        <line num="77" count="0" type="stmt"/>
        <line num="78" count="0" type="stmt"/>
        <line num="79" count="0" type="stmt"/>
        <line num="81" count="0" type="stmt"/>
        <line num="85" count="9" type="stmt"/>
        <line num="86" count="9" type="stmt"/>
        <line num="87" count="9" type="stmt"/>
        <line num="89" count="9" type="stmt"/>
        <line num="91" count="9" type="stmt"/>
        <line num="207" count="9" type="stmt"/>
        <line num="219" count="9" type="stmt"/>
        <line num="220" count="2" type="stmt"/>
        <line num="223" count="9" type="stmt"/>
        <line num="225" count="9" type="stmt"/>
        <line num="305" count="0" type="stmt"/>
        <line num="320" count="7" type="stmt"/>
        <line num="321" count="7" type="stmt"/>
        <line num="325" count="1" type="stmt"/>
      </file>
      <file name="LogWork.tsx" path="C:\Users\I587436\projects\workproof\app\src\screens\LogWork.tsx">
        <metrics statements="325" coveredstatements="106" conditionals="219" coveredconditionals="37" methods="74" coveredmethods="18"/>
        <line num="77" count="1" type="stmt"/>
        <line num="78" count="1" type="stmt"/>
        <line num="81" count="0" type="stmt"/>
        <line num="82" count="0" type="stmt"/>
        <line num="83" count="0" type="stmt"/>
        <line num="84" count="0" type="stmt"/>
        <line num="105" count="8" type="stmt"/>
        <line num="106" count="8" type="stmt"/>
        <line num="107" count="8" type="cond" truecount="1" falsecount="1"/>
        <line num="108" count="8" type="stmt"/>
        <line num="112" count="8" type="stmt"/>
        <line num="114" count="8" type="stmt"/>
        <line num="115" count="4" type="stmt"/>
        <line num="118" count="8" type="stmt"/>
        <line num="119" count="0" type="cond" truecount="0" falsecount="2"/>
        <line num="120" count="0" type="stmt"/>
        <line num="121" count="0" type="stmt"/>
        <line num="123" count="0" type="stmt"/>
        <line num="124" count="0" type="stmt"/>
        <line num="129" count="0" type="stmt"/>
        <line num="130" count="0" type="stmt"/>
        <line num="131" count="0" type="cond" truecount="0" falsecount="4"/>
        <line num="132" count="0" type="stmt"/>
        <line num="139" count="8" type="stmt"/>
        <line num="140" count="4" type="stmt"/>
        <line num="141" count="4" type="stmt"/>
        <line num="149" count="8" type="stmt"/>
        <line num="150" count="8" type="stmt"/>
        <line num="151" count="4" type="cond" truecount="1" falsecount="1"/>
        <line num="152" count="4" type="stmt"/>
        <line num="153" count="4" type="stmt"/>
        <line num="155" count="0" type="stmt"/>
        <line num="156" count="0" type="cond" truecount="0" falsecount="2"/>
        <line num="157" count="0" type="stmt"/>
        <line num="158" count="0" type="stmt"/>
        <line num="164" count="8" type="stmt"/>
        <line num="166" count="4" type="stmt"/>
        <line num="195" count="8" type="stmt"/>
        <line num="196" count="4" type="stmt"/>
        <line num="200" count="8" type="stmt"/>
        <line num="201" count="8" type="stmt"/>
        <line num="205" count="8" type="cond" truecount="1" falsecount="1"/>
        <line num="206" count="8" type="stmt"/>
        <line num="209" count="8" type="stmt"/>
        <line num="213" count="0" type="stmt"/>
        <line num="214" count="0" type="stmt"/>
        <line num="256" count="0" type="stmt"/>
        <line num="257" count="0" type="stmt"/>
        <line num="259" count="0" type="stmt"/>
        <line num="261" count="0" type="stmt"/>
        <line num="293" count="0" type="stmt"/>
        <line num="304" count="0" type="stmt"/>
        <line num="305" count="0" type="stmt"/>
        <line num="316" count="8" type="stmt"/>
        <line num="317" count="8" type="stmt"/>
        <line num="320" count="8" type="stmt"/>
        <line num="324" count="8" type="stmt"/>
        <line num="325" count="8" type="stmt"/>
        <line num="328" count="8" type="stmt"/>
        <line num="329" count="8" type="stmt"/>
        <line num="330" count="8" type="stmt"/>
        <line num="333" count="8" type="stmt"/>
        <line num="334" count="8" type="stmt"/>
        <line num="335" count="8" type="stmt"/>
        <line num="336" count="8" type="stmt"/>
        <line num="337" count="8" type="stmt"/>
        <line num="340" count="8" type="stmt"/>
        <line num="343" count="8" type="stmt"/>
        <line num="352" count="8" type="stmt"/>
        <line num="353" count="8" type="stmt"/>
        <line num="354" count="8" type="stmt"/>
        <line num="357" count="8" type="stmt"/>
        <line num="358" count="8" type="stmt"/>
        <line num="359" count="8" type="stmt"/>
        <line num="363" count="8" type="stmt"/>
        <line num="369" count="8" type="stmt"/>
        <line num="370" count="8" type="stmt"/>
        <line num="371" count="8" type="stmt"/>
        <line num="375" count="8" type="stmt"/>
        <line num="382" count="8" type="cond" truecount="9" falsecount="0"/>
        <line num="392" count="8" type="stmt"/>
        <line num="396" count="4" type="cond" truecount="1" falsecount="1"/>
        <line num="397" count="4" type="stmt"/>
        <line num="398" count="0" type="cond" truecount="0" falsecount="2"/>
        <line num="399" count="0" type="stmt"/>
        <line num="400" count="0" type="stmt"/>
        <line num="408" count="0" type="stmt"/>
        <line num="413" count="4" type="stmt"/>
        <line num="420" count="8" type="stmt"/>
        <line num="421" count="4" type="stmt"/>
        <line num="422" count="4" type="stmt"/>
        <line num="423" count="4" type="stmt"/>
        <line num="424" count="4" type="stmt"/>
        <line num="425" count="4" type="cond" truecount="1" falsecount="1"/>
        <line num="430" count="4" type="stmt"/>
        <line num="431" count="4" type="stmt"/>
        <line num="436" count="8" type="stmt"/>
        <line num="437" count="4" type="cond" truecount="2" falsecount="2"/>
        <line num="438" count="4" type="stmt"/>
        <line num="439" count="4" type="stmt"/>
        <line num="440" count="4" type="stmt"/>
        <line num="442" count="0" type="stmt"/>
        <line num="458" count="0" type="stmt"/>
        <line num="459" count="0" type="stmt"/>
        <line num="460" count="0" type="stmt"/>
        <line num="461" count="0" type="stmt"/>
        <line num="466" count="8" type="stmt"/>
        <line num="467" count="4" type="stmt"/>
        <line num="468" count="4" type="stmt"/>
        <line num="469" count="4" type="cond" truecount="1" falsecount="1"/>
        <line num="470" count="4" type="stmt"/>
        <line num="471" count="4" type="cond" truecount="1" falsecount="1"/>
        <line num="473" count="0" type="stmt"/>
        <line num="477" count="4" type="stmt"/>
        <line num="481" count="8" type="stmt"/>
        <line num="482" count="0" type="cond" truecount="0" falsecount="4"/>
        <line num="483" count="0" type="stmt"/>
        <line num="484" count="0" type="stmt"/>
        <line num="485" count="0" type="cond" truecount="0" falsecount="2"/>
        <line num="486" count="0" type="stmt"/>
        <line num="487" count="0" type="stmt"/>
        <line num="488" count="0" type="cond" truecount="0" falsecount="2"/>
        <line num="489" count="0" type="stmt"/>
        <line num="490" count="0" type="cond" truecount="0" falsecount="2"/>
        <line num="491" count="0" type="stmt"/>
        <line num="492" count="0" type="stmt"/>
        <line num="497" count="0" type="stmt"/>
        <line num="500" count="0" type="stmt"/>
        <line num="503" count="0" type="stmt"/>
        <line num="506" count="0" type="stmt"/>
        <line num="507" count="0" type="stmt"/>
        <line num="513" count="0" type="stmt"/>
        <line num="514" count="0" type="stmt"/>
        <line num="515" count="0" type="stmt"/>
        <line num="518" count="0" type="cond" truecount="0" falsecount="2"/>
        <line num="519" count="0" type="stmt"/>
        <line num="520" count="0" type="stmt"/>
        <line num="522" count="0" type="stmt"/>
        <line num="523" count="0" type="cond" truecount="0" falsecount="2"/>
        <line num="524" count="0" type="stmt"/>
        <line num="525" count="0" type="stmt"/>
        <line num="527" count="0" type="stmt"/>
        <line num="528" count="0" type="stmt"/>
        <line num="529" count="0" type="cond" truecount="0" falsecount="2"/>
        <line num="530" count="0" type="stmt"/>
        <line num="531" count="0" type="stmt"/>
        <line num="533" count="0" type="stmt"/>
        <line num="534" count="0" type="stmt"/>
        <line num="536" count="0" type="stmt"/>
        <line num="542" count="0" type="stmt"/>
        <line num="543" count="0" type="stmt"/>
        <line num="544" count="0" type="cond" truecount="0" falsecount="2"/>
        <line num="545" count="0" type="stmt"/>
        <line num="547" count="0" type="cond" truecount="0" falsecount="2"/>
        <line num="548" count="0" type="stmt"/>
        <line num="549" count="0" type="stmt"/>
        <line num="551" count="0" type="cond" truecount="0" falsecount="2"/>
        <line num="554" count="0" type="stmt"/>
        <line num="558" count="8" type="stmt"/>
        <line num="559" count="0" type="stmt"/>
        <line num="560" count="0" type="cond" truecount="0" falsecount="2"/>
        <line num="561" count="0" type="stmt"/>
        <line num="562" count="0" type="stmt"/>
        <line num="563" count="0" type="stmt"/>
        <line num="564" count="0" type="cond" truecount="0" falsecount="2"/>
        <line num="571" count="0" type="stmt"/>
        <line num="572" count="0" type="stmt"/>
        <line num="579" count="0" type="cond" truecount="0" falsecount="2"/>
        <line num="580" count="0" type="stmt"/>
        <line num="581" count="0" type="stmt"/>
        <line num="583" count="0" type="stmt"/>
        <line num="584" count="0" type="cond" truecount="0" falsecount="2"/>
        <line num="587" count="8" type="stmt"/>
        <line num="588" count="0" type="cond" truecount="0" falsecount="2"/>
        <line num="589" count="0" type="stmt"/>
        <line num="590" count="0" type="cond" truecount="0" falsecount="2"/>
        <line num="591" count="0" type="stmt"/>
        <line num="596" count="8" type="stmt"/>
        <line num="597" count="0" type="cond" truecount="0" falsecount="2"/>
        <line num="598" count="0" type="stmt"/>
        <line num="599" count="0" type="cond" truecount="0" falsecount="2"/>
        <line num="600" count="0" type="stmt"/>
        <line num="601" count="0" type="stmt"/>
        <line num="606" count="0" type="stmt"/>
        <line num="609" count="0" type="stmt"/>
        <line num="612" count="0" type="stmt"/>
        <line num="615" count="8" type="stmt"/>
        <line num="616" count="0" type="stmt"/>
        <line num="617" count="0" type="cond" truecount="0" falsecount="4"/>
        <line num="618" count="0" type="cond" truecount="0" falsecount="2"/>
        <line num="619" count="0" type="stmt"/>
        <line num="620" count="0" type="stmt"/>
        <line num="621" count="0" type="stmt"/>
        <line num="622" count="0" type="stmt"/>
        <line num="623" count="0" type="cond" truecount="0" falsecount="2"/>
        <line num="624" count="0" type="cond" truecount="0" falsecount="2"/>
        <line num="628" count="0" type="stmt"/>
        <line num="629" count="0" type="cond" truecount="0" falsecount="2"/>
        <line num="633" count="8" type="stmt"/>
        <line num="634" count="0" type="stmt"/>
        <line num="637" count="8" type="stmt"/>
        <line num="638" count="0" type="stmt"/>
        <line num="639" count="0" type="stmt"/>
        <line num="640" count="0" type="stmt"/>
        <line num="643" count="0" type="stmt"/>
        <line num="644" count="0" type="cond" truecount="0" falsecount="2"/>
        <line num="647" count="0" type="stmt"/>
        <line num="648" count="0" type="cond" truecount="0" falsecount="2"/>
        <line num="649" count="0" type="cond" truecount="0" falsecount="2"/>
        <line num="650" count="0" type="cond" truecount="0" falsecount="2"/>
        <line num="651" count="0" type="cond" truecount="0" falsecount="2"/>
        <line num="652" count="0" type="cond" truecount="0" falsecount="2"/>
        <line num="653" count="0" type="cond" truecount="0" falsecount="2"/>
        <line num="654" count="0" type="stmt"/>
        <line num="655" count="0" type="cond" truecount="0" falsecount="2"/>
        <line num="656" count="0" type="stmt"/>
        <line num="658" count="0" type="cond" truecount="0" falsecount="2"/>
        <line num="659" count="0" type="stmt"/>
        <line num="663" count="0" type="cond" truecount="0" falsecount="2"/>
        <line num="664" count="0" type="stmt"/>
        <line num="667" count="0" type="stmt"/>
        <line num="672" count="0" type="cond" truecount="0" falsecount="2"/>
        <line num="673" count="0" type="stmt"/>
        <line num="676" count="8" type="stmt"/>
        <line num="677" count="0" type="cond" truecount="0" falsecount="2"/>
        <line num="678" count="0" type="cond" truecount="0" falsecount="2"/>
        <line num="679" count="0" type="stmt"/>
        <line num="680" count="0" type="stmt"/>
        <line num="682" count="0" type="stmt"/>
        <line num="690" count="0" type="stmt"/>
        <line num="691" count="0" type="cond" truecount="0" falsecount="2"/>
        <line num="694" count="0" type="stmt"/>
        <line num="695" count="0" type="cond" truecount="0" falsecount="2"/>
        <line num="698" count="0" type="stmt"/>
        <line num="699" count="0" type="stmt"/>
        <line num="700" count="0" type="cond" truecount="0" falsecount="2"/>
        <line num="701" count="0" type="cond" truecount="0" falsecount="2"/>
        <line num="702" count="0" type="stmt"/>
        <line num="721" count="0" type="stmt"/>
        <line num="722" count="0" type="cond" truecount="0" falsecount="2"/>
        <line num="723" count="0" type="stmt"/>
        <line num="729" count="0" type="stmt"/>
        <line num="730" count="0" type="cond" truecount="0" falsecount="2"/>
        <line num="733" count="0" type="stmt"/>
        <line num="735" count="0" type="cond" truecount="0" falsecount="2"/>
        <line num="736" count="0" type="stmt"/>
        <line num="737" count="0" type="stmt"/>
        <line num="739" count="0" type="stmt"/>
        <line num="740" count="0" type="stmt"/>
        <line num="746" count="0" type="stmt"/>
        <line num="747" count="0" type="stmt"/>
        <line num="748" count="0" type="cond" truecount="0" falsecount="2"/>
        <line num="749" count="0" type="cond" truecount="0" falsecount="2"/>
        <line num="750" count="0" type="stmt"/>
        <line num="754" count="0" type="cond" truecount="0" falsecount="2"/>
        <line num="757" count="0" type="stmt"/>
        <line num="758" count="0" type="cond" truecount="0" falsecount="2"/>
        <line num="759" count="0" type="stmt"/>
        <line num="760" count="0" type="stmt"/>
        <line num="763" count="0" type="stmt"/>
        <line num="780" count="8" type="cond" truecount="2" falsecount="1"/>
        <line num="782" count="8" type="cond" truecount="2" falsecount="1"/>
        <line num="783" count="8" type="cond" truecount="2" falsecount="0"/>
        <line num="785" count="8" type="stmt"/>
        <line num="787" count="4" type="stmt"/>
        <line num="895" count="8" type="stmt"/>
        <line num="896" count="0" type="stmt"/>
        <line num="906" count="0" type="stmt"/>
        <line num="916" count="8" type="stmt"/>
        <line num="917" count="8" type="stmt"/>
        <line num="931" count="8" type="stmt"/>
        <line num="932" count="0" type="stmt"/>
        <line num="936" count="0" type="stmt"/>
        <line num="940" count="0" type="stmt"/>
        <line num="981" count="8" type="stmt"/>
        <line num="985" count="0" type="stmt"/>
        <line num="986" count="0" type="stmt"/>
        <line num="987" count="0" type="stmt"/>
        <line num="988" count="0" type="stmt"/>
        <line num="991" count="8" type="stmt"/>
        <line num="992" count="0" type="stmt"/>
        <line num="1018" count="0" type="stmt"/>
        <line num="1027" count="8" type="stmt"/>
        <line num="1028" count="0" type="stmt"/>
        <line num="1053" count="0" type="stmt"/>
        <line num="1063" count="0" type="stmt"/>
        <line num="1076" count="0" type="stmt"/>
        <line num="1083" count="0" type="stmt"/>
        <line num="1090" count="0" type="stmt"/>
        <line num="1101" count="8" type="stmt"/>
        <line num="1102" count="0" type="stmt"/>
        <line num="1117" count="8" type="stmt"/>
        <line num="1118" count="0" type="stmt"/>
        <line num="1141" count="0" type="stmt"/>
        <line num="1146" count="0" type="stmt"/>
        <line num="1153" count="0" type="stmt"/>
        <line num="1158" count="0" type="stmt"/>
        <line num="1177" count="0" type="stmt"/>
        <line num="1186" count="0" type="stmt"/>
        <line num="1187" count="0" type="stmt"/>
        <line num="1195" count="0" type="stmt"/>
        <line num="1213" count="8" type="stmt"/>
        <line num="1214" count="0" type="stmt"/>
        <line num="1218" count="0" type="stmt"/>
        <line num="1222" count="0" type="stmt"/>
        <line num="1226" count="0" type="stmt"/>
        <line num="1257" count="8" type="cond" truecount="2" falsecount="3"/>
        <line num="1258" count="0" type="stmt"/>
        <line num="1260" count="8" type="cond" truecount="1" falsecount="7"/>
        <line num="1262" count="8" type="stmt"/>
        <line num="1263" count="8" type="stmt"/>
        <line num="1265" count="0" type="stmt"/>
        <line num="1266" count="0" type="stmt"/>
        <line num="1268" count="0" type="stmt"/>
        <line num="1269" count="0" type="stmt"/>
        <line num="1271" count="0" type="stmt"/>
        <line num="1272" count="0" type="stmt"/>
        <line num="1274" count="0" type="stmt"/>
        <line num="1275" count="0" type="stmt"/>
        <line num="1277" count="0" type="stmt"/>
        <line num="1278" count="0" type="stmt"/>
        <line num="1280" count="0" type="stmt"/>
        <line num="1281" count="0" type="stmt"/>
        <line num="1283" count="0" type="stmt"/>
        <line num="1287" count="8" type="stmt"/>
      </file>
      <file name="Onboarding.tsx" path="C:\Users\I587436\projects\workproof\app\src\screens\Onboarding.tsx">
        <metrics statements="66" coveredstatements="54" conditionals="42" coveredconditionals="30" methods="17" coveredmethods="14"/>
        <line num="37" count="1" type="stmt"/>
        <line num="38" count="1" type="stmt"/>
        <line num="39" count="1" type="stmt"/>
        <line num="41" count="1" type="stmt"/>
        <line num="52" count="28" type="stmt"/>
        <line num="53" count="28" type="stmt"/>
        <line num="54" count="28" type="stmt"/>
        <line num="55" count="28" type="stmt"/>
        <line num="56" count="28" type="stmt"/>
        <line num="57" count="28" type="stmt"/>
        <line num="58" count="28" type="stmt"/>
        <line num="62" count="28" type="stmt"/>
        <line num="63" count="28" type="stmt"/>
        <line num="64" count="9" type="stmt"/>
        <line num="68" count="28" type="stmt"/>
        <line num="69" count="9" type="stmt"/>
        <line num="70" count="9" type="stmt"/>
        <line num="72" count="8" type="cond" truecount="3" falsecount="1"/>
        <line num="73" count="8" type="cond" truecount="2" falsecount="0"/>
        <line num="74" count="1" type="stmt"/>
        <line num="75" count="1" type="stmt"/>
        <line num="76" count="1" type="stmt"/>
        <line num="78" count="7" type="stmt"/>
        <line num="81" count="1" type="cond" truecount="1" falsecount="1"/>
        <line num="83" count="1" type="stmt"/>
        <line num="85" count="9" type="stmt"/>
        <line num="86" count="9" type="stmt"/>
        <line num="90" count="28" type="stmt"/>
        <line num="91" count="9" type="stmt"/>
        <line num="92" count="9" type="stmt"/>
        <line num="96" count="28" type="stmt"/>
        <line num="98" count="11" type="cond" truecount="3" falsecount="1"/>
        <line num="102" count="11" type="stmt"/>
        <line num="105" count="11" type="cond" truecount="1" falsecount="1"/>
        <line num="106" count="11" type="stmt"/>
        <line num="107" count="11" type="stmt"/>
        <line num="108" count="11" type="stmt"/>
        <line num="110" count="0" type="stmt"/>
        <line num="111" count="0" type="stmt"/>
        <line num="116" count="0" type="stmt"/>
        <line num="117" count="0" type="stmt"/>
        <line num="120" count="0" type="cond" truecount="0" falsecount="4"/>
        <line num="121" count="0" type="stmt"/>
        <line num="122" count="0" type="stmt"/>
        <line num="127" count="0" type="stmt"/>
        <line num="128" count="0" type="stmt"/>
        <line num="131" count="0" type="cond" truecount="0" falsecount="4"/>
        <line num="132" count="0" type="stmt"/>
        <line num="140" count="28" type="stmt"/>
        <line num="141" count="0" type="stmt"/>
        <line num="144" count="28" type="stmt"/>
        <line num="145" count="15" type="cond" truecount="2" falsecount="0"/>
        <line num="146" count="11" type="stmt"/>
        <line num="147" count="11" type="stmt"/>
        <line num="149" count="4" type="cond" truecount="2" falsecount="0"/>
        <line num="150" count="3" type="stmt"/>
        <line num="151" count="3" type="stmt"/>
        <line num="156" count="3" type="stmt"/>
        <line num="160" count="28" type="stmt"/>
        <line num="162" count="9" type="stmt"/>
        <line num="225" count="28" type="cond" truecount="2" falsecount="0"/>
        <line num="226" count="9" type="stmt"/>
        <line num="229" count="19" type="stmt"/>
        <line num="230" count="19" type="cond" truecount="2" falsecount="0"/>
        <line num="232" count="19" type="stmt"/>
        <line num="290" count="57" type="stmt"/>
      </file>
      <file name="ProofDetail.tsx" path="C:\Users\I587436\projects\workproof\app\src\screens\ProofDetail.tsx">
        <metrics statements="137" coveredstatements="95" conditionals="102" coveredconditionals="51" methods="28" coveredmethods="24"/>
        <line num="52" count="1" type="stmt"/>
        <line num="55" count="15" type="stmt"/>
        <line num="56" count="15" type="stmt"/>
        <line num="57" count="75" type="stmt"/>
        <line num="59" count="15" type="stmt"/>
        <line num="63" count="30" type="cond" truecount="3" falsecount="1"/>
        <line num="64" count="30" type="stmt"/>
        <line num="71" count="60" type="cond" truecount="4" falsecount="0"/>
        <line num="72" count="30" type="cond" truecount="1" falsecount="1"/>
        <line num="73" count="30" type="stmt"/>
        <line num="74" count="30" type="cond" truecount="1" falsecount="1"/>
        <line num="78" count="1" type="stmt"/>
        <line num="86" count="7" type="stmt"/>
        <line num="87" count="7" type="stmt"/>
        <line num="88" count="7" type="stmt"/>
        <line num="89" count="7" type="stmt"/>
        <line num="91" count="7" type="stmt"/>
        <line num="92" count="3" type="stmt"/>
        <line num="93" count="3" type="stmt"/>
        <line num="95" count="3" type="stmt"/>
        <line num="96" count="3" type="stmt"/>
        <line num="99" count="3" type="stmt"/>
        <line num="104" count="3" type="stmt"/>
        <line num="108" count="0" type="cond" truecount="0" falsecount="2"/>
        <line num="109" count="0" type="cond" truecount="0" falsecount="2"/>
        <line num="110" count="0" type="stmt"/>
        <line num="111" count="0" type="cond" truecount="0" falsecount="2"/>
        <line num="112" count="0" type="cond" truecount="0" falsecount="2"/>
        <line num="113" count="0" type="cond" truecount="0" falsecount="2"/>
        <line num="114" count="0" type="cond" truecount="0" falsecount="2"/>
        <line num="115" count="0" type="stmt"/>
        <line num="116" count="0" type="stmt"/>
        <line num="120" count="3" type="cond" truecount="1" falsecount="1"/>
        <line num="121" count="0" type="stmt"/>
        <line num="122" count="0" type="stmt"/>
        <line num="124" count="3" type="stmt"/>
        <line num="125" count="3" type="stmt"/>
        <line num="127" count="0" type="cond" truecount="0" falsecount="2"/>
        <line num="128" count="0" type="stmt"/>
        <line num="134" count="3" type="stmt"/>
        <line num="135" count="3" type="stmt"/>
        <line num="136" count="3" type="cond" truecount="1" falsecount="1"/>
        <line num="139" count="3" type="stmt"/>
        <line num="140" count="3" type="stmt"/>
        <line num="145" count="7" type="stmt"/>
        <line num="146" count="0" type="cond" truecount="0" falsecount="2"/>
        <line num="147" count="0" type="stmt"/>
        <line num="148" count="0" type="stmt"/>
        <line num="149" count="0" type="cond" truecount="0" falsecount="2"/>
        <line num="150" count="0" type="cond" truecount="0" falsecount="2"/>
        <line num="151" count="0" type="stmt"/>
        <line num="152" count="0" type="stmt"/>
        <line num="154" count="0" type="cond" truecount="0" falsecount="4"/>
        <line num="155" count="0" type="stmt"/>
        <line num="157" count="0" type="stmt"/>
        <line num="158" count="0" type="stmt"/>
        <line num="166" count="7" type="stmt"/>
        <line num="168" count="3" type="stmt"/>
        <line num="217" count="7" type="stmt"/>
        <line num="219" count="7" type="stmt"/>
        <line num="254" count="1" type="stmt"/>
        <line num="255" count="1" type="stmt"/>
        <line num="257" count="1" type="stmt"/>
        <line num="272" count="1" type="stmt"/>
        <line num="289" count="16" type="stmt"/>
        <line num="290" count="16" type="stmt"/>
        <line num="293" count="16" type="stmt"/>
        <line num="294" count="16" type="stmt"/>
        <line num="295" count="16" type="stmt"/>
        <line num="297" count="16" type="stmt"/>
        <line num="298" count="25" type="stmt"/>
        <line num="302" count="16" type="stmt"/>
        <line num="303" count="16" type="stmt"/>
        <line num="309" count="16" type="stmt"/>
        <line num="310" count="16" type="stmt"/>
        <line num="312" count="16" type="stmt"/>
        <line num="314" count="12" type="stmt"/>
        <line num="390" count="16" type="stmt"/>
        <line num="391" count="1" type="cond" truecount="1" falsecount="1"/>
        <line num="392" count="1" type="cond" truecount="1" falsecount="1"/>
        <line num="393" count="1" type="stmt"/>
        <line num="394" count="1" type="stmt"/>
        <line num="395" count="1" type="stmt"/>
        <line num="396" count="1" type="stmt"/>
        <line num="397" count="1" type="stmt"/>
        <line num="398" count="1" type="stmt"/>
        <line num="399" count="1" type="stmt"/>
        <line num="401" count="0" type="cond" truecount="0" falsecount="2"/>
        <line num="402" count="0" type="stmt"/>
        <line num="403" count="0" type="stmt"/>
        <line num="405" count="1" type="stmt"/>
        <line num="406" count="1" type="stmt"/>
        <line num="410" count="16" type="stmt"/>
        <line num="411" count="1" type="cond" truecount="1" falsecount="1"/>
        <line num="412" count="1" type="cond" truecount="1" falsecount="1"/>
        <line num="413" count="1" type="stmt"/>
        <line num="414" count="1" type="stmt"/>
        <line num="415" count="1" type="stmt"/>
        <line num="416" count="1" type="stmt"/>
        <line num="417" count="1" type="stmt"/>
        <line num="418" count="1" type="stmt"/>
        <line num="419" count="1" type="cond" truecount="1" falsecount="1"/>
        <line num="422" count="1" type="stmt"/>
        <line num="424" count="0" type="cond" truecount="0" falsecount="2"/>
        <line num="425" count="0" type="stmt"/>
        <line num="426" count="0" type="stmt"/>
        <line num="428" count="1" type="stmt"/>
        <line num="429" count="1" type="stmt"/>
        <line num="433" count="16" type="stmt"/>
        <line num="434" count="2" type="cond" truecount="1" falsecount="1"/>
        <line num="435" count="2" type="stmt"/>
        <line num="444" count="1" type="stmt"/>
        <line num="445" count="1" type="stmt"/>
        <line num="446" count="1" type="stmt"/>
        <line num="447" count="1" type="stmt"/>
        <line num="450" count="0" type="cond" truecount="0" falsecount="2"/>
        <line num="451" count="0" type="stmt"/>
        <line num="454" count="0" type="stmt"/>
        <line num="462" count="16" type="cond" truecount="2" falsecount="0"/>
        <line num="463" count="1" type="stmt"/>
        <line num="466" count="15" type="stmt"/>
        <line num="467" count="15" type="stmt"/>
        <line num="469" count="15" type="cond" truecount="4" falsecount="0"/>
        <line num="472" count="15" type="cond" truecount="2" falsecount="0"/>
        <line num="478" count="15" type="stmt"/>
        <line num="486" count="1" type="cond" truecount="1" falsecount="1"/>
        <line num="487" count="1" type="stmt"/>
        <line num="489" count="0" type="stmt"/>
        <line num="589" count="75" type="stmt"/>
        <line num="605" count="0" type="stmt"/>
        <line num="606" count="0" type="stmt"/>
        <line num="607" count="0" type="cond" truecount="0" falsecount="2"/>
        <line num="608" count="0" type="stmt"/>
        <line num="610" count="0" type="stmt"/>
        <line num="613" count="0" type="cond" truecount="0" falsecount="2"/>
        <line num="616" count="0" type="stmt"/>
        <line num="617" count="0" type="stmt"/>
      </file>
    </package>
    <package name="src.state">
      <metrics statements="39" coveredstatements="31" conditionals="12" coveredconditionals="7" methods="13" coveredmethods="13"/>
      <file name="workStore.ts" path="C:\Users\I587436\projects\workproof\app\src\state\workStore.ts">
        <metrics statements="39" coveredstatements="31" conditionals="12" coveredconditionals="7" methods="13" coveredmethods="13"/>
        <line num="24" count="3" type="cond" truecount="1" falsecount="1"/>
        <line num="25" count="0" type="cond" truecount="0" falsecount="2"/>
        <line num="26" count="0" type="stmt"/>
        <line num="27" count="0" type="stmt"/>
        <line num="29" count="0" type="stmt"/>
        <line num="34" count="4" type="stmt"/>
        <line num="35" count="4" type="cond" truecount="1" falsecount="1"/>
        <line num="36" count="4" type="cond" truecount="2" falsecount="0"/>
        <line num="37" count="4" type="stmt"/>
        <line num="41" count="1" type="stmt"/>
        <line num="48" count="4" type="stmt"/>
        <line num="49" count="4" type="stmt"/>
        <line num="50" count="4" type="stmt"/>
        <line num="51" count="2" type="stmt"/>
        <line num="53" count="2" type="stmt"/>
        <line num="58" count="2" type="stmt"/>
        <line num="59" count="2" type="stmt"/>
        <line num="60" count="2" type="stmt"/>
        <line num="61" count="2" type="cond" truecount="2" falsecount="0"/>
        <line num="62" count="1" type="stmt"/>
        <line num="64" count="1" type="stmt"/>
        <line num="66" count="2" type="stmt"/>
        <line num="67" count="2" type="stmt"/>
        <line num="69" count="0" type="stmt"/>
        <line num="70" count="0" type="stmt"/>
        <line num="75" count="2" type="stmt"/>
        <line num="76" count="2" type="stmt"/>
        <line num="77" count="2" type="stmt"/>
        <line num="78" count="4" type="stmt"/>
        <line num="80" count="0" type="stmt"/>
        <line num="81" count="0" type="stmt"/>
        <line num="86" count="2" type="stmt"/>
        <line num="87" count="2" type="stmt"/>
        <line num="88" count="2" type="stmt"/>
        <line num="92" count="1" type="stmt"/>
        <line num="94" count="1" type="cond" truecount="1" falsecount="1"/>
        <line num="100" count="1" type="stmt"/>
        <line num="101" count="1" type="stmt"/>
        <line num="105" count="1" type="stmt"/>
      </file>
    </package>
    <package name="src.theme">
      <metrics statements="62" coveredstatements="58" conditionals="32" coveredconditionals="21" methods="29" coveredmethods="26"/>
      <file name="SurfaceContext.tsx" path="C:\Users\I587436\projects\workproof\app\src\theme\SurfaceContext.tsx">
        <metrics statements="3" coveredstatements="3" conditionals="0" coveredconditionals="0" methods="2" coveredmethods="2"/>
        <line num="20" count="7" type="stmt"/>
        <line num="29" count="147" type="stmt"/>
        <line num="33" count="27" type="stmt"/>
      </file>
      <file name="ThemeProvider.tsx" path="C:\Users\I587436\projects\workproof\app\src\theme\ThemeProvider.tsx">
        <metrics statements="5" coveredstatements="5" conditionals="2" coveredconditionals="2" methods="3" coveredmethods="3"/>
        <line num="23" count="12" type="stmt"/>
        <line num="35" count="12" type="stmt"/>
        <line num="43" count="112" type="cond" truecount="2" falsecount="0"/>
        <line num="44" count="112" type="stmt"/>
        <line num="48" count="579" type="stmt"/>
      </file>
      <file name="tokens.ts" path="C:\Users\I587436\projects\workproof\app\src\theme\tokens.ts">
        <metrics statements="10" coveredstatements="10" conditionals="0" coveredconditionals="0" methods="1" coveredmethods="1"/>
        <line num="8" count="13" type="stmt"/>
        <line num="44" count="13" type="stmt"/>
        <line num="56" count="13" type="stmt"/>
        <line num="67" count="13" type="stmt"/>
        <line num="73" count="13" type="stmt"/>
        <line num="80" count="13" type="stmt"/>
        <line num="86" count="39" type="stmt"/>
        <line num="96" count="13" type="stmt"/>
        <line num="104" count="13" type="stmt"/>
        <line num="116" count="13" type="stmt"/>
      </file>
      <file name="typography.ts" path="C:\Users\I587436\projects\workproof\app\src\theme\typography.ts">
        <metrics statements="2" coveredstatements="2" conditionals="0" coveredconditionals="0" methods="0" coveredmethods="0"/>
        <line num="18" count="13" type="stmt"/>
        <line num="30" count="13" type="stmt"/>
      </file>
      <file name="useHaptics.ts" path="C:\Users\I587436\projects\workproof\app\src\theme\useHaptics.ts">
        <metrics statements="31" coveredstatements="28" conditionals="26" coveredconditionals="17" methods="17" coveredmethods="15"/>
        <line num="43" count="278" type="cond" truecount="2" falsecount="0"/>
        <line num="44" count="269" type="stmt"/>
        <line num="46" count="9" type="stmt"/>
        <line num="48" count="9" type="stmt"/>
        <line num="49" count="9" type="cond" truecount="1" falsecount="1"/>
        <line num="53" count="0" type="stmt"/>
        <line num="55" count="9" type="stmt"/>
        <line num="59" count="51" type="cond" truecount="1" falsecount="1"/>
        <line num="60" count="51" type="stmt"/>
        <line num="61" count="51" type="stmt"/>
        <line num="64" count="51" type="cond" truecount="4" falsecount="0"/>
        <line num="65" count="44" type="stmt"/>
        <line num="84" count="355" type="stmt"/>
        <line num="85" count="278" type="stmt"/>
        <line num="87" count="278" type="cond" truecount="1" falsecount="1"/>
        <line num="90" count="0" type="stmt"/>
        <line num="93" count="0" type="stmt"/>
        <line num="103" count="278" type="cond" truecount="1" falsecount="1"/>
        <line num="104" count="278" type="cond" truecount="2" falsecount="0"/>
        <line num="106" count="278" type="stmt"/>
        <line num="107" count="10" type="stmt"/>
        <line num="109" count="29" type="stmt"/>
        <line num="110" count="29" type="cond" truecount="1" falsecount="1"/>
        <line num="113" count="6" type="stmt"/>
        <line num="114" count="6" type="cond" truecount="1" falsecount="1"/>
        <line num="117" count="2" type="stmt"/>
        <line num="119" count="2" type="stmt"/>
        <line num="123" count="2" type="stmt"/>
        <line num="125" count="2" type="stmt"/>
        <line num="129" count="2" type="stmt"/>
        <line num="131" count="2" type="stmt"/>
      </file>
      <file name="useReducedMotion.ts" path="C:\Users\I587436\projects\workproof\app\src\theme\useReducedMotion.ts">
        <metrics statements="11" coveredstatements="10" conditionals="4" coveredconditionals="2" methods="6" coveredmethods="5"/>
        <line num="11" count="270" type="stmt"/>
        <line num="13" count="270" type="stmt"/>
        <line num="14" count="214" type="stmt"/>
        <line num="16" count="214" type="stmt"/>
        <line num="18" count="213" type="cond" truecount="2" falsecount="0"/>
        <line num="24" count="214" type="stmt"/>
        <line num="27" count="0" type="cond" truecount="0" falsecount="2"/>
        <line num="31" count="214" type="stmt"/>
        <line num="32" count="214" type="stmt"/>
        <line num="33" count="214" type="stmt"/>
        <line num="37" count="270" type="stmt"/>
      </file>
    </package>
    <package name="src.utils">
      <metrics statements="18" coveredstatements="12" conditionals="24" coveredconditionals="11" methods="6" coveredmethods="4"/>
      <file name="record.ts" path="C:\Users\I587436\projects\workproof\app\src\utils\record.ts">
        <metrics statements="18" coveredstatements="12" conditionals="24" coveredconditionals="11" methods="6" coveredmethods="4"/>
        <line num="15" count="57" type="stmt"/>
        <line num="27" count="15" type="stmt"/>
        <line num="32" count="3" type="stmt"/>
        <line num="39" count="22" type="cond" truecount="1" falsecount="1"/>
        <line num="40" count="22" type="stmt"/>
        <line num="41" count="22" type="cond" truecount="1" falsecount="1"/>
        <line num="43" count="22" type="cond" truecount="1" falsecount="1"/>
        <line num="44" count="22" type="cond" truecount="1" falsecount="1"/>
        <line num="52" count="0" type="cond" truecount="0" falsecount="4"/>
        <line num="53" count="0" type="stmt"/>
        <line num="54" count="0" type="stmt"/>
        <line num="55" count="0" type="stmt"/>
        <line num="57" count="0" type="stmt"/>
        <line num="65" count="0" type="stmt"/>
        <line num="70" count="44" type="cond" truecount="1" falsecount="1"/>
        <line num="71" count="44" type="cond" truecount="1" falsecount="1"/>
        <line num="72" count="44" type="stmt"/>
        <line num="73" count="44" type="stmt"/>
      </file>
    </package>
  </project>
</coverage>
