{"C:\\Users\\I587436\\projects\\workproof\\app\\api\\vend.ts": {"path":"C:\\Users\\I587436\\projects\\workproof\\app\\api\\vend.ts","statementMap":{"0":{"start":{"line":22,"column":25},"end":{"line":22,"column":64}},"1":{"start":{"line":23,"column":23},"end":{"line":34,"column":2}},"2":{"start":{"line":40,"column":2},"end":{"line":40,"column":45}},"3":{"start":{"line":42,"column":2},"end":{"line":45,"column":3}},"4":{"start":{"line":43,"column":4},"end":{"line":43,"column":58}},"5":{"start":{"line":44,"column":4},"end":{"line":44,"column":11}},"6":{"start":{"line":47,"column":19},"end":{"line":47,"column":34}},"7":{"start":{"line":48,"column":16},"end":{"line":48,"column":64}},"8":{"start":{"line":49,"column":2},"end":{"line":52,"column":3}},"9":{"start":{"line":50,"column":4},"end":{"line":50,"column":53}},"10":{"start":{"line":51,"column":4},"end":{"line":51,"column":11}},"11":{"start":{"line":54,"column":16},"end":{"line":54,"column":45}},"12":{"start":{"line":55,"column":2},"end":{"line":58,"column":3}},"13":{"start":{"line":56,"column":4},"end":{"line":56,"column":69}},"14":{"start":{"line":57,"column":4},"end":{"line":57,"column":11}},"15":{"start":{"line":60,"column":2},"end":{"line":75,"column":3}},"16":{"start":{"line":61,"column":21},"end":{"line":64,"column":6}},"17":{"start":{"line":65,"column":17},"end":{"line":65,"column":38}},"18":{"start":{"line":66,"column":4},"end":{"line":66,"column":32}},"19":{"start":{"line":67,"column":4},"end":{"line":71,"column":5}},"20":{"start":{"line":68,"column":6},"end":{"line":68,"column":33}},"21":{"start":{"line":70,"column":6},"end":{"line":70,"column":65}},"22":{"start":{"line":73,"column":16},"end":{"line":73,"column":66}},"23":{"start":{"line":74,"column":4},"end":{"line":74,"column":41}}},"fnMap":{"0":{"name":"handler","decl":{"start":{"line":36,"column":30},"end":{"line":36,"column":37}},"loc":{"start":{"line":39,"column":17},"end":{"line":76,"column":1}},"line":39}},"branchMap":{"0":{"loc":{"start":{"line":42,"column":2},"end":{"line":45,"column":3}},"type":"if","locations":[{"start":{"line":42,"column":2},"end":{"line":45,"column":3}},{"start":{},"end":{}}],"line":42},"1":{"loc":{"start":{"line":42,"column":6},"end":{"line":42,"column":40}},"type":"binary-expr","locations":[{"start":{"line":42,"column":6},"end":{"line":42,"column":16}},{"start":{"line":42,"column":20},"end":{"line":42,"column":40}}],"line":42},"2":{"loc":{"start":{"line":48,"column":16},"end":{"line":48,"column":64}},"type":"cond-expr","locations":[{"start":{"line":48,"column":42},"end":{"line":48,"column":53}},{"start":{"line":48,"column":56},"end":{"line":48,"column":64}}],"line":48},"3":{"loc":{"start":{"line":49,"column":2},"end":{"line":52,"column":3}},"type":"if","locations":[{"start":{"line":49,"column":2},"end":{"line":52,"column":3}},{"start":{},"end":{}}],"line":49},"4":{"loc":{"start":{"line":49,"column":6},"end":{"line":49,"column":42}},"type":"binary-expr","locations":[{"start":{"line":49,"column":6},"end":{"line":49,"column":12}},{"start":{"line":49,"column":16},"end":{"line":49,"column":42}}],"line":49},"5":{"loc":{"start":{"line":55,"column":2},"end":{"line":58,"column":3}},"type":"if","locations":[{"start":{"line":55,"column":2},"end":{"line":58,"column":3}},{"start":{},"end":{}}],"line":55},"6":{"loc":{"start":{"line":73,"column":16},"end":{"line":73,"column":66}},"type":"cond-expr","locations":[{"start":{"line":73,"column":39},"end":{"line":73,"column":50}},{"start":{"line":73,"column":53},"end":{"line":73,"column":66}}],"line":73}},"s":{"0":1,"1":1,"2":10,"3":10,"4":1,"5":1,"6":9,"7":9,"8":9,"9":3,"10":3,"11":6,"12":6,"13":1,"14":1,"15":5,"16":5,"17":4,"18":4,"19":4,"20":4,"21":1,"22":1,"23":1},"f":{"0":10},"b":{"0":[1,9],"1":[10,10],"2":[1,8],"3":[3,6],"4":[9,8],"5":[1,5],"6":[1,0]},"_coverageSchema":"1a1c01bbd47fc00a2c39e90264f33305004495a9","hash":"bbf58b6542b6c350803ec1b002f08d127601253f"}
,"C:\\Users\\I587436\\projects\\workproof\\app\\src\\assets\\peggy-family-doodle.png": {"path":"C:\\Users\\I587436\\projects\\workproof\\app\\src\\assets\\peggy-family-doodle.png","statementMap":{"0":{"start":{"line":1,"column":0},"end":{"line":4,"column":6}}},"fnMap":{},"branchMap":{},"s":{"0":6},"f":{},"b":{},"_coverageSchema":"1a1c01bbd47fc00a2c39e90264f33305004495a9","hash":"5ba01a9d5f1c8229545ca8f48a7eedb29b805c9a"}
,"C:\\Users\\I587436\\projects\\workproof\\app\\src\\assets\\peggy-mom-doodle.png": {"path":"C:\\Users\\I587436\\projects\\workproof\\app\\src\\assets\\peggy-mom-doodle.png","statementMap":{"0":{"start":{"line":1,"column":0},"end":{"line":4,"column":6}}},"fnMap":{},"branchMap":{},"s":{"0":6},"f":{},"b":{},"_coverageSchema":"1a1c01bbd47fc00a2c39e90264f33305004495a9","hash":"cb3026e66c93336169819b28dbcb55eed904253e"}
,"C:\\Users\\I587436\\projects\\workproof\\app\\src\\assets\\peggy-paper-plane.png": {"path":"C:\\Users\\I587436\\projects\\workproof\\app\\src\\assets\\peggy-paper-plane.png","statementMap":{"0":{"start":{"line":1,"column":0},"end":{"line":4,"column":6}}},"fnMap":{},"branchMap":{},"s":{"0":6},"f":{},"b":{},"_coverageSchema":"1a1c01bbd47fc00a2c39e90264f33305004495a9","hash":"913bef05262079db08201a5062d945ad59aa9252"}
,"C:\\Users\\I587436\\projects\\workproof\\app\\src\\components\\Button.tsx": {"path":"C:\\Users\\I587436\\projects\\workproof\\app\\src\\components\\Button.tsx","statementMap":{"0":{"start":{"line":44,"column":18},"end":{"line":44,"column":20}},"1":{"start":{"line":46,"column":13},"end":{"line":46,"column":46}},"2":{"start":{"line":60,"column":16},"end":{"line":60,"column":26}},"3":{"start":{"line":61,"column":18},"end":{"line":61,"column":30}},"4":{"start":{"line":62,"column":23},"end":{"line":62,"column":41}},"5":{"start":{"line":63,"column":19},"end":{"line":63,"column":47}},"6":{"start":{"line":64,"column":15},"end":{"line":64,"column":59}},"7":{"start":{"line":65,"column":23},"end":{"line":65,"column":71}},"8":{"start":{"line":70,"column":2},"end":{"line":72,"column":23}},"9":{"start":{"line":71,"column":4},"end":{"line":71,"column":28}},"10":{"start":{"line":74,"column":20},"end":{"line":92,"column":3}},"11":{"start":{"line":75,"column":4},"end":{"line":78,"column":5}},"12":{"start":{"line":76,"column":6},"end":{"line":76,"column":23}},"13":{"start":{"line":77,"column":6},"end":{"line":77,"column":13}},"14":{"start":{"line":79,"column":4},"end":{"line":79,"column":33}},"15":{"start":{"line":80,"column":17},"end":{"line":85,"column":6}},"16":{"start":{"line":86,"column":4},"end":{"line":86,"column":32}},"17":{"start":{"line":87,"column":4},"end":{"line":91,"column":7}},"18":{"start":{"line":88,"column":6},"end":{"line":90,"column":7}},"19":{"start":{"line":89,"column":8},"end":{"line":89,"column":36}},"20":{"start":{"line":94,"column":2},"end":{"line":98,"column":9}},"21":{"start":{"line":95,"column":4},"end":{"line":97,"column":6}},"22":{"start":{"line":96,"column":6},"end":{"line":96,"column":35}},"23":{"start":{"line":100,"column":17},"end":{"line":100,"column":67}},"24":{"start":{"line":106,"column":22},"end":{"line":116,"column":3}},"25":{"start":{"line":107,"column":4},"end":{"line":107,"column":33}},"26":{"start":{"line":107,"column":26},"end":{"line":107,"column":33}},"27":{"start":{"line":108,"column":4},"end":{"line":114,"column":5}},"28":{"start":{"line":109,"column":6},"end":{"line":109,"column":29}},"29":{"start":{"line":110,"column":11},"end":{"line":114,"column":5}},"30":{"start":{"line":111,"column":6},"end":{"line":111,"column":26}},"31":{"start":{"line":113,"column":6},"end":{"line":113,"column":28}},"32":{"start":{"line":115,"column":4},"end":{"line":115,"column":14}},"33":{"start":{"line":118,"column":17},"end":{"line":146,"column":3}},"34":{"start":{"line":120,"column":6},"end":{"line":144,"column":8}},"35":{"start":{"line":148,"column":23},"end":{"line":148,"column":38}},"36":{"start":{"line":149,"column":24},"end":{"line":152,"column":3}},"37":{"start":{"line":150,"column":11},"end":{"line":150,"column":48}},"38":{"start":{"line":154,"column":25},"end":{"line":163,"column":3}},"39":{"start":{"line":155,"column":29},"end":{"line":159,"column":5}},"40":{"start":{"line":160,"column":4},"end":{"line":160,"column":52}},"41":{"start":{"line":160,"column":26},"end":{"line":160,"column":52}},"42":{"start":{"line":161,"column":4},"end":{"line":161,"column":48}},"43":{"start":{"line":161,"column":23},"end":{"line":161,"column":48}},"44":{"start":{"line":162,"column":4},"end":{"line":162,"column":15}},"45":{"start":{"line":165,"column":2},"end":{"line":187,"column":4}},"46":{"start":{"line":170,"column":25},"end":{"line":170,"column":37}},"47":{"start":{"line":171,"column":26},"end":{"line":171,"column":45}}},"fnMap":{"0":{"name":"Button","decl":{"start":{"line":48,"column":16},"end":{"line":48,"column":22}},"loc":{"start":{"line":59,"column":36},"end":{"line":188,"column":1}},"line":59},"1":{"name":"(anonymous_1)","decl":{"start":{"line":70,"column":12},"end":{"line":70,"column":13}},"loc":{"start":{"line":70,"column":18},"end":{"line":72,"column":3}},"line":70},"2":{"name":"(anonymous_2)","decl":{"start":{"line":74,"column":20},"end":{"line":74,"column":21}},"loc":{"start":{"line":74,"column":47},"end":{"line":92,"column":3}},"line":74},"3":{"name":"(anonymous_3)","decl":{"start":{"line":87,"column":15},"end":{"line":87,"column":16}},"loc":{"start":{"line":87,"column":33},"end":{"line":91,"column":5}},"line":87},"4":{"name":"(anonymous_4)","decl":{"start":{"line":94,"column":12},"end":{"line":94,"column":13}},"loc":{"start":{"line":94,"column":18},"end":{"line":98,"column":3}},"line":94},"5":{"name":"(anonymous_5)","decl":{"start":{"line":95,"column":11},"end":{"line":95,"column":12}},"loc":{"start":{"line":95,"column":17},"end":{"line":97,"column":5}},"line":95},"6":{"name":"(anonymous_6)","decl":{"start":{"line":106,"column":22},"end":{"line":106,"column":23}},"loc":{"start":{"line":106,"column":34},"end":{"line":116,"column":3}},"line":106},"7":{"name":"(anonymous_7)","decl":{"start":{"line":119,"column":4},"end":{"line":119,"column":5}},"loc":{"start":{"line":120,"column":6},"end":{"line":144,"column":8}},"line":120},"8":{"name":"(anonymous_8)","decl":{"start":{"line":150,"column":4},"end":{"line":150,"column":5}},"loc":{"start":{"line":150,"column":11},"end":{"line":150,"column":48}},"line":150},"9":{"name":"(anonymous_9)","decl":{"start":{"line":154,"column":25},"end":{"line":154,"column":26}},"loc":{"start":{"line":154,"column":77},"end":{"line":163,"column":3}},"line":154},"10":{"name":"(anonymous_10)","decl":{"start":{"line":170,"column":19},"end":{"line":170,"column":20}},"loc":{"start":{"line":170,"column":25},"end":{"line":170,"column":37}},"line":170},"11":{"name":"(anonymous_11)","decl":{"start":{"line":171,"column":20},"end":{"line":171,"column":21}},"loc":{"start":{"line":171,"column":26},"end":{"line":171,"column":45}},"line":171}},"branchMap":{"0":{"loc":{"start":{"line":51,"column":2},"end":{"line":51,"column":21}},"type":"default-arg","locations":[{"start":{"line":51,"column":12},"end":{"line":51,"column":21}}],"line":51},"1":{"loc":{"start":{"line":52,"column":2},"end":{"line":52,"column":18}},"type":"default-arg","locations":[{"start":{"line":52,"column":13},"end":{"line":52,"column":18}}],"line":52},"2":{"loc":{"start":{"line":57,"column":2},"end":{"line":57,"column":30}},"type":"default-arg","locations":[{"start":{"line":57,"column":22},"end":{"line":57,"column":30}}],"line":57},"3":{"loc":{"start":{"line":63,"column":19},"end":{"line":63,"column":47}},"type":"cond-expr","locations":[{"start":{"line":63,"column":34},"end":{"line":63,"column":35}},{"start":{"line":63,"column":38},"end":{"line":63,"column":47}}],"line":63},"4":{"loc":{"start":{"line":75,"column":4},"end":{"line":78,"column":5}},"type":"if","locations":[{"start":{"line":75,"column":4},"end":{"line":78,"column":5}},{"start":{},"end":{}}],"line":75},"5":{"loc":{"start":{"line":88,"column":6},"end":{"line":90,"column":7}},"type":"if","locations":[{"start":{"line":88,"column":6},"end":{"line":90,"column":7}},{"start":{},"end":{}}],"line":88},"6":{"loc":{"start":{"line":88,"column":10},"end":{"line":88,"column":51}},"type":"binary-expr","locations":[{"start":{"line":88,"column":10},"end":{"line":88,"column":18}},{"start":{"line":88,"column":22},"end":{"line":88,"column":51}}],"line":88},"7":{"loc":{"start":{"line":100,"column":17},"end":{"line":100,"column":67}},"type":"binary-expr","locations":[{"start":{"line":100,"column":17},"end":{"line":100,"column":40}},{"start":{"line":100,"column":44},"end":{"line":100,"column":67}}],"line":100},"8":{"loc":{"start":{"line":107,"column":4},"end":{"line":107,"column":33}},"type":"if","locations":[{"start":{"line":107,"column":4},"end":{"line":107,"column":33}},{"start":{},"end":{}}],"line":107},"9":{"loc":{"start":{"line":107,"column":8},"end":{"line":107,"column":24}},"type":"binary-expr","locations":[{"start":{"line":107,"column":8},"end":{"line":107,"column":16}},{"start":{"line":107,"column":20},"end":{"line":107,"column":24}}],"line":107},"10":{"loc":{"start":{"line":108,"column":4},"end":{"line":114,"column":5}},"type":"if","locations":[{"start":{"line":108,"column":4},"end":{"line":114,"column":5}},{"start":{"line":110,"column":11},"end":{"line":114,"column":5}}],"line":108},"11":{"loc":{"start":{"line":108,"column":8},"end":{"line":108,"column":58}},"type":"binary-expr","locations":[{"start":{"line":108,"column":8},"end":{"line":108,"column":31}},{"start":{"line":108,"column":35},"end":{"line":108,"column":58}}],"line":108},"12":{"loc":{"start":{"line":110,"column":11},"end":{"line":114,"column":5}},"type":"if","locations":[{"start":{"line":110,"column":11},"end":{"line":114,"column":5}},{"start":{"line":112,"column":11},"end":{"line":114,"column":5}}],"line":110},"13":{"loc":{"start":{"line":122,"column":24},"end":{"line":122,"column":70}},"type":"cond-expr","locations":[{"start":{"line":122,"column":33},"end":{"line":122,"column":49}},{"start":{"line":122,"column":52},"end":{"line":122,"column":70}}],"line":122},"14":{"loc":{"start":{"line":126,"column":27},"end":{"line":126,"column":71}},"type":"cond-expr","locations":[{"start":{"line":126,"column":36},"end":{"line":126,"column":52}},{"start":{"line":126,"column":55},"end":{"line":126,"column":71}}],"line":126},"15":{"loc":{"start":{"line":157,"column":6},"end":{"line":157,"column":56}},"type":"cond-expr","locations":[{"start":{"line":157,"column":22},"end":{"line":157,"column":42}},{"start":{"line":157,"column":45},"end":{"line":157,"column":56}}],"line":157},"16":{"loc":{"start":{"line":160,"column":4},"end":{"line":160,"column":52}},"type":"if","locations":[{"start":{"line":160,"column":4},"end":{"line":160,"column":52}},{"start":{},"end":{}}],"line":160},"17":{"loc":{"start":{"line":160,"column":8},"end":{"line":160,"column":24}},"type":"binary-expr","locations":[{"start":{"line":160,"column":8},"end":{"line":160,"column":16}},{"start":{"line":160,"column":20},"end":{"line":160,"column":24}}],"line":160},"18":{"loc":{"start":{"line":161,"column":4},"end":{"line":161,"column":48}},"type":"if","locations":[{"start":{"line":161,"column":4},"end":{"line":161,"column":48}},{"start":{},"end":{}}],"line":161},"19":{"loc":{"start":{"line":169,"column":18},"end":{"line":169,"column":34}},"type":"binary-expr","locations":[{"start":{"line":169,"column":18},"end":{"line":169,"column":26}},{"start":{"line":169,"column":30},"end":{"line":169,"column":34}}],"line":169},"20":{"loc":{"start":{"line":175,"column":28},"end":{"line":175,"column":55}},"type":"binary-expr","locations":[{"start":{"line":175,"column":28},"end":{"line":175,"column":46}},{"start":{"line":175,"column":50},"end":{"line":175,"column":55}}],"line":175},"21":{"loc":{"start":{"line":181,"column":32},"end":{"line":181,"column":76}},"type":"binary-expr","locations":[{"start":{"line":181,"column":32},"end":{"line":181,"column":55}},{"start":{"line":181,"column":59},"end":{"line":181,"column":76}}],"line":181}},"s":{"0":6,"1":6,"2":107,"3":107,"4":107,"5":107,"6":107,"7":107,"8":107,"9":77,"10":107,"11":0,"12":0,"13":0,"14":0,"15":0,"16":0,"17":0,"18":0,"19":0,"20":107,"21":77,"22":77,"23":107,"24":107,"25":29,"26":0,"27":29,"28":4,"29":25,"30":3,"31":22,"32":29,"33":107,"34":77,"35":107,"36":107,"37":77,"38":107,"39":107,"40":107,"41":6,"42":107,"43":0,"44":107,"45":107,"46":0,"47":0},"f":{"0":107,"1":77,"2":0,"3":0,"4":77,"5":77,"6":29,"7":77,"8":77,"9":107,"10":0,"11":0},"b":{"0":[11],"1":[84],"2":[107],"3":[30,77],"4":[0,0],"5":[0,0],"6":[0,0],"7":[107,106],"8":[0,29],"9":[29,29],"10":[4,25],"11":[29,26],"12":[3,22],"13":[13,64],"14":[13,64],"15":[0,107],"16":[6,101],"17":[107,104],"18":[0,107],"19":[107,104],"20":[107,106],"21":[107,1]},"_coverageSchema":"1a1c01bbd47fc00a2c39e90264f33305004495a9","hash":"9fd5190421e1cf6181ea6cf67146af2915cb3187"}
,"C:\\Users\\I587436\\projects\\workproof\\app\\src\\components\\Card.tsx": {"path":"C:\\Users\\I587436\\projects\\workproof\\app\\src\\components\\Card.tsx","statementMap":{"0":{"start":{"line":47,"column":36},"end":{"line":47,"column":38}},"1":{"start":{"line":48,"column":24},"end":{"line":48,"column":26}},"2":{"start":{"line":49,"column":27},"end":{"line":49,"column":28}},"3":{"start":{"line":50,"column":29},"end":{"line":50,"column":30}},"4":{"start":{"line":52,"column":57},"end":{"line":57,"column":1}},"5":{"start":{"line":68,"column":16},"end":{"line":68,"column":26}},"6":{"start":{"line":69,"column":23},"end":{"line":69,"column":41}},"7":{"start":{"line":70,"column":18},"end":{"line":70,"column":30}},"8":{"start":{"line":71,"column":46},"end":{"line":71,"column":65}},"9":{"start":{"line":77,"column":15},"end":{"line":77,"column":52}},"10":{"start":{"line":78,"column":23},"end":{"line":78,"column":71}},"11":{"start":{"line":80,"column":20},"end":{"line":97,"column":3}},"12":{"start":{"line":81,"column":4},"end":{"line":84,"column":5}},"13":{"start":{"line":82,"column":6},"end":{"line":82,"column":23}},"14":{"start":{"line":83,"column":6},"end":{"line":83,"column":13}},"15":{"start":{"line":85,"column":4},"end":{"line":85,"column":33}},"16":{"start":{"line":86,"column":17},"end":{"line":90,"column":6}},"17":{"start":{"line":91,"column":4},"end":{"line":91,"column":32}},"18":{"start":{"line":92,"column":4},"end":{"line":96,"column":7}},"19":{"start":{"line":93,"column":6},"end":{"line":95,"column":7}},"20":{"start":{"line":94,"column":8},"end":{"line":94,"column":36}},"21":{"start":{"line":99,"column":2},"end":{"line":103,"column":9}},"22":{"start":{"line":100,"column":4},"end":{"line":102,"column":6}},"23":{"start":{"line":101,"column":6},"end":{"line":101,"column":35}},"24":{"start":{"line":105,"column":2},"end":{"line":111,"column":3}},"25":{"start":{"line":110,"column":4},"end":{"line":110,"column":66}},"26":{"start":{"line":113,"column":17},"end":{"line":167,"column":3}},"27":{"start":{"line":115,"column":6},"end":{"line":165,"column":8}},"28":{"start":{"line":169,"column":18},"end":{"line":169,"column":45}},"29":{"start":{"line":171,"column":32},"end":{"line":192,"column":3}},"30":{"start":{"line":172,"column":4},"end":{"line":172,"column":44}},"31":{"start":{"line":172,"column":32},"end":{"line":172,"column":44}},"32":{"start":{"line":174,"column":6},"end":{"line":176,"column":11}},"33":{"start":{"line":177,"column":40},"end":{"line":177,"column":42}},"34":{"start":{"line":178,"column":4},"end":{"line":180,"column":5}},"35":{"start":{"line":178,"column":17},"end":{"line":178,"column":18}},"36":{"start":{"line":179,"column":6},"end":{"line":179,"column":55}},"37":{"start":{"line":181,"column":4},"end":{"line":191,"column":6}},"38":{"start":{"line":194,"column":27},"end":{"line":198,"column":3}},"39":{"start":{"line":195,"column":4},"end":{"line":195,"column":39}},"40":{"start":{"line":195,"column":32},"end":{"line":195,"column":39}},"41":{"start":{"line":196,"column":14},"end":{"line":196,"column":41}},"42":{"start":{"line":197,"column":4},"end":{"line":197,"column":63}},"43":{"start":{"line":197,"column":42},"end":{"line":197,"column":63}},"44":{"start":{"line":201,"column":4},"end":{"line":204,"column":22}},"45":{"start":{"line":207,"column":2},"end":{"line":246,"column":3}},"46":{"start":{"line":208,"column":27},"end":{"line":220,"column":5}},"47":{"start":{"line":209,"column":31},"end":{"line":213,"column":7}},"48":{"start":{"line":214,"column":6},"end":{"line":217,"column":7}},"49":{"start":{"line":215,"column":8},"end":{"line":215,"column":33}},"50":{"start":{"line":216,"column":8},"end":{"line":216,"column":39}},"51":{"start":{"line":218,"column":6},"end":{"line":218,"column":33}},"52":{"start":{"line":218,"column":17},"end":{"line":218,"column":33}},"53":{"start":{"line":219,"column":6},"end":{"line":219,"column":17}},"54":{"start":{"line":222,"column":24},"end":{"line":227,"column":5}},"55":{"start":{"line":225,"column":6},"end":{"line":225,"column":28}},"56":{"start":{"line":226,"column":6},"end":{"line":226,"column":16}},"57":{"start":{"line":229,"column":4},"end":{"line":245,"column":6}},"58":{"start":{"line":233,"column":27},"end":{"line":233,"column":62}},"59":{"start":{"line":234,"column":28},"end":{"line":234,"column":40}},"60":{"start":{"line":248,"column":2},"end":{"line":257,"column":4}}},"fnMap":{"0":{"name":"Card","decl":{"start":{"line":59,"column":16},"end":{"line":59,"column":20}},"loc":{"start":{"line":67,"column":34},"end":{"line":258,"column":1}},"line":67},"1":{"name":"(anonymous_1)","decl":{"start":{"line":80,"column":20},"end":{"line":80,"column":21}},"loc":{"start":{"line":80,"column":47},"end":{"line":97,"column":3}},"line":80},"2":{"name":"(anonymous_2)","decl":{"start":{"line":92,"column":15},"end":{"line":92,"column":16}},"loc":{"start":{"line":92,"column":33},"end":{"line":96,"column":5}},"line":92},"3":{"name":"(anonymous_3)","decl":{"start":{"line":99,"column":12},"end":{"line":99,"column":13}},"loc":{"start":{"line":99,"column":18},"end":{"line":103,"column":3}},"line":99},"4":{"name":"(anonymous_4)","decl":{"start":{"line":100,"column":11},"end":{"line":100,"column":12}},"loc":{"start":{"line":100,"column":17},"end":{"line":102,"column":5}},"line":100},"5":{"name":"(anonymous_5)","decl":{"start":{"line":114,"column":4},"end":{"line":114,"column":5}},"loc":{"start":{"line":115,"column":6},"end":{"line":165,"column":8}},"line":115},"6":{"name":"(anonymous_6)","decl":{"start":{"line":171,"column":32},"end":{"line":171,"column":33}},"loc":{"start":{"line":171,"column":65},"end":{"line":192,"column":3}},"line":171},"7":{"name":"(anonymous_7)","decl":{"start":{"line":194,"column":27},"end":{"line":194,"column":28}},"loc":{"start":{"line":194,"column":59},"end":{"line":198,"column":3}},"line":194},"8":{"name":"(anonymous_8)","decl":{"start":{"line":208,"column":27},"end":{"line":208,"column":28}},"loc":{"start":{"line":208,"column":79},"end":{"line":220,"column":5}},"line":208},"9":{"name":"(anonymous_9)","decl":{"start":{"line":222,"column":24},"end":{"line":222,"column":25}},"loc":{"start":{"line":222,"column":36},"end":{"line":227,"column":5}},"line":222},"10":{"name":"(anonymous_10)","decl":{"start":{"line":233,"column":21},"end":{"line":233,"column":22}},"loc":{"start":{"line":233,"column":27},"end":{"line":233,"column":62}},"line":233},"11":{"name":"(anonymous_11)","decl":{"start":{"line":234,"column":22},"end":{"line":234,"column":23}},"loc":{"start":{"line":234,"column":28},"end":{"line":234,"column":40}},"line":234}},"branchMap":{"0":{"loc":{"start":{"line":60,"column":2},"end":{"line":60,"column":22}},"type":"default-arg","locations":[{"start":{"line":60,"column":12},"end":{"line":60,"column":22}}],"line":60},"1":{"loc":{"start":{"line":81,"column":4},"end":{"line":84,"column":5}},"type":"if","locations":[{"start":{"line":81,"column":4},"end":{"line":84,"column":5}},{"start":{},"end":{}}],"line":81},"2":{"loc":{"start":{"line":93,"column":6},"end":{"line":95,"column":7}},"type":"if","locations":[{"start":{"line":93,"column":6},"end":{"line":95,"column":7}},{"start":{},"end":{}}],"line":93},"3":{"loc":{"start":{"line":93,"column":10},"end":{"line":93,"column":51}},"type":"binary-expr","locations":[{"start":{"line":93,"column":10},"end":{"line":93,"column":18}},{"start":{"line":93,"column":22},"end":{"line":93,"column":51}}],"line":93},"4":{"loc":{"start":{"line":105,"column":2},"end":{"line":111,"column":3}},"type":"if","locations":[{"start":{"line":105,"column":2},"end":{"line":111,"column":3}},{"start":{},"end":{}}],"line":105},"5":{"loc":{"start":{"line":105,"column":6},"end":{"line":105,"column":47}},"type":"binary-expr","locations":[{"start":{"line":105,"column":6},"end":{"line":105,"column":13}},{"start":{"line":105,"column":17},"end":{"line":105,"column":24}},{"start":{"line":105,"column":28},"end":{"line":105,"column":47}}],"line":105},"6":{"loc":{"start":{"line":172,"column":4},"end":{"line":172,"column":44}},"type":"if","locations":[{"start":{"line":172,"column":4},"end":{"line":172,"column":44}},{"start":{},"end":{}}],"line":172},"7":{"loc":{"start":{"line":174,"column":6},"end":{"line":176,"column":11}},"type":"cond-expr","locations":[{"start":{"line":175,"column":10},"end":{"line":175,"column":50}},{"start":{"line":176,"column":10},"end":{"line":176,"column":11}}],"line":174},"8":{"loc":{"start":{"line":195,"column":4},"end":{"line":195,"column":39}},"type":"if","locations":[{"start":{"line":195,"column":4},"end":{"line":195,"column":39}},{"start":{},"end":{}}],"line":195},"9":{"loc":{"start":{"line":197,"column":4},"end":{"line":197,"column":63}},"type":"if","locations":[{"start":{"line":197,"column":4},"end":{"line":197,"column":63}},{"start":{},"end":{}}],"line":197},"10":{"loc":{"start":{"line":207,"column":2},"end":{"line":246,"column":3}},"type":"if","locations":[{"start":{"line":207,"column":2},"end":{"line":246,"column":3}},{"start":{},"end":{}}],"line":207},"11":{"loc":{"start":{"line":214,"column":6},"end":{"line":217,"column":7}},"type":"if","locations":[{"start":{"line":214,"column":6},"end":{"line":217,"column":7}},{"start":{},"end":{}}],"line":214},"12":{"loc":{"start":{"line":218,"column":6},"end":{"line":218,"column":33}},"type":"if","locations":[{"start":{"line":218,"column":6},"end":{"line":218,"column":33}},{"start":{},"end":{}}],"line":218},"13":{"loc":{"start":{"line":235,"column":20},"end":{"line":235,"column":73}},"type":"cond-expr","locations":[{"start":{"line":235,"column":45},"end":{"line":235,"column":61}},{"start":{"line":235,"column":64},"end":{"line":235,"column":73}}],"line":235},"14":{"loc":{"start":{"line":237,"column":29},"end":{"line":237,"column":58}},"type":"binary-expr","locations":[{"start":{"line":237,"column":29},"end":{"line":237,"column":46}},{"start":{"line":237,"column":50},"end":{"line":237,"column":58}}],"line":237},"15":{"loc":{"start":{"line":251,"column":16},"end":{"line":251,"column":69}},"type":"cond-expr","locations":[{"start":{"line":251,"column":41},"end":{"line":251,"column":57}},{"start":{"line":251,"column":60},"end":{"line":251,"column":69}}],"line":251}},"s":{"0":6,"1":6,"2":6,"3":6,"4":6,"5":146,"6":146,"7":146,"8":146,"9":146,"10":146,"11":146,"12":0,"13":0,"14":0,"15":0,"16":0,"17":0,"18":0,"19":0,"20":0,"21":146,"22":120,"23":120,"24":146,"25":0,"26":146,"27":120,"28":146,"29":146,"30":146,"31":125,"32":21,"33":21,"34":21,"35":21,"36":26,"37":21,"38":146,"39":2,"40":0,"41":2,"42":2,"43":2,"44":146,"45":146,"46":34,"47":34,"48":34,"49":0,"50":0,"51":34,"52":7,"53":34,"54":34,"55":4,"56":4,"57":34,"58":0,"59":0,"60":112},"f":{"0":146,"1":0,"2":0,"3":120,"4":120,"5":120,"6":146,"7":2,"8":34,"9":4,"10":0,"11":0},"b":{"0":[8],"1":[0,0],"2":[0,0],"3":[0,0],"4":[0,146],"5":[146,146,34],"6":[125,21],"7":[4,17],"8":[0,2],"9":[2,0],"10":[34,112],"11":[0,34],"12":[7,27],"13":[0,34],"14":[34,34],"15":[21,91]},"_coverageSchema":"1a1c01bbd47fc00a2c39e90264f33305004495a9","hash":"e4e3d2ad7507f104dfe2dd426cb65bc336c9e698"}
,"C:\\Users\\I587436\\projects\\workproof\\app\\src\\components\\Chip.tsx": {"path":"C:\\Users\\I587436\\projects\\workproof\\app\\src\\components\\Chip.tsx","statementMap":{"0":{"start":{"line":43,"column":21},"end":{"line":43,"column":72}},"1":{"start":{"line":55,"column":16},"end":{"line":55,"column":26}},"2":{"start":{"line":56,"column":18},"end":{"line":56,"column":30}},"3":{"start":{"line":58,"column":17},"end":{"line":84,"column":3}},"4":{"start":{"line":60,"column":6},"end":{"line":82,"column":8}},"5":{"start":{"line":86,"column":32},"end":{"line":86,"column":91}},"6":{"start":{"line":88,"column":2},"end":{"line":129,"column":3}},"7":{"start":{"line":93,"column":44},"end":{"line":93,"column":73}},"8":{"start":{"line":95,"column":27},"end":{"line":101,"column":5}},"9":{"start":{"line":96,"column":31},"end":{"line":96,"column":61}},"10":{"start":{"line":97,"column":6},"end":{"line":97,"column":46}},"11":{"start":{"line":97,"column":20},"end":{"line":97,"column":46}},"12":{"start":{"line":98,"column":6},"end":{"line":98,"column":50}},"13":{"start":{"line":98,"column":25},"end":{"line":98,"column":50}},"14":{"start":{"line":99,"column":6},"end":{"line":99,"column":33}},"15":{"start":{"line":99,"column":17},"end":{"line":99,"column":33}},"16":{"start":{"line":100,"column":6},"end":{"line":100,"column":17}},"17":{"start":{"line":106,"column":24},"end":{"line":113,"column":5}},"18":{"start":{"line":107,"column":6},"end":{"line":111,"column":7}},"19":{"start":{"line":108,"column":8},"end":{"line":108,"column":28}},"20":{"start":{"line":110,"column":8},"end":{"line":110,"column":30}},"21":{"start":{"line":112,"column":6},"end":{"line":112,"column":16}},"22":{"start":{"line":115,"column":4},"end":{"line":128,"column":6}},"23":{"start":{"line":131,"column":2},"end":{"line":140,"column":4}}},"fnMap":{"0":{"name":"Chip","decl":{"start":{"line":45,"column":16},"end":{"line":45,"column":20}},"loc":{"start":{"line":54,"column":34},"end":{"line":141,"column":1}},"line":54},"1":{"name":"(anonymous_1)","decl":{"start":{"line":59,"column":4},"end":{"line":59,"column":5}},"loc":{"start":{"line":60,"column":6},"end":{"line":82,"column":8}},"line":60},"2":{"name":"(anonymous_2)","decl":{"start":{"line":95,"column":27},"end":{"line":95,"column":28}},"loc":{"start":{"line":95,"column":79},"end":{"line":101,"column":5}},"line":95},"3":{"name":"(anonymous_3)","decl":{"start":{"line":106,"column":24},"end":{"line":106,"column":25}},"loc":{"start":{"line":106,"column":30},"end":{"line":113,"column":5}},"line":106}},"branchMap":{"0":{"loc":{"start":{"line":47,"column":2},"end":{"line":47,"column":19}},"type":"default-arg","locations":[{"start":{"line":47,"column":12},"end":{"line":47,"column":19}}],"line":47},"1":{"loc":{"start":{"line":86,"column":32},"end":{"line":86,"column":91}},"type":"cond-expr","locations":[{"start":{"line":86,"column":54},"end":{"line":86,"column":73}},{"start":{"line":86,"column":76},"end":{"line":86,"column":91}}],"line":86},"2":{"loc":{"start":{"line":88,"column":2},"end":{"line":129,"column":3}},"type":"if","locations":[{"start":{"line":88,"column":2},"end":{"line":129,"column":3}},{"start":{},"end":{}}],"line":88},"3":{"loc":{"start":{"line":93,"column":44},"end":{"line":93,"column":73}},"type":"binary-expr","locations":[{"start":{"line":93,"column":44},"end":{"line":93,"column":61}},{"start":{"line":93,"column":65},"end":{"line":93,"column":73}}],"line":93},"4":{"loc":{"start":{"line":97,"column":6},"end":{"line":97,"column":46}},"type":"if","locations":[{"start":{"line":97,"column":6},"end":{"line":97,"column":46}},{"start":{},"end":{}}],"line":97},"5":{"loc":{"start":{"line":98,"column":6},"end":{"line":98,"column":50}},"type":"if","locations":[{"start":{"line":98,"column":6},"end":{"line":98,"column":50}},{"start":{},"end":{}}],"line":98},"6":{"loc":{"start":{"line":99,"column":6},"end":{"line":99,"column":33}},"type":"if","locations":[{"start":{"line":99,"column":6},"end":{"line":99,"column":33}},{"start":{},"end":{}}],"line":99},"7":{"loc":{"start":{"line":107,"column":6},"end":{"line":111,"column":7}},"type":"if","locations":[{"start":{"line":107,"column":6},"end":{"line":111,"column":7}},{"start":{"line":109,"column":13},"end":{"line":111,"column":7}}],"line":107},"8":{"loc":{"start":{"line":121,"column":28},"end":{"line":121,"column":55}},"type":"binary-expr","locations":[{"start":{"line":121,"column":28},"end":{"line":121,"column":46}},{"start":{"line":121,"column":50},"end":{"line":121,"column":55}}],"line":121},"9":{"loc":{"start":{"line":123,"column":28},"end":{"line":123,"column":77}},"type":"cond-expr","locations":[{"start":{"line":123,"column":53},"end":{"line":123,"column":65}},{"start":{"line":123,"column":68},"end":{"line":123,"column":77}}],"line":123},"10":{"loc":{"start":{"line":133,"column":44},"end":{"line":133,"column":71}},"type":"binary-expr","locations":[{"start":{"line":133,"column":44},"end":{"line":133,"column":52}},{"start":{"line":133,"column":56},"end":{"line":133,"column":71}}],"line":133},"11":{"loc":{"start":{"line":134,"column":25},"end":{"line":134,"column":52}},"type":"binary-expr","locations":[{"start":{"line":134,"column":25},"end":{"line":134,"column":42}},{"start":{"line":134,"column":46},"end":{"line":134,"column":52}}],"line":134},"12":{"loc":{"start":{"line":135,"column":26},"end":{"line":135,"column":53}},"type":"binary-expr","locations":[{"start":{"line":135,"column":26},"end":{"line":135,"column":44}},{"start":{"line":135,"column":48},"end":{"line":135,"column":53}}],"line":135},"13":{"loc":{"start":{"line":136,"column":26},"end":{"line":136,"column":75}},"type":"cond-expr","locations":[{"start":{"line":136,"column":51},"end":{"line":136,"column":63}},{"start":{"line":136,"column":66},"end":{"line":136,"column":75}}],"line":136}},"s":{"0":7,"1":62,"2":62,"3":62,"4":54,"5":62,"6":62,"7":9,"8":9,"9":9,"10":9,"11":5,"12":9,"13":0,"14":9,"15":0,"16":9,"17":9,"18":1,"19":0,"20":1,"21":1,"22":9,"23":53},"f":{"0":62,"1":54,"2":9,"3":1},"b":{"0":[8],"1":[24,38],"2":[9,53],"3":[9,9],"4":[5,4],"5":[0,9],"6":[0,9],"7":[0,1],"8":[9,9],"9":[6,3],"10":[53,1],"11":[53,53],"12":[53,53],"13":[1,52]},"_coverageSchema":"1a1c01bbd47fc00a2c39e90264f33305004495a9","hash":"db6544021c7b85eb7385bee43b0756ed0975fe9a"}
,"C:\\Users\\I587436\\projects\\workproof\\app\\src\\components\\Doodle.tsx": {"path":"C:\\Users\\I587436\\projects\\workproof\\app\\src\\components\\Doodle.tsx","statementMap":{"0":{"start":{"line":26,"column":60},"end":{"line":30,"column":1}},"1":{"start":{"line":32,"column":21},"end":{"line":32,"column":23}},"2":{"start":{"line":40,"column":18},"end":{"line":40,"column":30}},"3":{"start":{"line":41,"column":23},"end":{"line":41,"column":42}},"4":{"start":{"line":43,"column":2},"end":{"line":48,"column":3}},"5":{"start":{"line":45,"column":4},"end":{"line":47,"column":6}},"6":{"start":{"line":50,"column":17},"end":{"line":53,"column":3}},"7":{"start":{"line":51,"column":10},"end":{"line":51,"column":69}},"8":{"start":{"line":55,"column":2},"end":{"line":66,"column":4}}},"fnMap":{"0":{"name":"Doodle","decl":{"start":{"line":34,"column":16},"end":{"line":34,"column":22}},"loc":{"start":{"line":39,"column":36},"end":{"line":67,"column":1}},"line":39},"1":{"name":"(anonymous_1)","decl":{"start":{"line":51,"column":4},"end":{"line":51,"column":5}},"loc":{"start":{"line":51,"column":10},"end":{"line":51,"column":69}},"line":51}},"branchMap":{"0":{"loc":{"start":{"line":36,"column":2},"end":{"line":36,"column":21}},"type":"default-arg","locations":[{"start":{"line":36,"column":9},"end":{"line":36,"column":21}}],"line":36},"1":{"loc":{"start":{"line":43,"column":2},"end":{"line":48,"column":3}},"type":"if","locations":[{"start":{"line":43,"column":2},"end":{"line":48,"column":3}},{"start":{},"end":{}}],"line":43},"2":{"loc":{"start":{"line":43,"column":6},"end":{"line":43,"column":35}},"type":"binary-expr","locations":[{"start":{"line":43,"column":6},"end":{"line":43,"column":13}},{"start":{"line":43,"column":17},"end":{"line":43,"column":35}}],"line":43},"3":{"loc":{"start":{"line":61,"column":25},"end":{"line":61,"column":59}},"type":"cond-expr","locations":[{"start":{"line":61,"column":40},"end":{"line":61,"column":49}},{"start":{"line":61,"column":52},"end":{"line":61,"column":59}}],"line":61},"4":{"loc":{"start":{"line":64,"column":33},"end":{"line":64,"column":77}},"type":"cond-expr","locations":[{"start":{"line":64,"column":48},"end":{"line":64,"column":69}},{"start":{"line":64,"column":72},"end":{"line":64,"column":77}}],"line":64}},"s":{"0":6,"1":6,"2":27,"3":27,"4":27,"5":1,"6":27,"7":27,"8":27},"f":{"0":27,"1":27},"b":{"0":[5],"1":[1,26],"2":[27,27],"3":[26,1],"4":[26,1]},"_coverageSchema":"1a1c01bbd47fc00a2c39e90264f33305004495a9","hash":"7a9cff1c73e4e0bf58d74d8d1031ce883cb94663"}
,"C:\\Users\\I587436\\projects\\workproof\\app\\src\\components\\MarkerUnderline.tsx": {"path":"C:\\Users\\I587436\\projects\\workproof\\app\\src\\components\\MarkerUnderline.tsx","statementMap":{"0":{"start":{"line":27,"column":31},"end":{"line":27,"column":35}},"1":{"start":{"line":28,"column":34},"end":{"line":28,"column":38}},"2":{"start":{"line":29,"column":26},"end":{"line":29,"column":28}},"3":{"start":{"line":36,"column":16},"end":{"line":36,"column":26}},"4":{"start":{"line":38,"column":4},"end":{"line":40,"column":81}},"5":{"start":{"line":42,"column":4},"end":{"line":44,"column":35}},"6":{"start":{"line":45,"column":14},"end":{"line":45,"column":61}},"7":{"start":{"line":46,"column":17},"end":{"line":49,"column":3}},"8":{"start":{"line":51,"column":17},"end":{"line":72,"column":3}},"9":{"start":{"line":53,"column":6},"end":{"line":70,"column":8}},"10":{"start":{"line":74,"column":2},"end":{"line":88,"column":4}}},"fnMap":{"0":{"name":"MarkerUnderline","decl":{"start":{"line":31,"column":16},"end":{"line":31,"column":31}},"loc":{"start":{"line":35,"column":45},"end":{"line":89,"column":1}},"line":35},"1":{"name":"(anonymous_1)","decl":{"start":{"line":52,"column":4},"end":{"line":52,"column":5}},"loc":{"start":{"line":53,"column":6},"end":{"line":70,"column":8}},"line":53}},"branchMap":{"0":{"loc":{"start":{"line":38,"column":4},"end":{"line":40,"column":81}},"type":"cond-expr","locations":[{"start":{"line":39,"column":8},"end":{"line":39,"column":22}},{"start":{"line":40,"column":8},"end":{"line":40,"column":81}}],"line":38},"1":{"loc":{"start":{"line":40,"column":8},"end":{"line":40,"column":81}},"type":"binary-expr","locations":[{"start":{"line":40,"column":9},"end":{"line":40,"column":59}},{"start":{"line":40,"column":64},"end":{"line":40,"column":81}}],"line":40},"2":{"loc":{"start":{"line":42,"column":4},"end":{"line":44,"column":35}},"type":"cond-expr","locations":[{"start":{"line":43,"column":8},"end":{"line":43,"column":24}},{"start":{"line":44,"column":8},"end":{"line":44,"column":35}}],"line":42}},"s":{"0":6,"1":6,"2":6,"3":39,"4":39,"5":39,"6":39,"7":39,"8":39,"9":34,"10":39},"f":{"0":39,"1":34},"b":{"0":[36,3],"1":[3,0],"2":[35,4]},"_coverageSchema":"1a1c01bbd47fc00a2c39e90264f33305004495a9","hash":"52cf43d35b2c8ea6e7b7a790b6cc6e399659cb94"}
,"C:\\Users\\I587436\\projects\\workproof\\app\\src\\components\\PaperPlane.tsx": {"path":"C:\\Users\\I587436\\projects\\workproof\\app\\src\\components\\PaperPlane.tsx","statementMap":{"0":{"start":{"line":27,"column":16},"end":{"line":27,"column":18}},"1":{"start":{"line":28,"column":17},"end":{"line":28,"column":19}},"2":{"start":{"line":29,"column":17},"end":{"line":29,"column":19}},"3":{"start":{"line":30,"column":20},"end":{"line":30,"column":23}},"4":{"start":{"line":31,"column":20},"end":{"line":31,"column":23}},"5":{"start":{"line":32,"column":21},"end":{"line":32,"column":24}},"6":{"start":{"line":33,"column":21},"end":{"line":33,"column":23}},"7":{"start":{"line":34,"column":25},"end":{"line":34,"column":28}},"8":{"start":{"line":37,"column":2},"end":{"line":37,"column":50}},"9":{"start":{"line":39,"column":21},"end":{"line":39,"column":50}},"10":{"start":{"line":49,"column":16},"end":{"line":49,"column":26}},"11":{"start":{"line":51,"column":2},"end":{"line":64,"column":3}},"12":{"start":{"line":52,"column":4},"end":{"line":57,"column":5}},"13":{"start":{"line":54,"column":6},"end":{"line":56,"column":8}},"14":{"start":{"line":58,"column":4},"end":{"line":63,"column":5}},"15":{"start":{"line":60,"column":6},"end":{"line":62,"column":8}},"16":{"start":{"line":66,"column":22},"end":{"line":66,"column":66}},"17":{"start":{"line":67,"column":17},"end":{"line":67,"column":38}},"18":{"start":{"line":68,"column":26},"end":{"line":71,"column":3}},"19":{"start":{"line":72,"column":27},"end":{"line":74,"column":62}},"20":{"start":{"line":75,"column":23},"end":{"line":75,"column":42}},"21":{"start":{"line":77,"column":25},"end":{"line":83,"column":3}},"22":{"start":{"line":78,"column":11},"end":{"line":81,"column":5}},"23":{"start":{"line":85,"column":2},"end":{"line":116,"column":4}}},"fnMap":{"0":{"name":"PaperPlane","decl":{"start":{"line":41,"column":16},"end":{"line":41,"column":26}},"loc":{"start":{"line":48,"column":40},"end":{"line":117,"column":1}},"line":48},"1":{"name":"(anonymous_1)","decl":{"start":{"line":78,"column":4},"end":{"line":78,"column":5}},"loc":{"start":{"line":78,"column":11},"end":{"line":81,"column":5}},"line":78}},"branchMap":{"0":{"loc":{"start":{"line":42,"column":2},"end":{"line":42,"column":11}},"type":"default-arg","locations":[{"start":{"line":42,"column":9},"end":{"line":42,"column":11}}],"line":42},"1":{"loc":{"start":{"line":43,"column":2},"end":{"line":43,"column":29}},"type":"default-arg","locations":[{"start":{"line":43,"column":13},"end":{"line":43,"column":29}}],"line":43},"2":{"loc":{"start":{"line":44,"column":2},"end":{"line":44,"column":19}},"type":"default-arg","locations":[{"start":{"line":44,"column":14},"end":{"line":44,"column":19}}],"line":44},"3":{"loc":{"start":{"line":46,"column":2},"end":{"line":46,"column":19}},"type":"default-arg","locations":[{"start":{"line":46,"column":14},"end":{"line":46,"column":19}}],"line":46},"4":{"loc":{"start":{"line":51,"column":2},"end":{"line":64,"column":3}},"type":"if","locations":[{"start":{"line":51,"column":2},"end":{"line":64,"column":3}},{"start":{},"end":{}}],"line":51},"5":{"loc":{"start":{"line":52,"column":4},"end":{"line":57,"column":5}},"type":"if","locations":[{"start":{"line":52,"column":4},"end":{"line":57,"column":5}},{"start":{},"end":{}}],"line":52},"6":{"loc":{"start":{"line":52,"column":8},"end":{"line":52,"column":42}},"type":"binary-expr","locations":[{"start":{"line":52,"column":8},"end":{"line":52,"column":23}},{"start":{"line":52,"column":27},"end":{"line":52,"column":42}}],"line":52},"7":{"loc":{"start":{"line":58,"column":4},"end":{"line":63,"column":5}},"type":"if","locations":[{"start":{"line":58,"column":4},"end":{"line":63,"column":5}},{"start":{},"end":{}}],"line":58},"8":{"loc":{"start":{"line":58,"column":8},"end":{"line":58,"column":74}},"type":"binary-expr","locations":[{"start":{"line":58,"column":8},"end":{"line":58,"column":18}},{"start":{"line":58,"column":23},"end":{"line":58,"column":46}},{"start":{"line":58,"column":50},"end":{"line":58,"column":73}}],"line":58},"9":{"loc":{"start":{"line":70,"column":26},"end":{"line":70,"column":48}},"type":"binary-expr","locations":[{"start":{"line":70,"column":26},"end":{"line":70,"column":33}},{"start":{"line":70,"column":37},"end":{"line":70,"column":48}}],"line":70},"10":{"loc":{"start":{"line":72,"column":27},"end":{"line":74,"column":62}},"type":"cond-expr","locations":[{"start":{"line":73,"column":6},"end":{"line":73,"column":14}},{"start":{"line":74,"column":6},"end":{"line":74,"column":62}}],"line":72},"11":{"loc":{"start":{"line":92,"column":25},"end":{"line":92,"column":59}},"type":"cond-expr","locations":[{"start":{"line":92,"column":40},"end":{"line":92,"column":49}},{"start":{"line":92,"column":52},"end":{"line":92,"column":59}}],"line":92},"12":{"loc":{"start":{"line":95,"column":33},"end":{"line":95,"column":77}},"type":"cond-expr","locations":[{"start":{"line":95,"column":48},"end":{"line":95,"column":69}},{"start":{"line":95,"column":72},"end":{"line":95,"column":77}}],"line":95},"13":{"loc":{"start":{"line":105,"column":7},"end":{"line":114,"column":14}},"type":"cond-expr","locations":[{"start":{"line":106,"column":8},"end":{"line":113,"column":10}},{"start":{"line":114,"column":10},"end":{"line":114,"column":14}}],"line":105}},"s":{"0":6,"1":6,"2":6,"3":6,"4":6,"5":6,"6":6,"7":6,"8":6,"9":6,"10":28,"11":28,"12":28,"13":3,"14":28,"15":3,"16":28,"17":28,"18":28,"19":28,"20":28,"21":28,"22":28,"23":28},"f":{"0":28,"1":28},"b":{"0":[10],"1":[8],"2":[26],"3":[15],"4":[28,0],"5":[3,25],"6":[28,27],"7":[3,25],"8":[28,26,25],"9":[28,25],"10":[2,26],"11":[28,0],"12":[28,0],"13":[13,15]},"_coverageSchema":"1a1c01bbd47fc00a2c39e90264f33305004495a9","hash":"2470c23f19fcbf398d41206a04b311776bf53a72"}
,"C:\\Users\\I587436\\projects\\workproof\\app\\src\\components\\ScreenScaffold.tsx": {"path":"C:\\Users\\I587436\\projects\\workproof\\app\\src\\components\\ScreenScaffold.tsx","statementMap":{"0":{"start":{"line":51,"column":16},"end":{"line":51,"column":26}},"1":{"start":{"line":53,"column":17},"end":{"line":71,"column":3}},"2":{"start":{"line":55,"column":6},"end":{"line":69,"column":8}},"3":{"start":{"line":73,"column":2},"end":{"line":91,"column":4}}},"fnMap":{"0":{"name":"ScreenScaffold","decl":{"start":{"line":41,"column":16},"end":{"line":41,"column":30}},"loc":{"start":{"line":50,"column":44},"end":{"line":92,"column":1}},"line":50},"1":{"name":"(anonymous_1)","decl":{"start":{"line":54,"column":4},"end":{"line":54,"column":5}},"loc":{"start":{"line":55,"column":6},"end":{"line":69,"column":8}},"line":55}},"branchMap":{"0":{"loc":{"start":{"line":44,"column":2},"end":{"line":44,"column":19}},"type":"default-arg","locations":[{"start":{"line":44,"column":15},"end":{"line":44,"column":19}}],"line":44},"1":{"loc":{"start":{"line":48,"column":2},"end":{"line":48,"column":37}},"type":"default-arg","locations":[{"start":{"line":48,"column":33},"end":{"line":48,"column":37}}],"line":48},"2":{"loc":{"start":{"line":75,"column":7},"end":{"line":75,"column":64}},"type":"cond-expr","locations":[{"start":{"line":75,"column":14},"end":{"line":75,"column":57}},{"start":{"line":75,"column":60},"end":{"line":75,"column":64}}],"line":75},"3":{"loc":{"start":{"line":76,"column":7},"end":{"line":89,"column":7}},"type":"cond-expr","locations":[{"start":{"line":77,"column":8},"end":{"line":86,"column":21}},{"start":{"line":88,"column":8},"end":{"line":88,"column":70}}],"line":76}},"s":{"0":74,"1":74,"2":50,"3":74},"f":{"0":74,"1":50},"b":{"0":[37],"1":[74],"2":[10,64],"3":[37,37]},"_coverageSchema":"1a1c01bbd47fc00a2c39e90264f33305004495a9","hash":"24c590191bd74a26dd44254e2f71b36be09760d8"}
,"C:\\Users\\I587436\\projects\\workproof\\app\\src\\components\\SegmentedTabs.tsx": {"path":"C:\\Users\\I587436\\projects\\workproof\\app\\src\\components\\SegmentedTabs.tsx","statementMap":{"0":{"start":{"line":47,"column":21},"end":{"line":47,"column":22}},"1":{"start":{"line":48,"column":20},"end":{"line":48,"column":53}},"2":{"start":{"line":57,"column":16},"end":{"line":57,"column":26}},"3":{"start":{"line":58,"column":23},"end":{"line":58,"column":41}},"4":{"start":{"line":59,"column":18},"end":{"line":59,"column":30}},"5":{"start":{"line":60,"column":19},"end":{"line":60,"column":43}},"6":{"start":{"line":61,"column":22},"end":{"line":64,"column":3}},"7":{"start":{"line":63,"column":26},"end":{"line":63,"column":41}},"8":{"start":{"line":69,"column":19},"end":{"line":71,"column":11}},"9":{"start":{"line":74,"column":23},"end":{"line":74,"column":71}},"10":{"start":{"line":75,"column":46},"end":{"line":75,"column":65}},"11":{"start":{"line":77,"column":2},"end":{"line":93,"column":70}},"12":{"start":{"line":78,"column":4},"end":{"line":78,"column":33}},"13":{"start":{"line":79,"column":4},"end":{"line":83,"column":5}},"14":{"start":{"line":80,"column":6},"end":{"line":80,"column":37}},"15":{"start":{"line":81,"column":6},"end":{"line":81,"column":34}},"16":{"start":{"line":82,"column":6},"end":{"line":82,"column":13}},"17":{"start":{"line":84,"column":17},"end":{"line":89,"column":6}},"18":{"start":{"line":90,"column":4},"end":{"line":90,"column":32}},"19":{"start":{"line":91,"column":4},"end":{"line":91,"column":17}},"20":{"start":{"line":92,"column":4},"end":{"line":92,"column":46}},"21":{"start":{"line":92,"column":17},"end":{"line":92,"column":45}},"22":{"start":{"line":95,"column":17},"end":{"line":131,"column":3}},"23":{"start":{"line":97,"column":6},"end":{"line":129,"column":8}},"24":{"start":{"line":133,"column":21},"end":{"line":133,"column":67}},"25":{"start":{"line":134,"column":19},"end":{"line":134,"column":40}},"26":{"start":{"line":138,"column":21},"end":{"line":141,"column":4}},"27":{"start":{"line":139,"column":35},"end":{"line":139,"column":36}},"28":{"start":{"line":140,"column":36},"end":{"line":140,"column":48}},"29":{"start":{"line":143,"column":19},"end":{"line":146,"column":3}},"30":{"start":{"line":144,"column":17},"end":{"line":144,"column":43}},"31":{"start":{"line":145,"column":4},"end":{"line":145,"column":57}},"32":{"start":{"line":145,"column":33},"end":{"line":145,"column":57}},"33":{"start":{"line":152,"column":4},"end":{"line":152,"column":69}},"34":{"start":{"line":154,"column":2},"end":{"line":203,"column":4}},"35":{"start":{"line":172,"column":25},"end":{"line":172,"column":42}},"36":{"start":{"line":173,"column":8},"end":{"line":200,"column":10}},"37":{"start":{"line":179,"column":14},"end":{"line":182,"column":15}},"38":{"start":{"line":180,"column":16},"end":{"line":180,"column":36}},"39":{"start":{"line":181,"column":16},"end":{"line":181,"column":34}}},"fnMap":{"0":{"name":"SegmentedTabs","decl":{"start":{"line":50,"column":16},"end":{"line":50,"column":29}},"loc":{"start":{"line":56,"column":43},"end":{"line":204,"column":1}},"line":56},"1":{"name":"(anonymous_1)","decl":{"start":{"line":63,"column":19},"end":{"line":63,"column":20}},"loc":{"start":{"line":63,"column":26},"end":{"line":63,"column":41}},"line":63},"2":{"name":"(anonymous_2)","decl":{"start":{"line":77,"column":12},"end":{"line":77,"column":13}},"loc":{"start":{"line":77,"column":18},"end":{"line":93,"column":3}},"line":77},"3":{"name":"(anonymous_3)","decl":{"start":{"line":92,"column":11},"end":{"line":92,"column":12}},"loc":{"start":{"line":92,"column":17},"end":{"line":92,"column":45}},"line":92},"4":{"name":"(anonymous_4)","decl":{"start":{"line":96,"column":4},"end":{"line":96,"column":5}},"loc":{"start":{"line":97,"column":6},"end":{"line":129,"column":8}},"line":97},"5":{"name":"(anonymous_5)","decl":{"start":{"line":139,"column":25},"end":{"line":139,"column":26}},"loc":{"start":{"line":139,"column":35},"end":{"line":139,"column":36}},"line":139},"6":{"name":"(anonymous_6)","decl":{"start":{"line":140,"column":26},"end":{"line":140,"column":27}},"loc":{"start":{"line":140,"column":36},"end":{"line":140,"column":48}},"line":140},"7":{"name":"(anonymous_7)","decl":{"start":{"line":143,"column":19},"end":{"line":143,"column":20}},"loc":{"start":{"line":143,"column":51},"end":{"line":146,"column":3}},"line":143},"8":{"name":"(anonymous_8)","decl":{"start":{"line":171,"column":16},"end":{"line":171,"column":17}},"loc":{"start":{"line":171,"column":25},"end":{"line":201,"column":7}},"line":171},"9":{"name":"(anonymous_9)","decl":{"start":{"line":176,"column":21},"end":{"line":176,"column":22}},"loc":{"start":{"line":176,"column":27},"end":{"line":183,"column":13}},"line":176}},"branchMap":{"0":{"loc":{"start":{"line":55,"column":2},"end":{"line":55,"column":31}},"type":"default-arg","locations":[{"start":{"line":55,"column":22},"end":{"line":55,"column":31}}],"line":55},"1":{"loc":{"start":{"line":79,"column":4},"end":{"line":83,"column":5}},"type":"if","locations":[{"start":{"line":79,"column":4},"end":{"line":83,"column":5}},{"start":{},"end":{}}],"line":79},"2":{"loc":{"start":{"line":145,"column":4},"end":{"line":145,"column":57}},"type":"if","locations":[{"start":{"line":145,"column":4},"end":{"line":145,"column":57}},{"start":{},"end":{}}],"line":145},"3":{"loc":{"start":{"line":152,"column":4},"end":{"line":152,"column":69}},"type":"binary-expr","locations":[{"start":{"line":152,"column":4},"end":{"line":152,"column":41}},{"start":{"line":152,"column":45},"end":{"line":152,"column":69}}],"line":152},"4":{"loc":{"start":{"line":160,"column":26},"end":{"line":160,"column":73}},"type":"cond-expr","locations":[{"start":{"line":160,"column":40},"end":{"line":160,"column":61}},{"start":{"line":160,"column":64},"end":{"line":160,"column":73}}],"line":160},"5":{"loc":{"start":{"line":162,"column":7},"end":{"line":170,"column":14}},"type":"cond-expr","locations":[{"start":{"line":163,"column":8},"end":{"line":169,"column":10}},{"start":{"line":170,"column":10},"end":{"line":170,"column":14}}],"line":162},"6":{"loc":{"start":{"line":179,"column":14},"end":{"line":182,"column":15}},"type":"if","locations":[{"start":{"line":179,"column":14},"end":{"line":182,"column":15}},{"start":{},"end":{}}],"line":179},"7":{"loc":{"start":{"line":189,"column":32},"end":{"line":189,"column":67}},"type":"binary-expr","locations":[{"start":{"line":189,"column":32},"end":{"line":189,"column":54}},{"start":{"line":189,"column":58},"end":{"line":189,"column":67}}],"line":189},"8":{"loc":{"start":{"line":196,"column":25},"end":{"line":196,"column":77}},"type":"cond-expr","locations":[{"start":{"line":196,"column":36},"end":{"line":196,"column":54}},{"start":{"line":196,"column":57},"end":{"line":196,"column":77}}],"line":196}},"s":{"0":6,"1":6,"2":29,"3":29,"4":29,"5":29,"6":29,"7":43,"8":29,"9":29,"10":29,"11":29,"12":28,"13":28,"14":2,"15":2,"16":2,"17":26,"18":26,"19":26,"20":26,"21":26,"22":29,"23":20,"24":29,"25":29,"26":29,"27":87,"28":87,"29":29,"30":0,"31":0,"32":0,"33":29,"34":29,"35":87,"36":87,"37":6,"38":5,"39":5},"f":{"0":29,"1":43,"2":28,"3":26,"4":20,"5":87,"6":87,"7":0,"8":87,"9":6},"b":{"0":[29],"1":[2,26],"2":[0,0],"3":[29,29],"4":[29,0],"5":[0,29],"6":[5,1],"7":[87,87],"8":[29,58]},"_coverageSchema":"1a1c01bbd47fc00a2c39e90264f33305004495a9","hash":"754c5e28308b9bff92acd433c557964eeec6f91f"}
,"C:\\Users\\I587436\\projects\\workproof\\app\\src\\components\\index.ts": {"path":"C:\\Users\\I587436\\projects\\workproof\\app\\src\\components\\index.ts","statementMap":{},"fnMap":{},"branchMap":{},"s":{},"f":{},"b":{},"_coverageSchema":"1a1c01bbd47fc00a2c39e90264f33305004495a9","hash":"61e1a2d00bbe393e6fb5542f34cec396759c618e"}
,"C:\\Users\\I587436\\projects\\workproof\\app\\src\\screens\\History.tsx": {"path":"C:\\Users\\I587436\\projects\\workproof\\app\\src\\screens\\History.tsx","statementMap":{"0":{"start":{"line":43,"column":13},"end":{"line":47,"column":44}},"1":{"start":{"line":51,"column":46},"end":{"line":51,"column":68}},"2":{"start":{"line":51,"column":62},"end":{"line":51,"column":67}},"3":{"start":{"line":54,"column":2},"end":{"line":54,"column":60}},"4":{"start":{"line":66,"column":58},"end":{"line":79,"column":1}},"5":{"start":{"line":82,"column":16},"end":{"line":82,"column":26}},"6":{"start":{"line":83,"column":18},"end":{"line":83,"column":48}},"7":{"start":{"line":83,"column":38},"end":{"line":83,"column":47}},"8":{"start":{"line":84,"column":18},"end":{"line":84,"column":48}},"9":{"start":{"line":84,"column":38},"end":{"line":84,"column":47}},"10":{"start":{"line":85,"column":22},"end":{"line":85,"column":56}},"11":{"start":{"line":85,"column":42},"end":{"line":85,"column":55}},"12":{"start":{"line":86,"column":16},"end":{"line":86,"column":44}},"13":{"start":{"line":86,"column":36},"end":{"line":86,"column":43}},"14":{"start":{"line":87,"column":21},"end":{"line":87,"column":54}},"15":{"start":{"line":87,"column":41},"end":{"line":87,"column":53}},"16":{"start":{"line":88,"column":18},"end":{"line":88,"column":48}},"17":{"start":{"line":88,"column":38},"end":{"line":88,"column":47}},"18":{"start":{"line":89,"column":30},"end":{"line":89,"column":60}},"19":{"start":{"line":91,"column":19},"end":{"line":95,"column":23}},"20":{"start":{"line":92,"column":4},"end":{"line":92,"column":41}},"21":{"start":{"line":92,"column":26},"end":{"line":92,"column":41}},"22":{"start":{"line":93,"column":4},"end":{"line":93,"column":65}},"23":{"start":{"line":93,"column":31},"end":{"line":93,"column":65}},"24":{"start":{"line":94,"column":4},"end":{"line":94,"column":49}},"25":{"start":{"line":94,"column":33},"end":{"line":94,"column":47}},"26":{"start":{"line":100,"column":29},"end":{"line":103,"column":18}},"27":{"start":{"line":101,"column":4},"end":{"line":101,"column":17}},"28":{"start":{"line":102,"column":4},"end":{"line":102,"column":66}},"29":{"start":{"line":105,"column":17},"end":{"line":219,"column":3}},"30":{"start":{"line":107,"column":6},"end":{"line":217,"column":8}},"31":{"start":{"line":221,"column":21},"end":{"line":281,"column":3}},"32":{"start":{"line":222,"column":21},"end":{"line":222,"column":37}},"33":{"start":{"line":223,"column":22},"end":{"line":223,"column":55}},"34":{"start":{"line":224,"column":24},"end":{"line":224,"column":55}},"35":{"start":{"line":226,"column":6},"end":{"line":228,"column":51}},"36":{"start":{"line":230,"column":4},"end":{"line":280,"column":6}},"37":{"start":{"line":233,"column":23},"end":{"line":233,"column":40}},"38":{"start":{"line":283,"column":22},"end":{"line":304,"column":3}},"39":{"start":{"line":285,"column":4},"end":{"line":292,"column":5}},"40":{"start":{"line":286,"column":6},"end":{"line":291,"column":8}},"41":{"start":{"line":293,"column":17},"end":{"line":293,"column":35}},"42":{"start":{"line":294,"column":4},"end":{"line":303,"column":6}},"43":{"start":{"line":306,"column":2},"end":{"line":369,"column":4}},"44":{"start":{"line":327,"column":12},"end":{"line":327,"column":53}},"45":{"start":{"line":327,"column":38},"end":{"line":327,"column":53}},"46":{"start":{"line":353,"column":32},"end":{"line":353,"column":39}},"47":{"start":{"line":355,"column":38},"end":{"line":355,"column":71}}},"fnMap":{"0":{"name":"(anonymous_0)","decl":{"start":{"line":51,"column":55},"end":{"line":51,"column":56}},"loc":{"start":{"line":51,"column":62},"end":{"line":51,"column":67}},"line":51},"1":{"name":"isHistoryFilter","decl":{"start":{"line":53,"column":9},"end":{"line":53,"column":24}},"loc":{"start":{"line":53,"column":64},"end":{"line":55,"column":1}},"line":53},"2":{"name":"History","decl":{"start":{"line":81,"column":16},"end":{"line":81,"column":23}},"loc":{"start":{"line":81,"column":75},"end":{"line":370,"column":1}},"line":81},"3":{"name":"(anonymous_3)","decl":{"start":{"line":83,"column":31},"end":{"line":83,"column":32}},"loc":{"start":{"line":83,"column":38},"end":{"line":83,"column":47}},"line":83},"4":{"name":"(anonymous_4)","decl":{"start":{"line":84,"column":31},"end":{"line":84,"column":32}},"loc":{"start":{"line":84,"column":38},"end":{"line":84,"column":47}},"line":84},"5":{"name":"(anonymous_5)","decl":{"start":{"line":85,"column":35},"end":{"line":85,"column":36}},"loc":{"start":{"line":85,"column":42},"end":{"line":85,"column":55}},"line":85},"6":{"name":"(anonymous_6)","decl":{"start":{"line":86,"column":29},"end":{"line":86,"column":30}},"loc":{"start":{"line":86,"column":36},"end":{"line":86,"column":43}},"line":86},"7":{"name":"(anonymous_7)","decl":{"start":{"line":87,"column":34},"end":{"line":87,"column":35}},"loc":{"start":{"line":87,"column":41},"end":{"line":87,"column":53}},"line":87},"8":{"name":"(anonymous_8)","decl":{"start":{"line":88,"column":31},"end":{"line":88,"column":32}},"loc":{"start":{"line":88,"column":38},"end":{"line":88,"column":47}},"line":88},"9":{"name":"(anonymous_9)","decl":{"start":{"line":91,"column":41},"end":{"line":91,"column":42}},"loc":{"start":{"line":91,"column":47},"end":{"line":95,"column":3}},"line":91},"10":{"name":"(anonymous_10)","decl":{"start":{"line":94,"column":26},"end":{"line":94,"column":27}},"loc":{"start":{"line":94,"column":33},"end":{"line":94,"column":47}},"line":94},"11":{"name":"(anonymous_11)","decl":{"start":{"line":100,"column":41},"end":{"line":100,"column":42}},"loc":{"start":{"line":100,"column":53},"end":{"line":103,"column":3}},"line":100},"12":{"name":"(anonymous_12)","decl":{"start":{"line":106,"column":4},"end":{"line":106,"column":5}},"loc":{"start":{"line":107,"column":6},"end":{"line":217,"column":8}},"line":107},"13":{"name":"(anonymous_13)","decl":{"start":{"line":221,"column":21},"end":{"line":221,"column":22}},"loc":{"start":{"line":221,"column":87},"end":{"line":281,"column":3}},"line":221},"14":{"name":"(anonymous_14)","decl":{"start":{"line":233,"column":17},"end":{"line":233,"column":18}},"loc":{"start":{"line":233,"column":23},"end":{"line":233,"column":40}},"line":233},"15":{"name":"(anonymous_15)","decl":{"start":{"line":283,"column":22},"end":{"line":283,"column":23}},"loc":{"start":{"line":283,"column":48},"end":{"line":304,"column":3}},"line":283},"16":{"name":"(anonymous_16)","decl":{"start":{"line":326,"column":20},"end":{"line":326,"column":21}},"loc":{"start":{"line":326,"column":29},"end":{"line":328,"column":11}},"line":326},"17":{"name":"(anonymous_17)","decl":{"start":{"line":353,"column":22},"end":{"line":353,"column":23}},"loc":{"start":{"line":353,"column":32},"end":{"line":353,"column":39}},"line":353},"18":{"name":"(anonymous_18)","decl":{"start":{"line":355,"column":32},"end":{"line":355,"column":33}},"loc":{"start":{"line":355,"column":38},"end":{"line":355,"column":71}},"line":355}},"branchMap":{"0":{"loc":{"start":{"line":92,"column":4},"end":{"line":92,"column":41}},"type":"if","locations":[{"start":{"line":92,"column":4},"end":{"line":92,"column":41}},{"start":{},"end":{}}],"line":92},"1":{"loc":{"start":{"line":93,"column":4},"end":{"line":93,"column":65}},"type":"if","locations":[{"start":{"line":93,"column":4},"end":{"line":93,"column":65}},{"start":{},"end":{}}],"line":93},"2":{"loc":{"start":{"line":223,"column":22},"end":{"line":223,"column":55}},"type":"cond-expr","locations":[{"start":{"line":223,"column":33},"end":{"line":223,"column":43}},{"start":{"line":223,"column":46},"end":{"line":223,"column":55}}],"line":223},"3":{"loc":{"start":{"line":224,"column":24},"end":{"line":224,"column":55}},"type":"cond-expr","locations":[{"start":{"line":224,"column":35},"end":{"line":224,"column":42}},{"start":{"line":224,"column":45},"end":{"line":224,"column":55}}],"line":224},"4":{"loc":{"start":{"line":226,"column":9},"end":{"line":226,"column":41}},"type":"binary-expr","locations":[{"start":{"line":226,"column":9},"end":{"line":226,"column":22}},{"start":{"line":226,"column":26},"end":{"line":226,"column":41}}],"line":226},"5":{"loc":{"start":{"line":227,"column":7},"end":{"line":227,"column":52}},"type":"cond-expr","locations":[{"start":{"line":227,"column":25},"end":{"line":227,"column":47}},{"start":{"line":227,"column":50},"end":{"line":227,"column":52}}],"line":227},"6":{"loc":{"start":{"line":238,"column":11},"end":{"line":250,"column":11}},"type":"cond-expr","locations":[{"start":{"line":239,"column":12},"end":{"line":243,"column":14}},{"start":{"line":245,"column":12},"end":{"line":249,"column":14}}],"line":238},"7":{"loc":{"start":{"line":253,"column":15},"end":{"line":253,"column":47}},"type":"binary-expr","locations":[{"start":{"line":253,"column":15},"end":{"line":253,"column":28}},{"start":{"line":253,"column":32},"end":{"line":253,"column":47}}],"line":253},"8":{"loc":{"start":{"line":255,"column":13},"end":{"line":259,"column":20}},"type":"cond-expr","locations":[{"start":{"line":256,"column":14},"end":{"line":258,"column":21}},{"start":{"line":259,"column":16},"end":{"line":259,"column":20}}],"line":255},"9":{"loc":{"start":{"line":285,"column":4},"end":{"line":292,"column":5}},"type":"if","locations":[{"start":{"line":285,"column":4},"end":{"line":292,"column":5}},{"start":{},"end":{}}],"line":285},"10":{"loc":{"start":{"line":297,"column":19},"end":{"line":297,"column":63}},"type":"cond-expr","locations":[{"start":{"line":297,"column":43},"end":{"line":297,"column":55}},{"start":{"line":297,"column":58},"end":{"line":297,"column":63}}],"line":297},"11":{"loc":{"start":{"line":327,"column":12},"end":{"line":327,"column":53}},"type":"if","locations":[{"start":{"line":327,"column":12},"end":{"line":327,"column":53}},{"start":{},"end":{}}],"line":327},"12":{"loc":{"start":{"line":331,"column":7},"end":{"line":350,"column":14}},"type":"cond-expr","locations":[{"start":{"line":332,"column":8},"end":{"line":349,"column":15}},{"start":{"line":350,"column":10},"end":{"line":350,"column":14}}],"line":331}},"s":{"0":1,"1":1,"2":3,"3":4,"4":1,"5":17,"6":17,"7":17,"8":17,"9":17,"10":17,"11":17,"12":17,"13":17,"14":17,"15":17,"16":17,"17":17,"18":17,"19":17,"20":17,"21":13,"22":4,"23":2,"24":2,"25":3,"26":17,"27":1,"28":1,"29":17,"30":12,"31":17,"32":22,"33":22,"34":22,"35":22,"36":22,"37":2,"38":17,"39":4,"40":1,"41":3,"42":3,"43":17,"44":4,"45":4,"46":34,"47":9},"f":{"0":3,"1":4,"2":17,"3":17,"4":17,"5":17,"6":17,"7":17,"8":17,"9":17,"10":3,"11":1,"12":12,"13":22,"14":2,"15":4,"16":4,"17":34,"18":9},"b":{"0":[13,4],"1":[2,2],"2":[11,11],"3":[11,11],"4":[22,0],"5":[22,0],"6":[0,22],"7":[22,0],"8":[22,0],"9":[1,3],"10":[1,2],"11":[4,0],"12":[1,16]},"_coverageSchema":"1a1c01bbd47fc00a2c39e90264f33305004495a9","hash":"bc6f034e5160b0d846b491593e646256fe651272"}
,"C:\\Users\\I587436\\projects\\workproof\\app\\src\\screens\\Home.tsx": {"path":"C:\\Users\\I587436\\projects\\workproof\\app\\src\\screens\\Home.tsx","statementMap":{"0":{"start":{"line":45,"column":25},"end":{"line":45,"column":28}},"1":{"start":{"line":46,"column":19},"end":{"line":46,"column":21}},"2":{"start":{"line":47,"column":21},"end":{"line":47,"column":22}},"3":{"start":{"line":50,"column":22},"end":{"line":50,"column":45}},"4":{"start":{"line":51,"column":2},"end":{"line":54,"column":12}},"5":{"start":{"line":52,"column":14},"end":{"line":52,"column":32}},"6":{"start":{"line":53,"column":4},"end":{"line":53,"column":76}},"7":{"start":{"line":58,"column":2},"end":{"line":58,"column":43}},"8":{"start":{"line":62,"column":16},"end":{"line":62,"column":26}},"9":{"start":{"line":63,"column":18},"end":{"line":63,"column":48}},"10":{"start":{"line":63,"column":38},"end":{"line":63,"column":47}},"11":{"start":{"line":64,"column":38},"end":{"line":64,"column":53}},"12":{"start":{"line":68,"column":2},"end":{"line":72,"column":4}},"13":{"start":{"line":70,"column":6},"end":{"line":70,"column":45}},"14":{"start":{"line":76,"column":24},"end":{"line":83,"column":8}},"15":{"start":{"line":77,"column":4},"end":{"line":77,"column":24}},"16":{"start":{"line":78,"column":4},"end":{"line":82,"column":5}},"17":{"start":{"line":79,"column":6},"end":{"line":79,"column":46}},"18":{"start":{"line":81,"column":6},"end":{"line":81,"column":27}},"19":{"start":{"line":85,"column":17},"end":{"line":85,"column":73}},"20":{"start":{"line":85,"column":31},"end":{"line":85,"column":61}},"21":{"start":{"line":86,"column":20},"end":{"line":86,"column":68}},"22":{"start":{"line":86,"column":34},"end":{"line":86,"column":56}},"23":{"start":{"line":87,"column":24},"end":{"line":87,"column":72}},"24":{"start":{"line":87,"column":38},"end":{"line":87,"column":60}},"25":{"start":{"line":89,"column":17},"end":{"line":204,"column":3}},"26":{"start":{"line":91,"column":6},"end":{"line":202,"column":8}},"27":{"start":{"line":207,"column":4},"end":{"line":216,"column":11}},"28":{"start":{"line":219,"column":16},"end":{"line":221,"column":3}},"29":{"start":{"line":220,"column":4},"end":{"line":220,"column":35}},"30":{"start":{"line":223,"column":18},"end":{"line":223,"column":37}},"31":{"start":{"line":225,"column":2},"end":{"line":390,"column":4}},"32":{"start":{"line":305,"column":29},"end":{"line":305,"column":59}},"33":{"start":{"line":320,"column":29},"end":{"line":320,"column":44}},"34":{"start":{"line":321,"column":12},"end":{"line":367,"column":14}},"35":{"start":{"line":325,"column":31},"end":{"line":325,"column":81}}},"fnMap":{"0":{"name":"countThisWeek","decl":{"start":{"line":49,"column":9},"end":{"line":49,"column":22}},"loc":{"start":{"line":49,"column":54},"end":{"line":55,"column":1}},"line":49},"1":{"name":"(anonymous_1)","decl":{"start":{"line":51,"column":24},"end":{"line":51,"column":25}},"loc":{"start":{"line":51,"column":31},"end":{"line":54,"column":3}},"line":51},"2":{"name":"countAnchored","decl":{"start":{"line":57,"column":9},"end":{"line":57,"column":22}},"loc":{"start":{"line":57,"column":54},"end":{"line":59,"column":1}},"line":57},"3":{"name":"Home","decl":{"start":{"line":61,"column":16},"end":{"line":61,"column":20}},"loc":{"start":{"line":61,"column":68},"end":{"line":391,"column":1}},"line":61},"4":{"name":"(anonymous_4)","decl":{"start":{"line":63,"column":31},"end":{"line":63,"column":32}},"loc":{"start":{"line":63,"column":38},"end":{"line":63,"column":47}},"line":63},"5":{"name":"(anonymous_5)","decl":{"start":{"line":69,"column":16},"end":{"line":69,"column":17}},"loc":{"start":{"line":69,"column":22},"end":{"line":71,"column":5}},"line":69},"6":{"name":"(anonymous_6)","decl":{"start":{"line":76,"column":36},"end":{"line":76,"column":37}},"loc":{"start":{"line":76,"column":48},"end":{"line":83,"column":3}},"line":76},"7":{"name":"(anonymous_7)","decl":{"start":{"line":85,"column":25},"end":{"line":85,"column":26}},"loc":{"start":{"line":85,"column":31},"end":{"line":85,"column":61}},"line":85},"8":{"name":"(anonymous_8)","decl":{"start":{"line":86,"column":28},"end":{"line":86,"column":29}},"loc":{"start":{"line":86,"column":34},"end":{"line":86,"column":56}},"line":86},"9":{"name":"(anonymous_9)","decl":{"start":{"line":87,"column":32},"end":{"line":87,"column":33}},"loc":{"start":{"line":87,"column":38},"end":{"line":87,"column":60}},"line":87},"10":{"name":"(anonymous_10)","decl":{"start":{"line":90,"column":4},"end":{"line":90,"column":5}},"loc":{"start":{"line":91,"column":6},"end":{"line":202,"column":8}},"line":91},"11":{"name":"(anonymous_11)","decl":{"start":{"line":219,"column":16},"end":{"line":219,"column":17}},"loc":{"start":{"line":219,"column":28},"end":{"line":221,"column":3}},"line":219},"12":{"name":"(anonymous_12)","decl":{"start":{"line":305,"column":23},"end":{"line":305,"column":24}},"loc":{"start":{"line":305,"column":29},"end":{"line":305,"column":59}},"line":305},"13":{"name":"(anonymous_13)","decl":{"start":{"line":319,"column":22},"end":{"line":319,"column":23}},"loc":{"start":{"line":319,"column":31},"end":{"line":368,"column":11}},"line":319},"14":{"name":"(anonymous_14)","decl":{"start":{"line":325,"column":25},"end":{"line":325,"column":26}},"loc":{"start":{"line":325,"column":31},"end":{"line":325,"column":81}},"line":325}},"branchMap":{"0":{"loc":{"start":{"line":53,"column":11},"end":{"line":53,"column":75}},"type":"binary-expr","locations":[{"start":{"line":53,"column":11},"end":{"line":53,"column":22}},{"start":{"line":53,"column":27},"end":{"line":53,"column":48}},{"start":{"line":53,"column":52},"end":{"line":53,"column":74}}],"line":53},"1":{"loc":{"start":{"line":291,"column":7},"end":{"line":298,"column":14}},"type":"cond-expr","locations":[{"start":{"line":292,"column":8},"end":{"line":297,"column":10}},{"start":{"line":298,"column":10},"end":{"line":298,"column":14}}],"line":291},"2":{"loc":{"start":{"line":300,"column":7},"end":{"line":388,"column":7}},"type":"cond-expr","locations":[{"start":{"line":301,"column":8},"end":{"line":369,"column":11}},{"start":{"line":371,"column":8},"end":{"line":387,"column":15}}],"line":300},"3":{"loc":{"start":{"line":327,"column":18},"end":{"line":327,"column":64}},"type":"cond-expr","locations":[{"start":{"line":327,"column":35},"end":{"line":327,"column":59}},{"start":{"line":327,"column":62},"end":{"line":327,"column":64}}],"line":327},"4":{"loc":{"start":{"line":328,"column":21},"end":{"line":328,"column":63}},"type":"cond-expr","locations":[{"start":{"line":328,"column":32},"end":{"line":328,"column":51}},{"start":{"line":328,"column":54},"end":{"line":328,"column":63}}],"line":328},"5":{"loc":{"start":{"line":333,"column":19},"end":{"line":345,"column":19}},"type":"cond-expr","locations":[{"start":{"line":334,"column":20},"end":{"line":338,"column":22}},{"start":{"line":340,"column":20},"end":{"line":344,"column":22}}],"line":333},"6":{"loc":{"start":{"line":350,"column":21},"end":{"line":354,"column":28}},"type":"cond-expr","locations":[{"start":{"line":351,"column":22},"end":{"line":353,"column":29}},{"start":{"line":354,"column":24},"end":{"line":354,"column":28}}],"line":350},"7":{"loc":{"start":{"line":361,"column":29},"end":{"line":361,"column":62}},"type":"cond-expr","locations":[{"start":{"line":361,"column":40},"end":{"line":361,"column":50}},{"start":{"line":361,"column":53},"end":{"line":361,"column":62}}],"line":361},"8":{"loc":{"start":{"line":362,"column":31},"end":{"line":362,"column":62}},"type":"cond-expr","locations":[{"start":{"line":362,"column":42},"end":{"line":362,"column":49}},{"start":{"line":362,"column":52},"end":{"line":362,"column":62}}],"line":362}},"s":{"0":1,"1":1,"2":1,"3":9,"4":9,"5":7,"6":7,"7":9,"8":9,"9":9,"10":9,"11":9,"12":9,"13":9,"14":9,"15":0,"16":0,"17":0,"18":0,"19":9,"20":9,"21":9,"22":9,"23":9,"24":9,"25":9,"26":9,"27":9,"28":9,"29":2,"30":9,"31":9,"32":0,"33":7,"34":7,"35":1},"f":{"0":9,"1":7,"2":9,"3":9,"4":9,"5":9,"6":0,"7":9,"8":9,"9":9,"10":9,"11":2,"12":0,"13":7,"14":1},"b":{"0":[7,7,7],"1":[5,4],"2":[5,4],"3":[7,0],"4":[1,6],"5":[0,7],"6":[7,0],"7":[1,6],"8":[1,6]},"_coverageSchema":"1a1c01bbd47fc00a2c39e90264f33305004495a9","hash":"bb7b44f3a6b5bd60a8425696432a2c5125c7a7ae"}
,"C:\\Users\\I587436\\projects\\workproof\\app\\src\\screens\\LogWork.tsx": {"path":"C:\\Users\\I587436\\projects\\workproof\\app\\src\\screens\\LogWork.tsx","statementMap":{"0":{"start":{"line":77,"column":27},"end":{"line":77,"column":29}},"1":{"start":{"line":78,"column":21},"end":{"line":78,"column":23}},"2":{"start":{"line":81,"column":23},"end":{"line":81,"column":44}},"3":{"start":{"line":82,"column":13},"end":{"line":82,"column":67}},"4":{"start":{"line":83,"column":13},"end":{"line":83,"column":55}},"5":{"start":{"line":84,"column":2},"end":{"line":84,"column":23}},"6":{"start":{"line":105,"column":16},"end":{"line":105,"column":26}},"7":{"start":{"line":106,"column":23},"end":{"line":106,"column":41}},"8":{"start":{"line":107,"column":19},"end":{"line":107,"column":40}},"9":{"start":{"line":108,"column":15},"end":{"line":108,"column":59}},"10":{"start":{"line":112,"column":23},"end":{"line":112,"column":71}},"11":{"start":{"line":114,"column":2},"end":{"line":116,"column":23}},"12":{"start":{"line":115,"column":4},"end":{"line":115,"column":28}},"13":{"start":{"line":118,"column":20},"end":{"line":135,"column":3}},"14":{"start":{"line":119,"column":4},"end":{"line":122,"column":5}},"15":{"start":{"line":120,"column":6},"end":{"line":120,"column":23}},"16":{"start":{"line":121,"column":6},"end":{"line":121,"column":13}},"17":{"start":{"line":123,"column":4},"end":{"line":123,"column":33}},"18":{"start":{"line":124,"column":17},"end":{"line":128,"column":6}},"19":{"start":{"line":129,"column":4},"end":{"line":129,"column":32}},"20":{"start":{"line":130,"column":4},"end":{"line":134,"column":7}},"21":{"start":{"line":131,"column":6},"end":{"line":133,"column":7}},"22":{"start":{"line":132,"column":8},"end":{"line":132,"column":36}},"23":{"start":{"line":139,"column":2},"end":{"line":143,"column":9}},"24":{"start":{"line":140,"column":4},"end":{"line":142,"column":6}},"25":{"start":{"line":141,"column":6},"end":{"line":141,"column":35}},"26":{"start":{"line":149,"column":26},"end":{"line":149,"column":35}},"27":{"start":{"line":150,"column":2},"end":{"line":162,"column":33}},"28":{"start":{"line":151,"column":4},"end":{"line":154,"column":5}},"29":{"start":{"line":152,"column":6},"end":{"line":152,"column":34}},"30":{"start":{"line":153,"column":6},"end":{"line":153,"column":13}},"31":{"start":{"line":155,"column":16},"end":{"line":155,"column":26}},"32":{"start":{"line":156,"column":4},"end":{"line":161,"column":5}},"33":{"start":{"line":157,"column":6},"end":{"line":157,"column":36}},"34":{"start":{"line":158,"column":6},"end":{"line":160,"column":8}},"35":{"start":{"line":164,"column":17},"end":{"line":193,"column":3}},"36":{"start":{"line":166,"column":6},"end":{"line":191,"column":8}},"37":{"start":{"line":195,"column":24},"end":{"line":198,"column":3}},"38":{"start":{"line":196,"column":11},"end":{"line":196,"column":48}},"39":{"start":{"line":200,"column":25},"end":{"line":207,"column":3}},"40":{"start":{"line":201,"column":29},"end":{"line":204,"column":5}},"41":{"start":{"line":205,"column":4},"end":{"line":205,"column":48}},"42":{"start":{"line":205,"column":23},"end":{"line":205,"column":48}},"43":{"start":{"line":206,"column":4},"end":{"line":206,"column":15}},"44":{"start":{"line":209,"column":2},"end":{"line":232,"column":4}},"45":{"start":{"line":213,"column":25},"end":{"line":213,"column":37}},"46":{"start":{"line":214,"column":26},"end":{"line":214,"column":45}},"47":{"start":{"line":256,"column":16},"end":{"line":256,"column":26}},"48":{"start":{"line":257,"column":32},"end":{"line":257,"column":47}},"49":{"start":{"line":259,"column":17},"end":{"line":291,"column":3}},"50":{"start":{"line":261,"column":6},"end":{"line":289,"column":8}},"51":{"start":{"line":293,"column":2},"end":{"line":312,"column":4}},"52":{"start":{"line":304,"column":23},"end":{"line":304,"column":39}},"53":{"start":{"line":305,"column":22},"end":{"line":305,"column":39}},"54":{"start":{"line":316,"column":16},"end":{"line":316,"column":26}},"55":{"start":{"line":317,"column":23},"end":{"line":317,"column":41}},"56":{"start":{"line":320,"column":28},"end":{"line":320,"column":51}},"57":{"start":{"line":324,"column":4},"end":{"line":324,"column":51}},"58":{"start":{"line":325,"column":42},"end":{"line":325,"column":64}},"59":{"start":{"line":328,"column":23},"end":{"line":328,"column":59}},"60":{"start":{"line":329,"column":40},"end":{"line":329,"column":51}},"61":{"start":{"line":330,"column":18},"end":{"line":330,"column":69}},"62":{"start":{"line":333,"column":34},"end":{"line":333,"column":63}},"63":{"start":{"line":334,"column":38},"end":{"line":334,"column":50}},"64":{"start":{"line":335,"column":34},"end":{"line":335,"column":63}},"65":{"start":{"line":336,"column":20},"end":{"line":336,"column":51}},"66":{"start":{"line":337,"column":40},"end":{"line":337,"column":55}},"67":{"start":{"line":340,"column":36},"end":{"line":340,"column":51}},"68":{"start":{"line":343,"column":30},"end":{"line":351,"column":4}},"69":{"start":{"line":352,"column":52},"end":{"line":352,"column":64}},"70":{"start":{"line":353,"column":50},"end":{"line":353,"column":62}},"71":{"start":{"line":354,"column":42},"end":{"line":354,"column":71}},"72":{"start":{"line":357,"column":16},"end":{"line":357,"column":53}},"73":{"start":{"line":358,"column":17},"end":{"line":358,"column":54}},"74":{"start":{"line":359,"column":23},"end":{"line":359,"column":71}},"75":{"start":{"line":363,"column":20},"end":{"line":363,"column":68}},"76":{"start":{"line":369,"column":22},"end":{"line":369,"column":35}},"77":{"start":{"line":370,"column":20},"end":{"line":370,"column":33}},"78":{"start":{"line":371,"column":23},"end":{"line":371,"column":36}},"79":{"start":{"line":375,"column":21},"end":{"line":375,"column":33}},"80":{"start":{"line":382,"column":4},"end":{"line":390,"column":21}},"81":{"start":{"line":392,"column":2},"end":{"line":414,"column":35}},"82":{"start":{"line":396,"column":4},"end":{"line":396,"column":35}},"83":{"start":{"line":396,"column":28},"end":{"line":396,"column":35}},"84":{"start":{"line":397,"column":24},"end":{"line":412,"column":6}},"85":{"start":{"line":398,"column":6},"end":{"line":398,"column":27}},"86":{"start":{"line":398,"column":20},"end":{"line":398,"column":27}},"87":{"start":{"line":399,"column":6},"end":{"line":399,"column":25}},"88":{"start":{"line":400,"column":6},"end":{"line":411,"column":8}},"89":{"start":{"line":408,"column":27},"end":{"
[...]
,"C:\\Users\\I587436\\projects\\workproof\\app\\src\\theme\\tokens.ts": {"path":"C:\\Users\\I587436\\projects\\workproof\\app\\src\\theme\\tokens.ts","statementMap":{"0":{"start":{"line":8,"column":22},"end":{"line":40,"column":10}},"1":{"start":{"line":44,"column":23},"end":{"line":52,"column":10}},"2":{"start":{"line":56,"column":21},"end":{"line":63,"column":10}},"3":{"start":{"line":67,"column":26},"end":{"line":70,"column":10}},"4":{"start":{"line":73,"column":26},"end":{"line":73,"column":35}},"5":{"start":{"line":80,"column":15},"end":{"line":94,"column":14}},"6":{"start":{"line":86,"column":2},"end":{"line":94,"column":14}},"7":{"start":{"line":96,"column":23},"end":{"line":100,"column":10}},"8":{"start":{"line":104,"column":22},"end":{"line":114,"column":10}},"9":{"start":{"line":116,"column":25},"end":{"line":119,"column":10}}},"fnMap":{"0":{"name":"(anonymous_0)","decl":{"start":{"line":80,"column":15},"end":{"line":80,"column":16}},"loc":{"start":{"line":86,"column":2},"end":{"line":94,"column":14}},"line":86}},"branchMap":{},"s":{"0":13,"1":13,"2":13,"3":13,"4":13,"5":13,"6":39,"7":13,"8":13,"9":13},"f":{"0":39},"b":{},"_coverageSchema":"1a1c01bbd47fc00a2c39e90264f33305004495a9","hash":"69908ad7ac39451984a5ab51fdcc8de0c3b15ec3"}
,"C:\\Users\\I587436\\projects\\workproof\\app\\src\\theme\\typography.ts": {"path":"C:\\Users\\I587436\\projects\\workproof\\app\\src\\theme\\typography.ts","statementMap":{"0":{"start":{"line":18,"column":28},"end":{"line":26,"column":10}},"1":{"start":{"line":30,"column":26},"end":{"line":112,"column":10}}},"fnMap":{},"branchMap":{},"s":{"0":13,"1":13},"f":{},"b":{},"_coverageSchema":"1a1c01bbd47fc00a2c39e90264f33305004495a9","hash":"b4eb3003df481f3718e095bdf810c94b4b6c7185"}
,"C:\\Users\\I587436\\projects\\workproof\\app\\src\\theme\\useHaptics.ts": {"path":"C:\\Users\\I587436\\projects\\workproof\\app\\src\\theme\\useHaptics.ts","statementMap":{"0":{"start":{"line":43,"column":2},"end":{"line":45,"column":3}},"1":{"start":{"line":44,"column":4},"end":{"line":44,"column":25}},"2":{"start":{"line":46,"column":2},"end":{"line":54,"column":3}},"3":{"start":{"line":48,"column":16},"end":{"line":48,"column":56}},"4":{"start":{"line":49,"column":4},"end":{"line":49,"column":32}},"5":{"start":{"line":53,"column":4},"end":{"line":53,"column":25}},"6":{"start":{"line":55,"column":2},"end":{"line":55,"column":23}},"7":{"start":{"line":59,"column":2},"end":{"line":59,"column":18}},"8":{"start":{"line":59,"column":11},"end":{"line":59,"column":18}},"9":{"start":{"line":60,"column":2},"end":{"line":71,"column":3}},"10":{"start":{"line":61,"column":19},"end":{"line":61,"column":23}},"11":{"start":{"line":64,"column":4},"end":{"line":68,"column":5}},"12":{"start":{"line":65,"column":6},"end":{"line":67,"column":9}},"13":{"start":{"line":84,"column":2},"end":{"line":135,"column":9}},"14":{"start":{"line":85,"column":14},"end":{"line":85,"column":27}},"15":{"start":{"line":87,"column":4},"end":{"line":101,"column":5}},"16":{"start":{"line":90,"column":19},"end":{"line":92,"column":7}},"17":{"start":{"line":93,"column":6},"end":{"line":100,"column":8}},"18":{"start":{"line":103,"column":24},"end":{"line":103,"column":51}},"19":{"start":{"line":104,"column":29},"end":{"line":104,"column":61}},"20":{"start":{"line":106,"column":4},"end":{"line":134,"column":6}},"21":{"start":{"line":107,"column":23},"end":{"line":107,"column":49}},"22":{"start":{"line":109,"column":8},"end":{"line":111,"column":9}},"23":{"start":{"line":110,"column":32},"end":{"line":110,"column":65}},"24":{"start":{"line":113,"column":8},"end":{"line":115,"column":9}},"25":{"start":{"line":114,"column":32},"end":{"line":114,"column":66}},"26":{"start":{"line":117,"column":8},"end":{"line":121,"column":9}},"27":{"start":{"line":119,"column":20},"end":{"line":119,"column":66}},"28":{"start":{"line":123,"column":8},"end":{"line":127,"column":9}},"29":{"start":{"line":125,"column":20},"end":{"line":125,"column":66}},"30":{"start":{"line":129,"column":8},"end":{"line":133,"column":9}},"31":{"start":{"line":131,"column":20},"end":{"line":131,"column":64}}},"fnMap":{"0":{"name":"loadHaptics","decl":{"start":{"line":42,"column":9},"end":{"line":42,"column":20}},"loc":{"start":{"line":42,"column":45},"end":{"line":56,"column":1}},"line":42},"1":{"name":"safeCall","decl":{"start":{"line":58,"column":9},"end":{"line":58,"column":17}},"loc":{"start":{"line":58,"column":70},"end":{"line":72,"column":1}},"line":58},"2":{"name":"(anonymous_2)","decl":{"start":{"line":65,"column":38},"end":{"line":65,"column":39}},"loc":{"start":{"line":65,"column":44},"end":{"line":67,"column":7}},"line":65},"3":{"name":"useHaptics","decl":{"start":{"line":83,"column":16},"end":{"line":83,"column":26}},"loc":{"start":{"line":83,"column":38},"end":{"line":136,"column":1}},"line":83},"4":{"name":"(anonymous_4)","decl":{"start":{"line":84,"column":26},"end":{"line":84,"column":27}},"loc":{"start":{"line":84,"column":32},"end":{"line":135,"column":3}},"line":84},"5":{"name":"(anonymous_5)","decl":{"start":{"line":90,"column":19},"end":{"line":90,"column":20}},"loc":{"start":{"line":90,"column":25},"end":{"line":92,"column":7}},"line":90},"6":{"name":"(anonymous_6)","decl":{"start":{"line":107,"column":17},"end":{"line":107,"column":18}},"loc":{"start":{"line":107,"column":23},"end":{"line":107,"column":49}},"line":107},"7":{"name":"(anonymous_7)","decl":{"start":{"line":108,"column":19},"end":{"line":108,"column":20}},"loc":{"start":{"line":109,"column":8},"end":{"line":111,"column":9}},"line":109},"8":{"name":"(anonymous_8)","decl":{"start":{"line":110,"column":26},"end":{"line":110,"column":27}},"loc":{"start":{"line":110,"column":32},"end":{"line":110,"column":65}},"line":110},"9":{"name":"(anonymous_9)","decl":{"start":{"line":112,"column":20},"end":{"line":112,"column":21}},"loc":{"start":{"line":113,"column":8},"end":{"line":115,"column":9}},"line":113},"10":{"name":"(anonymous_10)","decl":{"start":{"line":114,"column":26},"end":{"line":114,"column":27}},"loc":{"start":{"line":114,"column":32},"end":{"line":114,"column":66}},"line":114},"11":{"name":"(anonymous_11)","decl":{"start":{"line":116,"column":15},"end":{"line":116,"column":16}},"loc":{"start":{"line":117,"column":8},"end":{"line":121,"column":9}},"line":117},"12":{"name":"(anonymous_12)","decl":{"start":{"line":119,"column":14},"end":{"line":119,"column":15}},"loc":{"start":{"line":119,"column":20},"end":{"line":119,"column":66}},"line":119},"13":{"name":"(anonymous_13)","decl":{"start":{"line":122,"column":15},"end":{"line":122,"column":16}},"loc":{"start":{"line":123,"column":8},"end":{"line":127,"column":9}},"line":123},"14":{"name":"(anonymous_14)","decl":{"start":{"line":125,"column":14},"end":{"line":125,"column":15}},"loc":{"start":{"line":125,"column":20},"end":{"line":125,"column":66}},"line":125},"15":{"name":"(anonymous_15)","decl":{"start":{"line":128,"column":13},"end":{"line":128,"column":14}},"loc":{"start":{"line":129,"column":8},"end":{"line":133,"column":9}},"line":129},"16":{"name":"(anonymous_16)","decl":{"start":{"line":131,"column":14},"end":{"line":131,"column":15}},"loc":{"start":{"line":131,"column":20},"end":{"line":131,"column":64}},"line":131}},"branchMap":{"0":{"loc":{"start":{"line":43,"column":2},"end":{"line":45,"column":3}},"type":"if","locations":[{"start":{"line":43,"column":2},"end":{"line":45,"column":3}},{"start":{},"end":{}}],"line":43},"1":{"loc":{"start":{"line":49,"column":20},"end":{"line":49,"column":31}},"type":"binary-expr","locations":[{"start":{"line":49,"column":20},"end":{"line":49,"column":23}},{"start":{"line":49,"column":27},"end":{"line":49,"column":31}}],"line":49},"2":{"loc":{"start":{"line":59,"column":2},"end":{"line":59,"column":18}},"type":"if","locations":[{"start":{"line":59,"column":2},"end":{"line":59,"column":18}},{"start":{},"end":{}}],"line":59},"3":{"loc":{"start":{"line":64,"column":4},"end":{"line":68,"column":5}},"type":"if","locations":[{"start":{"line":64,"column":4},"end":{"line":68,"column":5}},{"start":{},"end":{}}],"line":64},"4":{"loc":{"start":{"line":64,"column":8},"end":{"line":64,"column":70}},"type":"binary-expr","locations":[{"start":{"line":64,"column":8},"end":{"line":64,"column":14}},{"start":{"line":64,"column":18},"end":{"line":64,"column":70}}],"line":64},"5":{"loc":{"start":{"line":87,"column":4},"end":{"line":101,"column":5}},"type":"if","locations":[{"start":{"line":87,"column":4},"end":{"line":101,"column":5}},{"start":{},"end":{}}],"line":87},"6":{"loc":{"start":{"line":103,"column":24},"end":{"line":103,"column":51}},"type":"binary-expr","locations":[{"start":{"line":103,"column":24},"end":{"line":103,"column":45}},{"start":{"line":103,"column":49},"end":{"line":103,"column":51}}],"line":103},"7":{"loc":{"start":{"line":104,"column":29},"end":{"line":104,"column":61}},"type":"binary-expr","locations":[{"start":{"line":104,"column":29},"end":{"line":104,"column":55}},{"start":{"line":104,"column":59},"end":{"line":104,"column":61}}],"line":104},"8":{"loc":{"start":{"line":110,"column":10},"end":{"line":110,"column":77}},"type":"cond-expr","locations":[{"start":{"line":110,"column":26},"end":{"line":110,"column":65}},{"start":{"line":110,"column":68},"end":{"line":110,"column":77}}],"line":110},"9":{"loc":{"start":{"line":114,"column":10},"end":{"line":114,"column":78}},"type":"cond-expr","locations":[{"start":{"line":114,"column":26},"end":{"line":114,"column":66}},{"start":{"line":114,"column":69},"end":{"line":114,"column":78}}],"line":114},"10":{"loc":{"start":{"line":118,"column":10},"end":{"line":120,"column":23}},"type":"cond-expr","locations":[{"start":{"line":119,"column":14},"end":{"line":119,"column":66}},{"start":{"line":120,"column":14},"end":{"line":120,"column":23}}],"line":118},"11":{"loc":{"start":{"line":124,"column":10},"end":{"line":126,"column":23}},"type":"cond-expr","locations":[{"start":{"line":125,"column":14},"end":{"line":125,"column":66}},{"start":{"line":126,"column":14},"end":{"line":126,"column":23}}],"line":124},"12":{"loc":{"start":{"line":130,"column":10},"end":{"line":132,"column":23}},"type":"cond-expr","locations":[{"start":{"line":131,"column":14},"end":{"line":131,"column":64}},{"start":{"line":132,"column":14},"end":{"line":132,"column":23}}],"line":130}},"s":{"0":278,"1":269,"2":9,"3":9,"4":9,"5":0,"6":9,"7":51,"8":0,"9":51,"10":51,"11":51,"12":44,"13":355,"14":278,"15":278,"16":0,"17":0,"18":278,"19":278,"20":278,"21":10,"22":29,"23":29,"24":6,"25":6,"26":2,"27":2,"28":2,"29":2,"30":2,"31":2},"f":{"0":278,"1":51,"2":0,"3":355,"4":278,"5":0,"6":10,"7":29,"8":29,"9":6,"10":6,"11":2,"12":2,"13":2,"14":2,"15":2,"16":2},"b":{"0":[269,9],"1":[9,0],"2":[0,51],"3":[44,7],"4":[51,44],"5":[0,278],"6":[278,0],"7":[278,15],"8":[29,0],"9":[6,0],"10":[2,0],"11":[2,0],"12":[2,0]},"_coverageSchema":"1a1c01bbd47fc00a2c39e90264f33305004495a9","hash":"f21fff0213c287f2e0756af7bb95dfd689c7c735"}
,"C:\\Users\\I587436\\projects\\workproof\\app\\src\\theme\\useReducedMotion.ts": {"path":"C:\\Users\\I587436\\projects\\workproof\\app\\src\\theme\\useReducedMotion.ts","statementMap":{"0":{"start":{"line":11,"column":30},"end":{"line":11,"column":54}},"1":{"start":{"line":13,"column":2},"end":{"line":35,"column":9}},"2":{"start":{"line":14,"column":18},"end":{"line":14,"column":22}},"3":{"start":{"line":16,"column":4},"end":{"line":22,"column":9}},"4":{"start":{"line":18,"column":8},"end":{"line":18,"column":40}},"5":{"start":{"line":18,"column":21},"end":{"line":18,"column":40}},"6":{"start":{"line":24,"column":16},"end":{"line":29,"column":5}},"7":{"start":{"line":27,"column":8},"end":{"line":27,"column":40}},"8":{"start":{"line":27,"column":21},"end":{"line":27,"column":40}},"9":{"start":{"line":31,"column":4},"end":{"line":34,"column":6}},"10":{"start":{"line":32,"column":6},"end":{"line":32,"column":22}},"11":{"start":{"line":33,"column":6},"end":{"line":33,"column":19}},"12":{"start":{"line":37,"column":2},"end":{"line":37,"column":16}}},"fnMap":{"0":{"name":"useReducedMotion","decl":{"start":{"line":10,"column":16},"end":{"line":10,"column":32}},"loc":{"start":{"line":10,"column":44},"end":{"line":38,"column":1}},"line":10},"1":{"name":"(anonymous_1)","decl":{"start":{"line":13,"column":12},"end":{"line":13,"column":13}},"loc":{"start":{"line":13,"column":18},"end":{"line":35,"column":3}},"line":13},"2":{"name":"(anonymous_2)","decl":{"start":{"line":17,"column":12},"end":{"line":17,"column":13}},"loc":{"start":{"line":17,"column":25},"end":{"line":19,"column":7}},"line":17},"3":{"name":"(anonymous_3)","decl":{"start":{"line":20,"column":13},"end":{"line":20,"column":14}},"loc":{"start":{"line":20,"column":19},"end":{"line":22,"column":7}},"line":20},"4":{"name":"(anonymous_4)","decl":{"start":{"line":26,"column":6},"end":{"line":26,"column":7}},"loc":{"start":{"line":26,"column":19},"end":{"line":28,"column":7}},"line":26},"5":{"name":"(anonymous_5)","decl":{"start":{"line":31,"column":11},"end":{"line":31,"column":12}},"loc":{"start":{"line":31,"column":17},"end":{"line":34,"column":5}},"line":31}},"branchMap":{"0":{"loc":{"start":{"line":18,"column":8},"end":{"line":18,"column":40}},"type":"if","locations":[{"start":{"line":18,"column":8},"end":{"line":18,"column":40}},{"start":{},"end":{}}],"line":18},"1":{"loc":{"start":{"line":27,"column":8},"end":{"line":27,"column":40}},"type":"if","locations":[{"start":{"line":27,"column":8},"end":{"line":27,"column":40}},{"start":{},"end":{}}],"line":27}},"s":{"0":270,"1":270,"2":214,"3":214,"4":213,"5":206,"6":214,"7":0,"8":0,"9":214,"10":214,"11":214,"12":270},"f":{"0":270,"1":214,"2":213,"3":1,"4":0,"5":214},"b":{"0":[206,7],"1":[0,0]},"_coverageSchema":"1a1c01bbd47fc00a2c39e90264f33305004495a9","hash":"b576d75f848e3a3a29248fd1f099f62575929635"}
,"C:\\Users\\I587436\\projects\\workproof\\app\\src\\utils\\record.ts": {"path":"C:\\Users\\I587436\\projects\\workproof\\app\\src\\utils\\record.ts","statementMap":{"0":{"start":{"line":15,"column":2},"end":{"line":19,"column":4}},"1":{"start":{"line":27,"column":2},"end":{"line":29,"column":4}},"2":{"start":{"line":32,"column":24},"end":{"line":32,"column":25}},"3":{"start":{"line":39,"column":2},"end":{"line":39,"column":23}},"4":{"start":{"line":39,"column":13},"end":{"line":39,"column":23}},"5":{"start":{"line":40,"column":16},"end":{"line":40,"column":37}},"6":{"start":{"line":41,"column":15},"end":{"line":41,"column":43}},"7":{"start":{"line":43,"column":4},"end":{"line":43,"column":73}},"8":{"start":{"line":44,"column":2},"end":{"line":44,"column":46}},"9":{"start":{"line":52,"column":2},"end":{"line":52,"column":36}},"10":{"start":{"line":52,"column":26},"end":{"line":52,"column":36}},"11":{"start":{"line":53,"column":24},"end":{"line":53,"column":26}},"12":{"start":{"line":54,"column":2},"end":{"line":56,"column":3}},"13":{"start":{"line":54,"column":15},"end":{"line":54,"column":16}},"14":{"start":{"line":55,"column":4},"end":{"line":55,"column":38}},"15":{"start":{"line":57,"column":2},"end":{"line":57,"column":13}},"16":{"start":{"line":65,"column":2},"end":{"line":65,"column":41}},"17":{"start":{"line":70,"column":19},"end":{"line":70,"column":45}},"18":{"start":{"line":71,"column":18},"end":{"line":71,"column":43}},"19":{"start":{"line":72,"column":16},"end":{"line":72,"column":34}},"20":{"start":{"line":73,"column":2},"end":{"line":76,"column":7}}},"fnMap":{"0":{"name":"isAnchored","decl":{"start":{"line":14,"column":16},"end":{"line":14,"column":26}},"loc":{"start":{"line":14,"column":56},"end":{"line":20,"column":1}},"line":14},"1":{"name":"isQueuedAnchor","decl":{"start":{"line":26,"column":16},"end":{"line":26,"column":30}},"loc":{"start":{"line":26,"column":60},"end":{"line":30,"column":1}},"line":26},"2":{"name":"shortHash","decl":{"start":{"line":38,"column":16},"end":{"line":38,"column":25}},"loc":{"start":{"line":38,"column":48},"end":{"line":45,"column":1}},"line":38},"3":{"name":"chunkHash","decl":{"start":{"line":51,"column":16},"end":{"line":51,"column":25}},"loc":{"start":{"line":51,"column":60},"end":{"line":58,"column":1}},"line":51},"4":{"name":"chunkHashJoined","decl":{"start":{"line":64,"column":16},"end":{"line":64,"column":31}},"loc":{"start":{"line":64,"column":75},"end":{"line":66,"column":1}},"line":64},"5":{"name":"formatRecordAmount","decl":{"start":{"line":69,"column":16},"end":{"line":69,"column":34}},"loc":{"start":{"line":69,"column":63},"end":{"line":77,"column":1}},"line":69}},"branchMap":{"0":{"loc":{"start":{"line":16,"column":4},"end":{"line":18,"column":48}},"type":"binary-expr","locations":[{"start":{"line":16,"column":4},"end":{"line":16,"column":23}},{"start":{"line":17,"column":6},"end":{"line":17,"column":26}},{"start":{"line":18,"column":6},"end":{"line":18,"column":48}}],"line":16},"1":{"loc":{"start":{"line":28,"column":4},"end":{"line":28,"column":68}},"type":"binary-expr","locations":[{"start":{"line":28,"column":4},"end":{"line":28,"column":23}},{"start":{"line":28,"column":27},"end":{"line":28,"column":68}}],"line":28},"2":{"loc":{"start":{"line":39,"column":2},"end":{"line":39,"column":23}},"type":"if","locations":[{"start":{"line":39,"column":2},"end":{"line":39,"column":23}},{"start":{},"end":{}}],"line":39},"3":{"loc":{"start":{"line":41,"column":15},"end":{"line":41,"column":43}},"type":"cond-expr","locations":[{"start":{"line":41,"column":23},"end":{"line":41,"column":36}},{"start":{"line":41,"column":39},"end":{"line":41,"column":43}}],"line":41},"4":{"loc":{"start":{"line":43,"column":4},"end":{"line":43,"column":73}},"type":"cond-expr","locations":[{"start":{"line":43,"column":36},"end":{"line":43,"column":66}},{"start":{"line":43,"column":69},"end":{"line":43,"column":73}}],"line":43},"5":{"loc":{"start":{"line":44,"column":9},"end":{"line":44,"column":45}},"type":"cond-expr","locations":[{"start":{"line":44,"column":17},"end":{"line":44,"column":33}},{"start":{"line":44,"column":36},"end":{"line":44,"column":45}}],"line":44},"6":{"loc":{"start":{"line":51,"column":40},"end":{"line":51,"column":48}},"type":"default-arg","locations":[{"start":{"line":51,"column":47},"end":{"line":51,"column":48}}],"line":51},"7":{"loc":{"start":{"line":52,"column":2},"end":{"line":52,"column":36}},"type":"if","locations":[{"start":{"line":52,"column":2},"end":{"line":52,"column":36}},{"start":{},"end":{}}],"line":52},"8":{"loc":{"start":{"line":52,"column":6},"end":{"line":52,"column":24}},"type":"binary-expr","locations":[{"start":{"line":52,"column":6},"end":{"line":52,"column":11}},{"start":{"line":52,"column":15},"end":{"line":52,"column":24}}],"line":52},"9":{"loc":{"start":{"line":64,"column":46},"end":{"line":64,"column":54}},"type":"default-arg","locations":[{"start":{"line":64,"column":53},"end":{"line":64,"column":54}}],"line":64},"10":{"loc":{"start":{"line":64,"column":56},"end":{"line":64,"column":65}},"type":"default-arg","locations":[{"start":{"line":64,"column":62},"end":{"line":64,"column":65}}],"line":64},"11":{"loc":{"start":{"line":70,"column":19},"end":{"line":70,"column":45}},"type":"binary-expr","locations":[{"start":{"line":70,"column":19},"end":{"line":70,"column":40}},{"start":{"line":70,"column":44},"end":{"line":70,"column":45}}],"line":70},"12":{"loc":{"start":{"line":71,"column":18},"end":{"line":71,"column":43}},"type":"binary-expr","locations":[{"start":{"line":71,"column":18},"end":{"line":71,"column":38}},{"start":{"line":71,"column":42},"end":{"line":71,"column":43}}],"line":71}},"s":{"0":57,"1":15,"2":3,"3":22,"4":0,"5":22,"6":22,"7":22,"8":22,"9":0,"10":0,"11":0,"12":0,"13":0,"14":0,"15":0,"16":0,"17":44,"18":44,"19":44,"20":44},"f":{"0":57,"1":15,"2":22,"3":0,"4":0,"5":44},"b":{"0":[57,31,31],"1":[15,13],"2":[0,22],"3":[22,0],"4":[22,0],"5":[22,0],"6":[0],"7":[0,0],"8":[0,0],"9":[0],"10":[0],"11":[44,0],"12":[44,0]},"_coverageSchema":"1a1c01bbd47fc00a2c39e90264f33305004495a9","hash":"2629d489be60071480a4ad12a1ab389b06dbaad6"}
}
