TN:
SF:api\vend.ts
FN:36,handler
FNF:1
FNH:1
FNDA:10,handler
DA:22,1
DA:23,1
DA:40,10
DA:42,10
DA:43,1
DA:44,1
DA:47,9
DA:48,9
DA:49,9
DA:50,3
DA:51,3
DA:54,6
DA:55,6
DA:56,1
DA:57,1
DA:60,5
DA:61,5
DA:65,4
DA:66,4
DA:67,4
DA:68,4
DA:70,1
DA:73,1
DA:74,1
LF:24
LH:24
BRDA:42,0,0,1
BRDA:42,0,1,9
BRDA:42,1,0,10
BRDA:42,1,1,10
BRDA:48,2,0,1
BRDA:48,2,1,8
BRDA:49,3,0,3
BRDA:49,3,1,6
BRDA:49,4,0,9
BRDA:49,4,1,8
BRDA:55,5,0,1
BRDA:55,5,1,5
BRDA:73,6,0,1
BRDA:73,6,1,0
BRF:14
BRH:13
end_of_record
TN:
SF:src\assets\peggy-family-doodle.png
FNF:0
FNH:0
DA:1,6
LF:1
LH:1
BRF:0
BRH:0
end_of_record
TN:
SF:src\assets\peggy-mom-doodle.png
FNF:0
FNH:0
DA:1,6
LF:1
LH:1
BRF:0
BRH:0
end_of_record
TN:
SF:src\assets\peggy-paper-plane.png
FNF:0
FNH:0
DA:1,6
LF:1
LH:1
BRF:0
BRH:0
end_of_record
TN:
SF:src\components\Button.tsx
FN:48,Button
FN:70,(anonymous_1)
FN:74,(anonymous_2)
FN:87,(anonymous_3)
FN:94,(anonymous_4)
FN:95,(anonymous_5)
FN:106,(anonymous_6)
FN:119,(anonymous_7)
FN:150,(anonymous_8)
FN:154,(anonymous_9)
FN:170,(anonymous_10)
FN:171,(anonymous_11)
FNF:12
FNH:8
FNDA:107,Button
FNDA:77,(anonymous_1)
FNDA:0,(anonymous_2)
FNDA:0,(anonymous_3)
FNDA:77,(anonymous_4)
FNDA:77,(anonymous_5)
FNDA:29,(anonymous_6)
FNDA:77,(anonymous_7)
FNDA:77,(anonymous_8)
FNDA:107,(anonymous_9)
FNDA:0,(anonymous_10)
FNDA:0,(anonymous_11)
DA:44,6
DA:46,6
DA:60,107
DA:61,107
DA:62,107
DA:63,107
DA:64,107
DA:65,107
DA:70,107
DA:71,77
DA:74,107
DA:75,0
DA:76,0
DA:77,0
DA:79,0
DA:80,0
DA:86,0
DA:87,0
DA:88,0
DA:89,0
DA:94,107
DA:95,77
DA:96,77
DA:100,107
DA:106,107
DA:107,29
DA:108,29
DA:109,4
DA:110,25
DA:111,3
DA:113,22
DA:115,29
DA:118,107
DA:120,77
DA:148,107
DA:149,107
DA:150,77
DA:154,107
DA:155,107
DA:160,107
DA:161,107
DA:162,107
DA:165,107
DA:170,0
DA:171,0
LF:45
LH:34
BRDA:51,0,0,11
BRDA:52,1,0,84
BRDA:57,2,0,107
BRDA:63,3,0,30
BRDA:63,3,1,77
BRDA:75,4,0,0
BRDA:75,4,1,0
BRDA:88,5,0,0
BRDA:88,5,1,0
BRDA:88,6,0,0
BRDA:88,6,1,0
BRDA:100,7,0,107
BRDA:100,7,1,106
BRDA:107,8,0,0
BRDA:107,8,1,29
BRDA:107,9,0,29
BRDA:107,9,1,29
BRDA:108,10,0,4
BRDA:108,10,1,25
BRDA:108,11,0,29
BRDA:108,11,1,26
BRDA:110,12,0,3
BRDA:110,12,1,22
BRDA:122,13,0,13
BRDA:122,13,1,64
BRDA:126,14,0,13
BRDA:126,14,1,64
BRDA:157,15,0,0
BRDA:157,15,1,107
BRDA:160,16,0,6
BRDA:160,16,1,101
BRDA:160,17,0,107
BRDA:160,17,1,104
BRDA:161,18,0,0
BRDA:161,18,1,107
BRDA:169,19,0,107
BRDA:169,19,1,104
BRDA:175,20,0,107
BRDA:175,20,1,106
BRDA:181,21,0,107
BRDA:181,21,1,1
BRF:41
BRH:32
end_of_record
TN:
SF:src\components\Card.tsx
FN:59,Card
FN:80,(anonymous_1)
FN:92,(anonymous_2)
FN:99,(anonymous_3)
FN:100,(anonymous_4)
FN:114,(anonymous_5)
FN:171,(anonymous_6)
FN:194,(anonymous_7)
FN:208,(anonymous_8)
FN:222,(anonymous_9)
FN:233,(anonymous_10)
FN:234,(anonymous_11)
FNF:12
FNH:8
FNDA:146,Card
FNDA:0,(anonymous_1)
FNDA:0,(anonymous_2)
FNDA:120,(anonymous_3)
FNDA:120,(anonymous_4)
FNDA:120,(anonymous_5)
FNDA:146,(anonymous_6)
FNDA:2,(anonymous_7)
FNDA:34,(anonymous_8)
FNDA:4,(anonymous_9)
FNDA:0,(anonymous_10)
FNDA:0,(anonymous_11)
DA:47,6
DA:48,6
DA:49,6
DA:50,6
DA:52,6
DA:68,146
DA:69,146
DA:70,146
DA:71,146
DA:77,146
DA:78,146
DA:80,146
DA:81,0
DA:82,0
DA:83,0
DA:85,0
DA:86,0
DA:91,0
DA:92,0
DA:93,0
DA:94,0
DA:99,146
DA:100,120
DA:101,120
DA:105,146
DA:110,0
DA:113,146
DA:115,120
DA:169,146
DA:171,146
DA:172,146
DA:174,21
DA:177,21
DA:178,21
DA:179,26
DA:181,21
DA:194,146
DA:195,2
DA:196,2
DA:197,2
DA:201,146
DA:207,146
DA:208,34
DA:209,34
DA:214,34
DA:215,0
DA:216,0
DA:218,34
DA:219,34
DA:222,34
DA:225,4
DA:226,4
DA:229,34
DA:233,0
DA:234,0
DA:248,112
LF:56
LH:42
BRDA:60,0,0,8
BRDA:81,1,0,0
BRDA:81,1,1,0
BRDA:93,2,0,0
BRDA:93,2,1,0
BRDA:93,3,0,0
BRDA:93,3,1,0
BRDA:105,4,0,0
BRDA:105,4,1,146
BRDA:105,5,0,146
BRDA:105,5,1,146
BRDA:105,5,2,34
BRDA:172,6,0,125
BRDA:172,6,1,21
BRDA:174,7,0,4
BRDA:174,7,1,17
BRDA:195,8,0,0
BRDA:195,8,1,2
BRDA:197,9,0,2
BRDA:197,9,1,0
BRDA:207,10,0,34
BRDA:207,10,1,112
BRDA:214,11,0,0
BRDA:214,11,1,34
BRDA:218,12,0,7
BRDA:218,12,1,27
BRDA:235,13,0,0
BRDA:235,13,1,34
BRDA:237,14,0,34
BRDA:237,14,1,34
BRDA:251,15,0,21
BRDA:251,15,1,91
BRF:32
BRH:21
end_of_record
TN:
SF:src\components\Chip.tsx
FN:45,Chip
FN:59,(anonymous_1)
FN:95,(anonymous_2)
FN:106,(anonymous_3)
FNF:4
FNH:4
FNDA:62,Chip
FNDA:54,(anonymous_1)
FNDA:9,(anonymous_2)
FNDA:1,(anonymous_3)
DA:43,7
DA:55,62
DA:56,62
DA:58,62
DA:60,54
DA:86,62
DA:88,62
DA:93,9
DA:95,9
DA:96,9
DA:97,9
DA:98,9
DA:99,9
DA:100,9
DA:106,9
DA:107,1
DA:108,0
DA:110,1
DA:112,1
DA:115,9
DA:131,53
LF:21
LH:20
BRDA:47,0,0,8
BRDA:86,1,0,24
BRDA:86,1,1,38
BRDA:88,2,0,9
BRDA:88,2,1,53
BRDA:93,3,0,9
BRDA:93,3,1,9
BRDA:97,4,0,5
BRDA:97,4,1,4
BRDA:98,5,0,0
BRDA:98,5,1,9
BRDA:99,6,0,0
BRDA:99,6,1,9
BRDA:107,7,0,0
BRDA:107,7,1,1
BRDA:121,8,0,9
BRDA:121,8,1,9
BRDA:123,9,0,6
BRDA:123,9,1,3
BRDA:133,10,0,53
BRDA:133,10,1,1
BRDA:134,11,0,53
BRDA:134,11,1,53
BRDA:135,12,0,53
BRDA:135,12,1,53
BRDA:136,13,0,1
BRDA:136,13,1,52
BRF:27
BRH:24
end_of_record
TN:
SF:src\components\Doodle.tsx
FN:34,Doodle
FN:51,(anonymous_1)
FNF:2
FNH:2
FNDA:27,Doodle
FNDA:27,(anonymous_1)
DA:26,6
DA:32,6
DA:40,27
DA:41,27
DA:43,27
DA:45,1
DA:50,27
DA:51,27
DA:55,27
LF:9
LH:9
BRDA:36,0,0,5
BRDA:43,1,0,1
BRDA:43,1,1,26
BRDA:43,2,0,27
BRDA:43,2,1,27
BRDA:61,3,0,26
BRDA:61,3,1,1
BRDA:64,4,0,26
BRDA:64,4,1,1
BRF:9
BRH:9
end_of_record
TN:
SF:src\components\MarkerUnderline.tsx
FN:31,MarkerUnderline
FN:52,(anonymous_1)
FNF:2
FNH:2
FNDA:39,MarkerUnderline
FNDA:34,(anonymous_1)
DA:27,6
DA:28,6
DA:29,6
DA:36,39
DA:38,39
DA:42,39
DA:45,39
DA:46,39
DA:51,39
DA:53,34
DA:74,39
LF:11
LH:11
BRDA:38,0,0,36
BRDA:38,0,1,3
BRDA:40,1,0,3
BRDA:40,1,1,0
BRDA:42,2,0,35
BRDA:42,2,1,4
BRF:6
BRH:5
end_of_record
TN:
SF:src\components\PaperPlane.tsx
FN:41,PaperPlane
FN:78,(anonymous_1)
FNF:2
FNH:2
FNDA:28,PaperPlane
FNDA:28,(anonymous_1)
DA:27,6
DA:28,6
DA:29,6
DA:30,6
DA:31,6
DA:32,6
DA:33,6
DA:34,6
DA:37,6
DA:39,6
DA:49,28
DA:51,28
DA:52,28
DA:54,3
DA:58,28
DA:60,3
DA:66,28
DA:67,28
DA:68,28
DA:72,28
DA:75,28
DA:77,28
DA:78,28
DA:85,28
LF:24
LH:24
BRDA:42,0,0,10
BRDA:43,1,0,8
BRDA:44,2,0,26
BRDA:46,3,0,15
BRDA:51,4,0,28
BRDA:51,4,1,0
BRDA:52,5,0,3
BRDA:52,5,1,25
BRDA:52,6,0,28
BRDA:52,6,1,27
BRDA:58,7,0,3
BRDA:58,7,1,25
BRDA:58,8,0,28
BRDA:58,8,1,26
BRDA:58,8,2,25
BRDA:70,9,0,28
BRDA:70,9,1,25
BRDA:72,10,0,2
BRDA:72,10,1,26
BRDA:92,11,0,28
BRDA:92,11,1,0
BRDA:95,12,0,28
BRDA:95,12,1,0
BRDA:105,13,0,13
BRDA:105,13,1,15
BRF:25
BRH:22
end_of_record
TN:
SF:src\components\ScreenScaffold.tsx
FN:41,ScreenScaffold
FN:54,(anonymous_1)
FNF:2
FNH:2
FNDA:74,ScreenScaffold
FNDA:50,(anonymous_1)
DA:51,74
DA:53,74
DA:55,50
DA:73,74
LF:4
LH:4
BRDA:44,0,0,37
BRDA:48,1,0,74
BRDA:75,2,0,10
BRDA:75,2,1,64
BRDA:76,3,0,37
BRDA:76,3,1,37
BRF:6
BRH:6
end_of_record
TN:
SF:src\components\SegmentedTabs.tsx
FN:50,SegmentedTabs
FN:63,(anonymous_1)
FN:77,(anonymous_2)
FN:92,(anonymous_3)
FN:96,(anonymous_4)
FN:139,(anonymous_5)
FN:140,(anonymous_6)
FN:143,(anonymous_7)
FN:171,(anonymous_8)
FN:176,(anonymous_9)
FNF:10
FNH:9
FNDA:29,SegmentedTabs
FNDA:43,(anonymous_1)
FNDA:28,(anonymous_2)
FNDA:26,(anonymous_3)
FNDA:20,(anonymous_4)
FNDA:87,(anonymous_5)
FNDA:87,(anonymous_6)
FNDA:0,(anonymous_7)
FNDA:87,(anonymous_8)
FNDA:6,(anonymous_9)
DA:47,6
DA:48,6
DA:57,29
DA:58,29
DA:59,29
DA:60,29
DA:61,29
DA:63,43
DA:69,29
DA:74,29
DA:75,29
DA:77,29
DA:78,28
DA:79,28
DA:80,2
DA:81,2
DA:82,2
DA:84,26
DA:90,26
DA:91,26
DA:92,26
DA:95,29
DA:97,20
DA:133,29
DA:134,29
DA:138,29
DA:139,87
DA:140,87
DA:143,29
DA:144,0
DA:145,0
DA:152,29
DA:154,29
DA:172,87
DA:173,87
DA:179,6
DA:180,5
DA:181,5
LF:38
LH:36
BRDA:55,0,0,29
BRDA:79,1,0,2
BRDA:79,1,1,26
BRDA:145,2,0,0
BRDA:145,2,1,0
BRDA:152,3,0,29
BRDA:152,3,1,29
BRDA:160,4,0,29
BRDA:160,4,1,0
BRDA:162,5,0,0
BRDA:162,5,1,29
BRDA:179,6,0,5
BRDA:179,6,1,1
BRDA:189,7,0,87
BRDA:189,7,1,87
BRDA:196,8,0,29
BRDA:196,8,1,58
BRF:17
BRH:13
end_of_record
TN:
SF:src\components\index.ts
FNF:0
FNH:0
LF:0
LH:0
BRF:0
BRH:0
end_of_record
TN:
SF:src\screens\History.tsx
FN:51,(anonymous_0)
FN:53,isHistoryFilter
FN:81,History
FN:83,(anonymous_3)
FN:84,(anonymous_4)
FN:85,(anonymous_5)
FN:86,(anonymous_6)
FN:87,(anonymous_7)
FN:88,(anonymous_8)
FN:91,(anonymous_9)
FN:94,(anonymous_10)
FN:100,(anonymous_11)
FN:106,(anonymous_12)
FN:221,(anonymous_13)
FN:233,(anonymous_14)
FN:283,(anonymous_15)
FN:326,(anonymous_16)
FN:353,(anonymous_17)
FN:355,(anonymous_18)
FNF:19
FNH:19
FNDA:3,(anonymous_0)
FNDA:4,isHistoryFilter
FNDA:17,History
FNDA:17,(anonymous_3)
FNDA:17,(anonymous_4)
FNDA:17,(anonymous_5)
FNDA:17,(anonymous_6)
FNDA:17,(anonymous_7)
FNDA:17,(anonymous_8)
FNDA:17,(anonymous_9)
FNDA:3,(anonymous_10)
FNDA:1,(anonymous_11)
FNDA:12,(anonymous_12)
FNDA:22,(anonymous_13)
FNDA:2,(anonymous_14)
FNDA:4,(anonymous_15)
FNDA:4,(anonymous_16)
FNDA:34,(anonymous_17)
FNDA:9,(anonymous_18)
DA:43,1
DA:51,3
DA:54,4
DA:66,1
DA:82,17
DA:83,17
DA:84,17
DA:85,17
DA:86,17
DA:87,17
DA:88,17
DA:89,17
DA:91,17
DA:92,17
DA:93,4
DA:94,3
DA:100,17
DA:101,1
DA:102,1
DA:105,17
DA:107,12
DA:221,17
DA:222,22
DA:223,22
DA:224,22
DA:226,22
DA:230,22
DA:233,2
DA:283,17
DA:285,4
DA:286,1
DA:293,3
DA:294,3
DA:306,17
DA:327,4
DA:353,34
DA:355,9
LF:37
LH:37
BRDA:92,0,0,13
BRDA:92,0,1,4
BRDA:93,1,0,2
BRDA:93,1,1,2
BRDA:223,2,0,11
BRDA:223,2,1,11
BRDA:224,3,0,11
BRDA:224,3,1,11
BRDA:226,4,0,22
BRDA:226,4,1,0
BRDA:227,5,0,22
BRDA:227,5,1,0
BRDA:238,6,0,0
BRDA:238,6,1,22
BRDA:253,7,0,22
BRDA:253,7,1,0
BRDA:255,8,0,22
BRDA:255,8,1,0
BRDA:285,9,0,1
BRDA:285,9,1,3
BRDA:297,10,0,1
BRDA:297,10,1,2
BRDA:327,11,0,4
BRDA:327,11,1,0
BRDA:331,12,0,1
BRDA:331,12,1,16
BRF:26
BRH:20
end_of_record
TN:
SF:src\screens\Home.tsx
FN:49,countThisWeek
FN:51,(anonymous_1)
FN:57,countAnchored
FN:61,Home
FN:63,(anonymous_4)
FN:69,(anonymous_5)
FN:76,(anonymous_6)
FN:85,(anonymous_7)
FN:86,(anonymous_8)
FN:87,(anonymous_9)
FN:90,(anonymous_10)
FN:219,(anonymous_11)
FN:305,(anonymous_12)
FN:319,(anonymous_13)
FN:325,(anonymous_14)
FNF:15
FNH:13
FNDA:9,countThisWeek
FNDA:7,(anonymous_1)
FNDA:9,countAnchored
FNDA:9,Home
FNDA:9,(anonymous_4)
FNDA:9,(anonymous_5)
FNDA:0,(anonymous_6)
FNDA:9,(anonymous_7)
FNDA:9,(anonymous_8)
FNDA:9,(anonymous_9)
FNDA:9,(anonymous_10)
FNDA:2,(anonymous_11)
FNDA:0,(anonymous_12)
FNDA:7,(anonymous_13)
FNDA:1,(anonymous_14)
DA:45,1
DA:46,1
DA:47,1
DA:50,9
DA:51,9
DA:52,7
DA:53,7
DA:58,9
DA:62,9
DA:63,9
DA:64,9
DA:68,9
DA:70,9
DA:76,9
DA:77,0
DA:78,0
DA:79,0
DA:81,0
DA:85,9
DA:86,9
DA:87,9
DA:89,9
DA:91,9
DA:207,9
DA:219,9
DA:220,2
DA:223,9
DA:225,9
DA:305,0
DA:320,7
DA:321,7
DA:325,1
LF:32
LH:27
BRDA:53,0,0,7
BRDA:53,0,1,7
BRDA:53,0,2,7
BRDA:291,1,0,5
BRDA:291,1,1,4
BRDA:300,2,0,5
BRDA:300,2,1,4
BRDA:327,3,0,7
BRDA:327,3,1,0
BRDA:328,4,0,1
BRDA:328,4,1,6
BRDA:333,5,0,0
BRDA:333,5,1,7
BRDA:350,6,0,7
BRDA:350,6,1,0
BRDA:361,7,0,1
BRDA:361,7,1,6
BRDA:362,8,0,1
BRDA:362,8,1,6
BRF:19
BRH:16
end_of_record
TN:
SF:src\screens\LogWork.tsx
FN:80,formatTimer
FN:99,RoundRecordButton
FN:114,(anonymous_2)
FN:118,(anonymous_3)
FN:130,(anonymous_4)
FN:139,(anonymous_5)
FN:140,(anonymous_6)
FN:150,(anonymous_7)
FN:165,(anonymous_8)
FN:196,(anonymous_9)
FN:200,(anonymous_10)
FN:213,(anonymous_11)
FN:214,(anonymous_12)
FN:247,Field
FN:260,(anonymous_14)
FN:304,(anonymous_15)
FN:305,(anonymous_16)
FN:315,LogWork
FN:392,(anonymous_18)
FN:397,(anonymous_19)
FN:408,(anonymous_20)
FN:420,(anonymous_21)
FN:422,(anonymous_22)
FN:430,(anonymous_23)
FN:436,(anonymous_24)
FN:460,(anonymous_25)
FN:466,(anonymous_26)
FN:467,(anonymous_27)
FN:473,(anonymous_28)
FN:481,(anonymous_29)
FN:497,(anonymous_30)
FN:519,(anonymous_31)
FN:524,(anonymous_32)
FN:533,(anonymous_33)
FN:545,(anonymous_34)
FN:558,(anonymous_35)
FN:587,(anonymous_36)
FN:596,(anonymous_37)
FN:606,(anonymous_38)
FN:615,(anonymous_39)
FN:633,(anonymous_40)
FN:637,(anonymous_41)
FN:654,(anonymous_42)
FN:676,(anonymous_43)
FN:747,(anonymous_44)
FN:786,(anonymous_45)
FN:895,(anonymous_46)
FN:905,(anonymous_47)
FN:916,(anonymous_48)
FN:931,(anonymous_49)
FN:981,(anonymous_50)
FN:991,(anonymous_51)
FN:1018,(anonymous_52)
FN:1027,(anonymous_53)
FN:1053,(anonymous_54)
FN:1063,(anonymous_55)
FN:1076,(anonymous_56)
FN:1083,(anonymous_57)
FN:1090,(anonymous_58)
FN:1101,(anonymous_59)
FN:1117,(anonymous_60)
FN:1141,(anonymous_61)
FN:1141,(anonymous_62)
FN:1146,(anonymous_63)
FN:1146,(anonymous_64)
FN:1153,(anonymous_65)
FN:1153,(anonymous_66)
FN:1158,(anonymous_67)
FN:1158,(anonymous_68)
FN:1177,(anonymous_69)
FN:1177,(anonymous_70)
FN:1185,(anonymous_71)
FN:1195,(anonymous_72)
FN:1213,(anonymous_73)
FNF:74
FNH:18
FNDA:0,formatTimer
FNDA:8,RoundRecordButton
FNDA:4,(anonymous_2)
FNDA:0,(anonymous_3)
FNDA:0,(anonymous_4)
FNDA:4,(anonymous_5)
FNDA:4,(anonymous_6)
FNDA:4,(anonymous_7)
FNDA:4,(anonymous_8)
FNDA:4,(anonymous_9)
FNDA:8,(anonymous_10)
FNDA:0,(anonymous_11)
FNDA:0,(anonymous_12)
FNDA:0,Field
FNDA:0,(anonymous_14)
FNDA:0,(anonymous_15)
FNDA:0,(anonymous_16)
FNDA:8,LogWork
FNDA:4,(anonymous_18)
FNDA:0,(anonymous_19)
FNDA:0,(anonymous_20)
FNDA:4,(anonymous_21)
FNDA:4,(anonymous_22)
FNDA:4,(anonymous_23)
FNDA:4,(anonymous_24)
FNDA:0,(anonymous_25)
FNDA:4,(anonymous_26)
FNDA:4,(anonymous_27)
FNDA:0,(anonymous_28)
FNDA:0,(anonymous_29)
FNDA:0,(anonymous_30)
FNDA:0,(anonymous_31)
FNDA:0,(anonymous_32)
FNDA:0,(anonymous_33)
FNDA:0,(anonymous_34)
FNDA:0,(anonymous_35)
FNDA:0,(anonymous_36)
FNDA:0,(anonymous_37)
FNDA:0,(anonymous_38)
FNDA:0,(anonymous_39)
FNDA:0,(anonymous_40)
FNDA:0,(anonymous_41)
FNDA:0,(anonymous_42)
FNDA:0,(anonymous_43)
FNDA:0,(anonymous_44)
FNDA:4,(anonymous_45)
FNDA:0,(anonymous_46)
FNDA:0,(anonymous_47)
FNDA:8,(anonymous_48)
FNDA:0,(anonymous_49)
FNDA:0,(anonymous_50)
FNDA:0,(anonymous_51)
FNDA:0,(anonymous_52)
FNDA:0,(anonymous_53)
FNDA:0,(anonymous_54)
FNDA:0,(anonymous_55)
FNDA:0,(anonymous_56)
FNDA:0,(anonymous_57)
FNDA:0,(anonymous_58)
FNDA:0,(anonymous_59)
FNDA:0,(anonymous_60)
FNDA:0,(anonymous_61)
FNDA:0,(anonymous_62)
FNDA:0,(anonymous_63)
FNDA:0,(anonymous_64)
FNDA:0,(anonymous_65)
FNDA:0,(anonymous_66)
FNDA:0,(anonymous_67)
FNDA:0,(anonymous_68)
FNDA:0,(anonymous_69)
FNDA:0,(anonymous_70)
FNDA:0,(anonymous_71)
FNDA:0,(anonymous_72)
FNDA:0,(anonymous_73)
DA:77,1
DA:78,1
DA:81,0
DA:82,0
DA:83,0
DA:84,0
DA:105,8
DA:106,8
DA:107,8
DA:108,8
DA:112,8
DA:114,8
DA:115,4
DA:118,8
DA:119,0
DA:120,0
DA:121,0
DA:123,0
DA:124,0
DA:129,0
DA:130,0
DA:131,0
DA:132,0
DA:139,8
DA:140,4
DA:141,4
DA:149,8
DA:150,8
DA:151,4
DA:152,4
DA:153,4
DA:155,0
DA:156,0
DA:157,0
DA:158,0
DA:164,8
DA:166,4
DA:195,8
DA:196,4
DA:200,8
DA:201,8
DA:205,8
DA:206,8
DA:209,8
DA:213,0
DA:214,0
DA:256,0
DA:257,0
DA:259,0
DA:261,0
DA:293,0
DA:304,0
DA:305,0
DA:316,8
DA:317,8
DA:320,8
DA:324,8
DA:325,8
DA:328,8
DA:329,8
DA:330,8
DA:333,8
DA:334,8
DA:335,8
DA:336,8
DA:337,8
DA:340,8
DA:343,8
DA:352,8
DA:353,8
DA:354,8
DA:357,8
DA:358,8
DA:359,8
DA:363,8
DA:369,8
DA:370,8
DA:371,8
DA:375,8
DA:382,8
DA:392,8
DA:396,4
DA:397,4
DA:398,0
DA:399,0
DA:400,0
DA:408,0
DA:413,4
DA:420,8
DA:421,4
DA:422,4
DA:423,4
DA:424,4
DA:425,4
DA:430,4
DA:431,4
DA:436,8
DA:437,4
DA:438,4
DA:439,4
DA:440,4
DA:442,0
DA:458,0
DA:459,0
DA:460,0
DA:461,0
DA:466,8
DA:467,4
DA:468,4
DA:469,4
DA:470,4
DA:471,4
DA:473,0
DA:477,4
DA:481,8
DA:482,0
DA:483,0
DA:484,0
DA:485,0
DA:486,0
DA:487,0
DA:488,0
DA:489,0
DA:490,0
DA:491,0
DA:492,0
DA:497,0
DA:500,0
DA:503,0
DA:506,0
DA:507,0
DA:513,0
DA:514,0
DA:515,0
DA:518,0
DA:519,0
DA:520,0
DA:522,0
DA:523,0
DA:524,0
DA:525,0
DA:527,0
DA:528,0
DA:529,0
DA:530,0
DA:531,0
DA:533,0
DA:534,0
DA:536,0
DA:542,0
DA:543,0
DA:544,0
DA:545,0
DA:547,0
DA:548,0
DA:549,0
DA:551,0
DA:554,0
DA:558,8
DA:559,0
DA:560,0
DA:561,0
DA:562,0
DA:563,0
DA:564,0
DA:571,0
DA:572,0
DA:579,0
DA:580,0
DA:581,0
DA:583,0
DA:584,0
DA:587,8
DA:588,0
DA:589,0
DA:590,0
DA:591,0
DA:596,8
DA:597,0
DA:598,0
DA:599,0
DA:600,0
DA:601,0
DA:606,0
DA:609,0
DA:612,0
DA:615,8
DA:616,0
DA:617,0
DA:618,0
DA:619,0
DA:620,0
DA:621,0
DA:622,0
DA:623,0
DA:624,0
DA:628,0
DA:629,0
DA:633,8
DA:634,0
DA:637,8
DA:638,0
DA:639,0
DA:640,0
DA:643,0
DA:644,0
DA:647,0
DA:648,0
DA:649,0
DA:650,0
DA:651,0
DA:652,0
DA:653,0
DA:654,0
DA:655,0
DA:656,0
DA:658,0
DA:659,0
DA:663,0
DA:664,0
DA:667,0
DA:672,0
DA:673,0
DA:676,8
DA:677,0
DA:678,0
DA:679,0
DA:680,0
DA:682,0
DA:690,0
DA:691,0
DA:694,0
DA:695,0
DA:698,0
DA:699,0
DA:700,0
DA:701,0
DA:702,0
DA:721,0
DA:722,0
DA:723,0
DA:729,0
DA:730,0
DA:733,0
DA:735,0
DA:736,0
DA:737,0
DA:739,0
DA:740,0
DA:746,0
DA:747,0
DA:748,0
DA:749,0
DA:750,0
DA:754,0
DA:757,0
DA:758,0
DA:759,0
DA:760,0
DA:763,0
DA:780,8
DA:782,8
DA:783,8
DA:785,8
DA:787,4
DA:895,8
DA:896,0
DA:906,0
DA:916,8
DA:917,8
DA:931,8
DA:932,0
DA:936,0
DA:940,0
DA:981,8
DA:985,0
DA:986,0
DA:987,0
DA:988,0
DA:991,8
DA:992,0
DA:1018,0
DA:1027,8
DA:1028,0
DA:1053,0
DA:1063,0
DA:1076,0
DA:1083,0
DA:1090,0
DA:1101,8
DA:1102,0
DA:1117,8
DA:1118,0
DA:1141,0
DA:1146,0
DA:1153,0
DA:1158,0
DA:1177,0
DA:1186,0
DA:1187,0
DA:1195,0
DA:1213,8
DA:1214,0
DA:1218,0
DA:1222,0
DA:1226,0
DA:1257,8
DA:1258,0
DA:1260,8
DA:1262,8
DA:1263,8
DA:1265,0
DA:1266,0
DA:1268,0
DA:1269,0
DA:1271,0
DA:1272,0
DA:1274,0
DA:1275,0
DA:1277,0
DA:1278,0
DA:1280,0
DA:1281,0
DA:1283,0
DA:1287,8
LF:325
LH:106
BRDA:107,0,0,0
BRDA:107,0,1,8
BRDA:119,1,0,0
BRDA:119,1,1,0
BRDA:131,2,0,0
BRDA:131,2,1,0
BRDA:131,3,0,0
BRDA:131,3,1,0
BRDA:151,4,0,4
BRDA:151,4,1,0
BRDA:156,5,0,0
BRDA:156,5,1,0
BRDA:203,6,0,0
BRDA:203,6,1,8
BRDA:205,7,0,0
BRDA:205,7,1,8
BRDA:217,8,0,0
BRDA:217,8,1,8
BRDA:219,9,0,0
BRDA:219,9,1,8
BRDA:225,10,0,0
BRDA:225,10,1,8
BRDA:229,11,0,0
BRDA:229,11,1,8
BRDA:251,12,0,0
BRDA:252,13,0,0
BRDA:254,14,0,0
BRDA:278,15,0,0
BRDA:278,15,1,0
BRDA:297,16,0,0
BRDA:297,16,1,0
BRDA:307,17,0,0
BRDA:307,17,1,0
BRDA:308,18,0,0
BRDA:308,18,1,0
BRDA:382,19,0,8
BRDA:382,19,1,8
BRDA:382,19,2,8
BRDA:382,19,3,8
BRDA:382,19,4,8
BRDA:382,19,5,8
BRDA:382,19,6,8
BRDA:382,19,7,8
BRDA:382,19,8,8
BRDA:383,20,0,8
BRDA:383,20,1,0
BRDA:384,21,0,8
BRDA:384,21,1,0
BRDA:385,22,0,8
BRDA:385,22,1,0
BRDA:396,23,0,0
BRDA:396,23,1,4
BRDA:398,24,0,0
BRDA:398,24,1,0
BRDA:425,25,0,4
BRDA:425,25,1,0
BRDA:437,26,0,4
BRDA:437,26,1,0
BRDA:437,27,0,4
BRDA:437,27,1,0
BRDA:469,28,0,0
BRDA:469,28,1,4
BRDA:471,29,0,0
BRDA:471,29,1,4
BRDA:482,30,0,0
BRDA:482,30,1,0
BRDA:482,31,0,0
BRDA:482,31,1,0
BRDA:485,32,0,0
BRDA:485,32,1,0
BRDA:488,33,0,0
BRDA:488,33,1,0
BRDA:490,34,0,0
BRDA:490,34,1,0
BRDA:518,35,0,0
BRDA:518,35,1,0
BRDA:523,36,0,0
BRDA:523,36,1,0
BRDA:529,37,0,0
BRDA:529,37,1,0
BRDA:544,38,0,0
BRDA:544,38,1,0
BRDA:547,39,0,0
BRDA:547,39,1,0
BRDA:551,40,0,0
BRDA:551,40,1,0
BRDA:560,41,0,0
BRDA:560,41,1,0
BRDA:564,42,0,0
BRDA:564,42,1,0
BRDA:579,43,0,0
BRDA:579,43,1,0
BRDA:584,44,0,0
BRDA:584,44,1,0
BRDA:588,45,0,0
BRDA:588,45,1,0
BRDA:590,46,0,0
BRDA:590,46,1,0
BRDA:597,47,0,0
BRDA:597,47,1,0
BRDA:599,48,0,0
BRDA:599,48,1,0
BRDA:617,49,0,0
BRDA:617,49,1,0
BRDA:617,50,0,0
BRDA:617,50,1,0
BRDA:618,51,0,0
BRDA:618,51,1,0
BRDA:623,52,0,0
BRDA:623,52,1,0
BRDA:624,53,0,0
BRDA:624,53,1,0
BRDA:629,54,0,0
BRDA:629,54,1,0
BRDA:644,55,0,0
BRDA:644,55,1,0
BRDA:648,56,0,0
BRDA:648,56,1,0
BRDA:649,57,0,0
BRDA:649,57,1,0
BRDA:650,58,0,0
BRDA:650,58,1,0
BRDA:651,59,0,0
BRDA:651,59,1,0
BRDA:652,60,0,0
BRDA:652,60,1,0
BRDA:653,61,0,0
BRDA:653,61,1,0
BRDA:655,62,0,0
BRDA:655,62,1,0
BRDA:658,63,0,0
BRDA:658,63,1,0
BRDA:663,64,0,0
BRDA:663,64,1,0
BRDA:672,65,0,0
BRDA:672,65,1,0
BRDA:677,66,0,0
BRDA:677,66,1,0
BRDA:678,67,0,0
BRDA:678,67,1,0
BRDA:691,68,0,0
BRDA:691,68,1,0
BRDA:695,69,0,0
BRDA:695,69,1,0
BRDA:700,70,0,0
BRDA:700,70,1,0
BRDA:701,71,0,0
BRDA:701,71,1,0
BRDA:705,72,0,0
BRDA:705,72,1,0
BRDA:707,73,0,0
BRDA:707,73,1,0
BRDA:708,74,0,0
BRDA:708,74,1,0
BRDA:709,75,0,0
BRDA:709,75,1,0
BRDA:712,76,0,0
BRDA:712,76,1,0
BRDA:715,77,0,0
BRDA:715,77,1,0
BRDA:722,78,0,0
BRDA:722,78,1,0
BRDA:730,79,0,0
BRDA:730,79,1,0
BRDA:735,80,0,0
BRDA:735,80,1,0
BRDA:748,81,0,0
BRDA:748,81,1,0
BRDA:749,82,0,0
BRDA:749,82,1,0
BRDA:754,83,0,0
BRDA:754,83,1,0
BRDA:758,84,0,0
BRDA:758,84,1,0
BRDA:780,85,0,8
BRDA:780,85,1,4
BRDA:780,85,2,0
BRDA:782,86,0,8
BRDA:782,86,1,8
BRDA:782,86,2,0
BRDA:783,87,0,8
BRDA:783,87,1,8
BRDA:1033,88,0,0
BRDA:1033,88,1,0
BRDA:1089,89,0,0
BRDA:1089,89,1,0
BRDA:1092,90,0,0
BRDA:1092,90,1,0
BRDA:1124,91,0,0
BRDA:1124,91,1,0
BRDA:1152,92,0,0
BRDA:1152,92,1,0
BRDA:1157,93,0,0
BRDA:1157,93,1,0
BRDA:1176,94,0,0
BRDA:1176,94,1,0
BRDA:1194,95,0,0
BRDA:1194,95,1,0
BRDA:1197,96,0,0
BRDA:1197,96,1,0
BRDA:1202,97,0,0
BRDA:1202,97,1,0
BRDA:1257,98,0,0
BRDA:1257,98,1,8
BRDA:1257,99,0,8
BRDA:1257,99,1,0
BRDA:1257,99,2,0
BRDA:1260,100,0,8
BRDA:1260,100,1,0
BRDA:1260,100,2,0
BRDA:1260,100,3,0
BRDA:1260,100,4,0
BRDA:1260,100,5,0
BRDA:1260,100,6,0
BRDA:1260,100,7,0
BRDA:1296,101,0,8
BRDA:1296,101,1,0
BRDA:1300,102,0,8
BRDA:1300,102,1,0
BRF:219
BRH:37
end_of_record
TN:
SF:src\screens\Onboarding.tsx
FN:51,Onboarding
FN:63,(anonymous_1)
FN:68,(anonymous_2)
FN:71,(anonymous_3)
FN:80,(anonymous_4)
FN:85,(anonymous_5)
FN:90,(anonymous_6)
FN:91,(anonymous_7)
FN:97,(anonymous_8)
FN:117,(anonymous_9)
FN:128,(anonymous_10)
FN:140,(anonymous_11)
FN:144,(anonymous_12)
FN:152,(anonymous_13)
FN:155,(anonymous_14)
FN:161,(anonymous_15)
FN:289,(anonymous_16)
FNF:17
FNH:14
FNDA:28,Onboarding
FNDA:9,(anonymous_1)
FNDA:9,(anonymous_2)
FNDA:8,(anonymous_3)
FNDA:1,(anonymous_4)
FNDA:9,(anonymous_5)
FNDA:9,(anonymous_6)
FNDA:9,(anonymous_7)
FNDA:11,(anonymous_8)
FNDA:0,(anonymous_9)
FNDA:0,(anonymous_10)
FNDA:0,(anonymous_11)
FNDA:15,(anonymous_12)
FNDA:1,(anonymous_13)
FNDA:3,(anonymous_14)
FNDA:9,(anonymous_15)
FNDA:57,(anonymous_16)
DA:37,1
DA:38,1
DA:39,1
DA:41,1
DA:52,28
DA:53,28
DA:54,28
DA:55,28
DA:56,28
DA:57,28
DA:58,28
DA:62,28
DA:63,28
DA:64,9
DA:68,28
DA:69,9
DA:70,9
DA:72,8
DA:73,8
DA:74,1
DA:75,1
DA:76,1
DA:78,7
DA:81,1
DA:83,1
DA:85,9
DA:86,9
DA:90,28
DA:91,9
DA:92,9
DA:96,28
DA:98,11
DA:102,11
DA:105,11
DA:106,11
DA:107,11
DA:108,11
DA:110,0
DA:111,0
DA:116,0
DA:117,0
DA:120,0
DA:121,0
DA:122,0
DA:127,0
DA:128,0
DA:131,0
DA:132,0
DA:140,28
DA:141,0
DA:144,28
DA:145,15
DA:146,11
DA:147,11
DA:149,4
DA:150,3
DA:151,3
DA:156,3
DA:160,28
DA:162,9
DA:225,28
DA:226,9
DA:229,19
DA:230,19
DA:232,19
DA:290,57
LF:66
LH:54
BRDA:72,0,0,0
BRDA:72,0,1,8
BRDA:72,1,0,8
BRDA:72,1,1,8
BRDA:73,2,0,1
BRDA:73,2,1,7
BRDA:81,3,0,0
BRDA:81,3,1,1
BRDA:98,4,0,0
BRDA:98,4,1,11
BRDA:98,5,0,11
BRDA:98,5,1,11
BRDA:105,6,0,11
BRDA:105,6,1,0
BRDA:120,7,0,0
BRDA:120,7,1,0
BRDA:120,8,0,0
BRDA:120,8,1,0
BRDA:131,9,0,0
BRDA:131,9,1,0
BRDA:131,10,0,0
BRDA:131,10,1,0
BRDA:145,11,0,11
BRDA:145,11,1,4
BRDA:149,12,0,1
BRDA:149,12,1,3
BRDA:225,13,0,9
BRDA:225,13,1,19
BRDA:230,14,0,5
BRDA:230,14,1,14
BRDA:236,15,0,8
BRDA:236,15,1,11
BRDA:255,16,0,6
BRDA:255,16,1,13
BRDA:269,17,0,5
BRDA:269,17,1,14
BRDA:292,18,0,19
BRDA:292,18,1,38
BRDA:298,19,0,11
BRDA:298,19,1,8
BRDA:313,20,0,5
BRDA:313,20,1,14
BRF:42
BRH:30
end_of_record
TN:
SF:src\screens\ProofDetail.tsx
FN:54,chunkHash
FN:62,formatAmount
FN:70,formatField
FN:77,isQueuedTx
FN:85,AudioPlayer
FN:91,(anonymous_5)
FN:95,(anonymous_6)
FN:107,(anonymous_7)
FN:134,(anonymous_8)
FN:145,(anonymous_9)
FN:167,(anonymous_10)
FN:249,NotFoundScreen
FN:256,(anonymous_12)
FN:285,ProofDetail
FN:293,(anonymous_14)
FN:294,(anonymous_15)
FN:295,(anonymous_16)
FN:298,(anonymous_17)
FN:298,(anonymous_18)
FN:313,(anonymous_19)
FN:390,(anonymous_20)
FN:410,(anonymous_21)
FN:433,(anonymous_22)
FN:443,(anonymous_23)
FN:463,(anonymous_24)
FN:485,(anonymous_25)
FN:588,(anonymous_26)
FN:604,(anonymous_27)
FNF:28
FNH:24
FNDA:15,chunkHash
FNDA:30,formatAmount
FNDA:60,formatField
FNDA:1,isQueuedTx
FNDA:7,AudioPlayer
FNDA:3,(anonymous_5)
FNDA:3,(anonymous_6)
FNDA:0,(anonymous_7)
FNDA:3,(anonymous_8)
FNDA:0,(anonymous_9)
FNDA:3,(anonymous_10)
FNDA:1,NotFoundScreen
FNDA:1,(anonymous_12)
FNDA:16,ProofDetail
FNDA:16,(anonymous_14)
FNDA:16,(anonymous_15)
FNDA:16,(anonymous_16)
FNDA:12,(anonymous_17)
FNDA:25,(anonymous_18)
FNDA:12,(anonymous_19)
FNDA:1,(anonymous_20)
FNDA:1,(anonymous_21)
FNDA:2,(anonymous_22)
FNDA:1,(anonymous_23)
FNDA:0,(anonymous_24)
FNDA:1,(anonymous_25)
FNDA:75,(anonymous_26)
FNDA:0,(anonymous_27)
DA:52,1
DA:55,15
DA:56,15
DA:57,75
DA:59,15
DA:63,30
DA:64,30
DA:71,60
DA:72,30
DA:73,30
DA:74,30
DA:78,1
DA:86,7
DA:87,7
DA:88,7
DA:89,7
DA:91,7
DA:92,3
DA:93,3
DA:95,3
DA:96,3
DA:99,3
DA:104,3
DA:108,0
DA:109,0
DA:110,0
DA:111,0
DA:112,0
DA:113,0
DA:114,0
DA:115,0
DA:116,0
DA:120,3
DA:121,0
DA:122,0
DA:124,3
DA:125,3
DA:127,0
DA:128,0
DA:134,3
DA:135,3
DA:136,3
DA:139,3
DA:140,3
DA:145,7
DA:146,0
DA:147,0
DA:148,0
DA:149,0
DA:150,0
DA:151,0
DA:152,0
DA:154,0
DA:155,0
DA:157,0
DA:158,0
DA:166,7
DA:168,3
DA:217,7
DA:219,7
DA:254,1
DA:255,1
DA:257,1
DA:272,1
DA:289,16
DA:290,16
DA:293,16
DA:294,16
DA:295,16
DA:297,16
DA:298,25
DA:302,16
DA:303,16
DA:309,16
DA:310,16
DA:312,16
DA:314,12
DA:390,16
DA:391,1
DA:392,1
DA:393,1
DA:394,1
DA:395,1
DA:396,1
DA:397,1
DA:398,1
DA:399,1
DA:401,0
DA:402,0
DA:403,0
DA:405,1
DA:406,1
DA:410,16
DA:411,1
DA:412,1
DA:413,1
DA:414,1
DA:415,1
DA:416,1
DA:417,1
DA:418,1
DA:419,1
DA:422,1
DA:424,0
DA:425,0
DA:426,0
DA:428,1
DA:429,1
DA:433,16
DA:434,2
DA:435,2
DA:444,1
DA:445,1
DA:446,1
DA:447,1
DA:450,0
DA:451,0
DA:454,0
DA:462,16
DA:463,1
DA:466,15
DA:467,15
DA:469,15
DA:472,15
DA:478,15
DA:486,1
DA:487,1
DA:489,0
DA:589,75
DA:605,0
DA:606,0
DA:607,0
DA:608,0
DA:610,0
DA:613,0
DA:616,0
DA:617,0
LF:137
LH:95
BRDA:63,0,0,0
BRDA:63,0,1,30
BRDA:63,1,0,30
BRDA:63,1,1,30
BRDA:71,2,0,30
BRDA:71,2,1,30
BRDA:71,3,0,60
BRDA:71,3,1,30
BRDA:72,4,0,0
BRDA:72,4,1,30
BRDA:74,5,0,30
BRDA:74,5,1,0
BRDA:108,6,0,0
BRDA:108,6,1,0
BRDA:109,7,0,0
BRDA:109,7,1,0
BRDA:111,8,0,0
BRDA:111,8,1,0
BRDA:112,9,0,0
BRDA:112,9,1,0
BRDA:113,10,0,0
BRDA:113,10,1,0
BRDA:114,11,0,0
BRDA:114,11,1,0
BRDA:120,12,0,0
BRDA:120,12,1,3
BRDA:127,13,0,0
BRDA:127,13,1,0
BRDA:136,14,0,3
BRDA:136,14,1,0
BRDA:146,15,0,0
BRDA:146,15,1,0
BRDA:149,16,0,0
BRDA:149,16,1,0
BRDA:150,17,0,0
BRDA:150,17,1,0
BRDA:154,18,0,0
BRDA:154,18,1,0
BRDA:154,19,0,0
BRDA:154,19,1,0
BRDA:224,20,0,0
BRDA:224,20,1,7
BRDA:226,21,0,0
BRDA:226,21,1,7
BRDA:229,22,0,7
BRDA:229,22,1,4
BRDA:231,23,0,0
BRDA:231,23,1,7
BRDA:233,24,0,0
BRDA:233,24,1,7
BRDA:391,25,0,0
BRDA:391,25,1,1
BRDA:392,26,0,0
BRDA:392,26,1,1
BRDA:401,27,0,0
BRDA:401,27,1,0
BRDA:411,28,0,0
BRDA:411,28,1,1
BRDA:412,29,0,0
BRDA:412,29,1,1
BRDA:419,30,0,0
BRDA:419,30,1,1
BRDA:424,31,0,0
BRDA:424,31,1,0
BRDA:434,32,0,0
BRDA:434,32,1,2
BRDA:450,33,0,0
BRDA:450,33,1,0
BRDA:462,34,0,1
BRDA:462,34,1,15
BRDA:469,35,0,8
BRDA:469,35,1,7
BRDA:469,36,0,15
BRDA:469,36,1,8
BRDA:472,37,0,8
BRDA:472,37,1,7
BRDA:474,38,0,5
BRDA:474,38,1,2
BRDA:486,39,0,1
BRDA:486,39,1,0
BRDA:509,40,0,5
BRDA:509,40,1,10
BRDA:523,41,0,15
BRDA:523,41,1,0
BRDA:523,42,0,15
BRDA:523,42,1,15
BRDA:600,43,0,8
BRDA:600,43,1,7
BRDA:607,44,0,0
BRDA:607,44,1,0
BRDA:613,45,0,0
BRDA:613,45,1,0
BRDA:631,46,0,5
BRDA:631,46,1,2
BRDA:643,47,0,1
BRDA:643,47,1,14
BRDA:649,48,0,7
BRDA:649,48,1,8
BRDA:652,49,0,1
BRDA:652,49,1,6
BRDA:654,50,0,4
BRDA:654,50,1,2
BRF:102
BRH:51
end_of_record
TN:
SF:src\state\workStore.ts
FN:23,errorMessage
FN:33,sortNewestFirst
FN:34,(anonymous_2)
FN:41,(anonymous_3)
FN:47,(anonymous_4)
FN:57,(anonymous_5)
FN:60,(anonymous_6)
FN:66,(anonymous_7)
FN:74,(anonymous_8)
FN:78,(anonymous_9)
FN:85,(anonymous_10)
FN:93,(anonymous_11)
FN:105,(anonymous_12)
FNF:13
FNH:13
FNDA:3,errorMessage
FNDA:4,sortNewestFirst
FNDA:4,(anonymous_2)
FNDA:1,(anonymous_3)
FNDA:4,(anonymous_4)
FNDA:2,(anonymous_5)
FNDA:2,(anonymous_6)
FNDA:2,(anonymous_7)
FNDA:2,(anonymous_8)
FNDA:4,(anonymous_9)
FNDA:2,(anonymous_10)
FNDA:1,(anonymous_11)
FNDA:1,(anonymous_12)
DA:24,3
DA:25,0
DA:26,0
DA:27,0
DA:29,0
DA:34,4
DA:35,4
DA:36,4
DA:37,4
DA:41,1
DA:48,4
DA:49,4
DA:50,4
DA:51,2
DA:53,2
DA:58,2
DA:59,2
DA:60,2
DA:61,2
DA:62,1
DA:64,1
DA:66,2
DA:67,2
DA:69,0
DA:70,0
DA:75,2
DA:76,2
DA:77,2
DA:78,4
DA:80,0
DA:81,0
DA:86,2
DA:87,2
DA:88,2
DA:92,1
DA:94,1
DA:100,1
DA:101,1
DA:105,1
LF:39
LH:31
BRDA:24,0,0,3
BRDA:24,0,1,0
BRDA:25,1,0,0
BRDA:25,1,1,0
BRDA:35,2,0,4
BRDA:35,2,1,0
BRDA:36,3,0,4
BRDA:36,3,1,1
BRDA:61,4,0,1
BRDA:61,4,1,1
BRDA:94,5,0,1
BRDA:94,5,1,0
BRF:12
BRH:7
end_of_record
TN:
SF:src\theme\SurfaceContext.tsx
FN:22,SurfaceProvider
FN:32,useSurface
FNF:2
FNH:2
FNDA:147,SurfaceProvider
FNDA:27,useSurface
DA:20,7
DA:29,147
DA:33,27
LF:3
LH:3
BRF:0
BRH:0
end_of_record
TN:
SF:src\theme\ThemeProvider.tsx
FN:42,ThemeProvider
FN:43,(anonymous_1)
FN:47,useTheme
FNF:3
FNH:3
FNDA:112,ThemeProvider
FNDA:107,(anonymous_1)
FNDA:579,useTheme
DA:23,12
DA:35,12
DA:43,112
DA:44,112
DA:48,579
LF:5
LH:5
BRDA:43,0,0,107
BRDA:43,0,1,107
BRF:2
BRH:2
end_of_record
TN:
SF:src\theme\tokens.ts
FN:80,(anonymous_0)
FNF:1
FNH:1
FNDA:39,(anonymous_0)
DA:8,13
DA:44,13
DA:56,13
DA:67,13
DA:73,13
DA:80,13
DA:86,39
DA:96,13
DA:104,13
DA:116,13
LF:10
LH:10
BRF:0
BRH:0
end_of_record
TN:
SF:src\theme\typography.ts
FNF:0
FNH:0
DA:18,13
DA:30,13
LF:2
LH:2
BRF:0
BRH:0
end_of_record
TN:
SF:src\theme\useHaptics.ts
FN:42,loadHaptics
FN:58,safeCall
FN:65,(anonymous_2)
FN:83,useHaptics
FN:84,(anonymous_4)
FN:90,(anonymous_5)
FN:107,(anonymous_6)
FN:108,(anonymous_7)
FN:110,(anonymous_8)
FN:112,(anonymous_9)
FN:114,(anonymous_10)
FN:116,(anonymous_11)
FN:119,(anonymous_12)
FN:122,(anonymous_13)
FN:125,(anonymous_14)
FN:128,(anonymous_15)
FN:131,(anonymous_16)
FNF:17
FNH:15
FNDA:278,loadHaptics
FNDA:51,safeCall
FNDA:0,(anonymous_2)
FNDA:355,useHaptics
FNDA:278,(anonymous_4)
FNDA:0,(anonymous_5)
FNDA:10,(anonymous_6)
FNDA:29,(anonymous_7)
FNDA:29,(anonymous_8)
FNDA:6,(anonymous_9)
FNDA:6,(anonymous_10)
FNDA:2,(anonymous_11)
FNDA:2,(anonymous_12)
FNDA:2,(anonymous_13)
FNDA:2,(anonymous_14)
FNDA:2,(anonymous_15)
FNDA:2,(anonymous_16)
DA:43,278
DA:44,269
DA:46,9
DA:48,9
DA:49,9
DA:53,0
DA:55,9
DA:59,51
DA:60,51
DA:61,51
DA:64,51
DA:65,44
DA:84,355
DA:85,278
DA:87,278
DA:90,0
DA:93,0
DA:103,278
DA:104,278
DA:106,278
DA:107,10
DA:109,29
DA:110,29
DA:113,6
DA:114,6
DA:117,2
DA:119,2
DA:123,2
DA:125,2
DA:129,2
DA:131,2
LF:31
LH:28
BRDA:43,0,0,269
BRDA:43,0,1,9
BRDA:49,1,0,9
BRDA:49,1,1,0
BRDA:59,2,0,0
BRDA:59,2,1,51
BRDA:64,3,0,44
BRDA:64,3,1,7
BRDA:64,4,0,51
BRDA:64,4,1,44
BRDA:87,5,0,0
BRDA:87,5,1,278
BRDA:103,6,0,278
BRDA:103,6,1,0
BRDA:104,7,0,278
BRDA:104,7,1,15
BRDA:110,8,0,29
BRDA:110,8,1,0
BRDA:114,9,0,6
BRDA:114,9,1,0
BRDA:118,10,0,2
BRDA:118,10,1,0
BRDA:124,11,0,2
BRDA:124,11,1,0
BRDA:130,12,0,2
BRDA:130,12,1,0
BRF:26
BRH:17
end_of_record
TN:
SF:src\theme\useReducedMotion.ts
FN:10,useReducedMotion
FN:13,(anonymous_1)
FN:17,(anonymous_2)
FN:20,(anonymous_3)
FN:26,(anonymous_4)
FN:31,(anonymous_5)
FNF:6
FNH:5
FNDA:270,useReducedMotion
FNDA:214,(anonymous_1)
FNDA:213,(anonymous_2)
FNDA:1,(anonymous_3)
FNDA:0,(anonymous_4)
FNDA:214,(anonymous_5)
DA:11,270
DA:13,270
DA:14,214
DA:16,214
DA:18,213
DA:24,214
DA:27,0
DA:31,214
DA:32,214
DA:33,214
DA:37,270
LF:11
LH:10
BRDA:18,0,0,206
BRDA:18,0,1,7
BRDA:27,1,0,0
BRDA:27,1,1,0
BRF:4
BRH:2
end_of_record
TN:
SF:src\utils\record.ts
FN:14,isAnchored
FN:26,isQueuedAnchor
FN:38,shortHash
FN:51,chunkHash
FN:64,chunkHashJoined
FN:69,formatRecordAmount
FNF:6
FNH:4
FNDA:57,isAnchored
FNDA:15,isQueuedAnchor
FNDA:22,shortHash
FNDA:0,chunkHash
FNDA:0,chunkHashJoined
FNDA:44,formatRecordAmount
DA:15,57
DA:27,15
DA:32,3
DA:39,22
DA:40,22
DA:41,22
DA:43,22
DA:44,22
DA:52,0
DA:53,0
DA:54,0
DA:55,0
DA:57,0
DA:65,0
DA:70,44
DA:71,44
DA:72,44
DA:73,44
LF:18
LH:12
BRDA:16,0,0,57
BRDA:16,0,1,31
BRDA:16,0,2,31
BRDA:28,1,0,15
BRDA:28,1,1,13
BRDA:39,2,0,0
BRDA:39,2,1,22
BRDA:41,3,0,22
BRDA:41,3,1,0
BRDA:43,4,0,22
BRDA:43,4,1,0
BRDA:44,5,0,22
BRDA:44,5,1,0
BRDA:51,6,0,0
BRDA:52,7,0,0
BRDA:52,7,1,0
BRDA:52,8,0,0
BRDA:52,8,1,0
BRDA:64,9,0,0
BRDA:64,10,0,0
BRDA:70,11,0,44
BRDA:70,11,1,0
BRDA:71,12,0,44
BRDA:71,12,1,0
BRF:24
BRH:11
end_of_record
